<?xml version="1.0" encoding="UTF-8"?>
<testsuite name="guru.springframework.Spring5RecipeAppApplicationTests" tests="1" skipped="0" failures="0" errors="0" timestamp="2021-11-15T23:22:08" hostname="AMCEINF19" time="0.368">
  <properties/>
  <testcase name="contextLoads()" classname="guru.springframework.Spring5RecipeAppApplicationTests" time="0.368"/>
  <system-out><![CDATA[20:22:03.556 [Test worker] DEBUG org.springframework.test.context.BootstrapUtils - Instantiating CacheAwareContextLoaderDelegate from class [org.springframework.test.context.cache.DefaultCacheAwareContextLoaderDelegate]
20:22:03.589 [Test worker] DEBUG org.springframework.test.context.BootstrapUtils - Instantiating BootstrapContext using constructor [public org.springframework.test.context.support.DefaultBootstrapContext(java.lang.Class,org.springframework.test.context.CacheAwareContextLoaderDelegate)]
20:22:03.648 [Test worker] DEBUG org.springframework.test.context.BootstrapUtils - Instantiating TestContextBootstrapper for test class [guru.springframework.Spring5RecipeAppApplicationTests] from class [org.springframework.boot.test.context.SpringBootTestContextBootstrapper]
20:22:03.666 [Test worker] INFO org.springframework.boot.test.context.SpringBootTestContextBootstrapper - Neither @ContextConfiguration nor @ContextHierarchy found for test class [guru.springframework.Spring5RecipeAppApplicationTests], using SpringBootContextLoader
20:22:03.674 [Test worker] DEBUG org.springframework.test.context.support.AbstractContextLoader - Did not detect default resource location for test class [guru.springframework.Spring5RecipeAppApplicationTests]: class path resource [guru/springframework/Spring5RecipeAppApplicationTests-context.xml] does not exist
20:22:03.675 [Test worker] DEBUG org.springframework.test.context.support.AbstractContextLoader - Did not detect default resource location for test class [guru.springframework.Spring5RecipeAppApplicationTests]: class path resource [guru/springframework/Spring5RecipeAppApplicationTestsContext.groovy] does not exist
20:22:03.677 [Test worker] INFO org.springframework.test.context.support.AbstractContextLoader - Could not detect default resource locations for test class [guru.springframework.Spring5RecipeAppApplicationTests]: no resource found for suffixes {-context.xml, Context.groovy}.
20:22:03.679 [Test worker] INFO org.springframework.test.context.support.AnnotationConfigContextLoaderUtils - Could not detect default configuration classes for test class [guru.springframework.Spring5RecipeAppApplicationTests]: Spring5RecipeAppApplicationTests does not declare any static, non-private, non-final, nested classes annotated with @Configuration.
20:22:03.762 [Test worker] DEBUG org.springframework.test.context.support.ActiveProfilesUtils - Could not find an 'annotation declaring class' for annotation type [org.springframework.test.context.ActiveProfiles] and class [guru.springframework.Spring5RecipeAppApplicationTests]
20:22:03.856 [Test worker] DEBUG org.springframework.context.annotation.ClassPathScanningCandidateComponentProvider - Identified candidate component class: file [/home/berkson/git/spring5-mongo-recipe-app/build/classes/java/main/guru/springframework/Spring5MongoRecipeAppApplication.class]
20:22:03.857 [Test worker] INFO org.springframework.boot.test.context.SpringBootTestContextBootstrapper - Found @SpringBootConfiguration guru.springframework.Spring5MongoRecipeAppApplication for test class guru.springframework.Spring5RecipeAppApplicationTests
20:22:04.004 [Test worker] DEBUG org.springframework.boot.test.context.SpringBootTestContextBootstrapper - @TestExecutionListeners is not present for class [guru.springframework.Spring5RecipeAppApplicationTests]: using defaults.
20:22:04.005 [Test worker] INFO org.springframework.boot.test.context.SpringBootTestContextBootstrapper - Loaded default TestExecutionListener class names from location [META-INF/spring.factories]: [org.springframework.boot.test.autoconfigure.restdocs.RestDocsTestExecutionListener, org.springframework.boot.test.autoconfigure.web.client.MockRestServiceServerResetTestExecutionListener, org.springframework.boot.test.autoconfigure.web.servlet.MockMvcPrintOnlyOnFailureTestExecutionListener, org.springframework.boot.test.autoconfigure.web.servlet.WebDriverTestExecutionListener, org.springframework.boot.test.autoconfigure.webservices.client.MockWebServiceServerTestExecutionListener, org.springframework.boot.test.mock.mockito.MockitoTestExecutionListener, org.springframework.boot.test.mock.mockito.ResetMocksTestExecutionListener, org.springframework.test.context.web.ServletTestExecutionListener, org.springframework.test.context.support.DirtiesContextBeforeModesTestExecutionListener, org.springframework.test.context.event.ApplicationEventsTestExecutionListener, org.springframework.test.context.support.DependencyInjectionTestExecutionListener, org.springframework.test.context.support.DirtiesContextTestExecutionListener, org.springframework.test.context.transaction.TransactionalTestExecutionListener, org.springframework.test.context.jdbc.SqlScriptsTestExecutionListener, org.springframework.test.context.event.EventPublishingTestExecutionListener]
20:22:04.034 [Test worker] INFO org.springframework.boot.test.context.SpringBootTestContextBootstrapper - Using TestExecutionListeners: [org.springframework.test.context.web.ServletTestExecutionListener@60610029, org.springframework.test.context.support.DirtiesContextBeforeModesTestExecutionListener@6aa5220e, org.springframework.test.context.event.ApplicationEventsTestExecutionListener@1ae8776d, org.springframework.boot.test.mock.mockito.MockitoTestExecutionListener@13ea3c6c, org.springframework.boot.test.autoconfigure.SpringBootDependencyInjectionTestExecutionListener@7be21670, org.springframework.test.context.support.DirtiesContextTestExecutionListener@3814fe50, org.springframework.test.context.transaction.TransactionalTestExecutionListener@611eb520, org.springframework.test.context.jdbc.SqlScriptsTestExecutionListener@2355ec33, org.springframework.test.context.event.EventPublishingTestExecutionListener@486f2fbf, org.springframework.boot.test.autoconfigure.restdocs.RestDocsTestExecutionListener@5716be9c, org.springframework.boot.test.autoconfigure.web.client.MockRestServiceServerResetTestExecutionListener@4335a6eb, org.springframework.boot.test.autoconfigure.web.servlet.MockMvcPrintOnlyOnFailureTestExecutionListener@4f8deeca, org.springframework.boot.test.autoconfigure.web.servlet.WebDriverTestExecutionListener@7eae3253, org.springframework.boot.test.autoconfigure.webservices.client.MockWebServiceServerTestExecutionListener@1c2e9144, org.springframework.boot.test.mock.mockito.ResetMocksTestExecutionListener@72c27ed4]
20:22:04.039 [Test worker] DEBUG org.springframework.test.context.support.AbstractDirtiesContextTestExecutionListener - Before test class: context [DefaultTestContext@7af46bc3 testClass = Spring5RecipeAppApplicationTests, testInstance = [null], testMethod = [null], testException = [null], mergedContextConfiguration = [WebMergedContextConfiguration@3ffe30bc testClass = Spring5RecipeAppApplicationTests, locations = '{}', classes = '{class guru.springframework.Spring5MongoRecipeAppApplication}', contextInitializerClasses = '[]', activeProfiles = '{}', propertySourceLocations = '{}', propertySourceProperties = '{org.springframework.boot.test.context.SpringBootTestContextBootstrapper=true}', contextCustomizers = set[org.springframework.boot.test.autoconfigure.actuate.metrics.MetricsExportContextCustomizerFactory$DisableMetricExportContextCustomizer@69041779, org.springframework.boot.test.autoconfigure.properties.PropertyMappingContextCustomizer@0, org.springframework.boot.test.autoconfigure.web.servlet.WebDriverContextCustomizerFactory$Customizer@3f75d88c, org.springframework.boot.test.context.filter.ExcludeFilterContextCustomizer@21429f0a, org.springframework.boot.test.json.DuplicateJsonObjectContextCustomizerFactory$DuplicateJsonObjectContextCustomizer@3bb55904, org.springframework.boot.test.mock.mockito.MockitoContextCustomizer@0, org.springframework.boot.test.web.client.TestRestTemplateContextCustomizer@7f3b8c3d, org.springframework.boot.test.context.SpringBootTestArgs@1, org.springframework.boot.test.context.SpringBootTestWebEnvironment@6c17d844], resourceBasePath = 'src/main/webapp', contextLoader = 'org.springframework.boot.test.context.SpringBootContextLoader', parent = [null]], attributes = map['org.springframework.test.context.web.ServletTestExecutionListener.activateListener' -> true]], class annotated with @DirtiesContext [false] with mode [null].
20:22:04.083 [Test worker] DEBUG org.springframework.test.context.support.TestPropertySourceUtils - Adding inlined properties to environment: {spring.jmx.enabled=false, org.springframework.boot.test.context.SpringBootTestContextBootstrapper=true}

  .   ____          _            __ _ _
 /\\ / ___'_ __ _ _(_)_ __  __ _ \ \ \ \
( ( )\___ | '_ | '_| | '_ \/ _` | \ \ \ \
 \\/  ___)| |_)| | | | | || (_| |  ) ) ) )
  '  |____| .__|_| |_|_| |_\__, | / / / /
 =========|_|==============|___/=/_/_/_/
 :: Spring Boot ::                (v2.5.5)

2021-11-15 20:22:04.465  INFO 74250 --- [    Test worker] g.s.Spring5RecipeAppApplicationTests     : Starting Spring5RecipeAppApplicationTests using Java 11.0.11 on AMCEINF19 with PID 74250 (started by berkson in /home/berkson/git/spring5-mongo-recipe-app)
2021-11-15 20:22:04.467 DEBUG 74250 --- [    Test worker] g.s.Spring5RecipeAppApplicationTests     : Running with Spring Boot v2.5.5, Spring v5.3.10
2021-11-15 20:22:04.468  INFO 74250 --- [    Test worker] g.s.Spring5RecipeAppApplicationTests     : The following profiles are active: reactive
2021-11-15 20:22:05.451  INFO 74250 --- [    Test worker] .s.d.r.c.RepositoryConfigurationDelegate : Bootstrapping Spring Data Reactive MongoDB repositories in DEFAULT mode.
2021-11-15 20:22:05.669  INFO 74250 --- [    Test worker] .s.d.r.c.RepositoryConfigurationDelegate : Finished Spring Data repository scanning in 213 ms. Found 3 Reactive MongoDB repository interfaces.
2021-11-15 20:22:05.676  INFO 74250 --- [    Test worker] .s.d.r.c.RepositoryConfigurationDelegate : Bootstrapping Spring Data MongoDB repositories in DEFAULT mode.
2021-11-15 20:22:05.688  INFO 74250 --- [    Test worker] .s.d.r.c.RepositoryConfigurationDelegate : Finished Spring Data repository scanning in 12 ms. Found 3 MongoDB repository interfaces.
2021-11-15 20:22:06.246  INFO 74250 --- [       Thread-6] o.s.b.a.mongo.embedded.EmbeddedMongo     : note: noprealloc may hurt performance in many applications
2021-11-15 20:22:06.252  INFO 74250 --- [       Thread-6] o.s.b.a.mongo.embedded.EmbeddedMongo     : 2021-11-15T20:22:06.246-0300 I CONTROL  [initandlisten] MongoDB starting : pid=74294 port=40579 dbpath=/tmp/embedmongo-db-e1ad8482-0c7e-4bcc-9416-9a1d6cc211b9 64-bit host=AMCEINF19
2021-11-15 20:22:06.252  INFO 74250 --- [       Thread-6] o.s.b.a.mongo.embedded.EmbeddedMongo     : 2021-11-15T20:22:06.246-0300 I CONTROL  [initandlisten] db version v3.5.5
2021-11-15 20:22:06.252  INFO 74250 --- [       Thread-6] o.s.b.a.mongo.embedded.EmbeddedMongo     : 2021-11-15T20:22:06.246-0300 I CONTROL  [initandlisten] git version: 98515c812b6fa893613f063dae568ff8319cbfbd
2021-11-15 20:22:06.252  INFO 74250 --- [       Thread-6] o.s.b.a.mongo.embedded.EmbeddedMongo     : 2021-11-15T20:22:06.246-0300 I CONTROL  [initandlisten] allocator: tcmalloc
2021-11-15 20:22:06.252  INFO 74250 --- [       Thread-6] o.s.b.a.mongo.embedded.EmbeddedMongo     : 2021-11-15T20:22:06.246-0300 I CONTROL  [initandlisten] modules: none
2021-11-15 20:22:06.253  INFO 74250 --- [       Thread-6] o.s.b.a.mongo.embedded.EmbeddedMongo     : 2021-11-15T20:22:06.246-0300 I CONTROL  [initandlisten] build environment:
2021-11-15 20:22:06.253  INFO 74250 --- [       Thread-6] o.s.b.a.mongo.embedded.EmbeddedMongo     : 2021-11-15T20:22:06.246-0300 I CONTROL  [initandlisten]     distarch: x86_64
2021-11-15 20:22:06.253  INFO 74250 --- [       Thread-6] o.s.b.a.mongo.embedded.EmbeddedMongo     : 2021-11-15T20:22:06.246-0300 I CONTROL  [initandlisten]     target_arch: x86_64
2021-11-15 20:22:06.253  INFO 74250 --- [       Thread-6] o.s.b.a.mongo.embedded.EmbeddedMongo     : 2021-11-15T20:22:06.246-0300 I CONTROL  [initandlisten] options: { net: { bindIp: "127.0.0.1", http: { enabled: false }, port: 40579 }, security: { authorization: "disabled" }, storage: { dbPath: "/tmp/embedmongo-db-e1ad8482-0c7e-4bcc-9416-9a1d6cc211b9", journal: { enabled: false }, mmapv1: { preallocDataFiles: false, smallFiles: true }, syncPeriodSecs: 0.0 } }
2021-11-15 20:22:06.253  INFO 74250 --- [       Thread-6] o.s.b.a.mongo.embedded.EmbeddedMongo     : 2021-11-15T20:22:06.250-0300 I STORAGE  [initandlisten] 
2021-11-15 20:22:06.279  INFO 74250 --- [       Thread-6] o.s.b.a.mongo.embedded.EmbeddedMongo     : 2021-11-15T20:22:06.250-0300 I STORAGE  [initandlisten] ** WARNING: Using the XFS filesystem is strongly recommended with the WiredTiger storage engine
2021-11-15 20:22:06.280  INFO 74250 --- [       Thread-6] o.s.b.a.mongo.embedded.EmbeddedMongo     : 2021-11-15T20:22:06.250-0300 I STORAGE  [initandlisten] **          See http://dochub.mongodb.org/core/prodnotes-filesystem
2021-11-15 20:22:06.280  INFO 74250 --- [       Thread-6] o.s.b.a.mongo.embedded.EmbeddedMongo     : 2021-11-15T20:22:06.250-0300 I STORAGE  [initandlisten] wiredtiger_open config: create,cache_size=15478M,session_max=20000,eviction=(threads_min=4,threads_max=4),config_base=false,statistics=(fast),log=(enabled=true,archive=true,path=journal,compressor=snappy),file_manager=(close_idle_time=100000),checkpoint=(wait=0,log_size=2GB),statistics_log=(wait=0),verbose=(recovery_progress),,log=(enabled=false),
2021-11-15 20:22:06.340  INFO 74250 --- [       Thread-6] o.s.b.a.mongo.embedded.EmbeddedMongo     : 2021-11-15T20:22:06.340-0300 W STORAGE  [initandlisten] Detected configuration for non-active storage engine mmapv1 when current storage engine is wiredTiger
2021-11-15 20:22:06.340  INFO 74250 --- [       Thread-6] o.s.b.a.mongo.embedded.EmbeddedMongo     : 2021-11-15T20:22:06.340-0300 I CONTROL  [initandlisten] 
2021-11-15 20:22:06.341  INFO 74250 --- [       Thread-6] o.s.b.a.mongo.embedded.EmbeddedMongo     : 2021-11-15T20:22:06.340-0300 I CONTROL  [initandlisten] ** NOTE: This is a development version (3.5.5) of MongoDB.
2021-11-15 20:22:06.341  INFO 74250 --- [       Thread-6] o.s.b.a.mongo.embedded.EmbeddedMongo     : 2021-11-15T20:22:06.340-0300 I CONTROL  [initandlisten] **       Not recommended for production.
2021-11-15 20:22:06.341  INFO 74250 --- [       Thread-6] o.s.b.a.mongo.embedded.EmbeddedMongo     : 2021-11-15T20:22:06.340-0300 I CONTROL  [initandlisten] 
2021-11-15 20:22:06.341  INFO 74250 --- [       Thread-6] o.s.b.a.mongo.embedded.EmbeddedMongo     : 2021-11-15T20:22:06.340-0300 I CONTROL  [initandlisten] 
2021-11-15 20:22:06.341  INFO 74250 --- [       Thread-6] o.s.b.a.mongo.embedded.EmbeddedMongo     : 2021-11-15T20:22:06.340-0300 I CONTROL  [initandlisten] ** WARNING: soft rlimits too low. rlimits set to 127677 processes, 1048576 files. Number of processes should be at least 524288 : 0.5 times number of files.
2021-11-15 20:22:06.363  INFO 74250 --- [       Thread-6] o.s.b.a.mongo.embedded.EmbeddedMongo     : 2021-11-15T20:22:06.362-0300 I FTDC     [initandlisten] Initializing full-time diagnostic data capture with directory '/tmp/embedmongo-db-e1ad8482-0c7e-4bcc-9416-9a1d6cc211b9/diagnostic.data'
2021-11-15 20:22:06.397  INFO 74250 --- [       Thread-6] o.s.b.a.mongo.embedded.EmbeddedMongo     : 2021-11-15T20:22:06.396-0300 I INDEX    [initandlisten] build index on: admin.system.version properties: { v: 2, key: { version: 1 }, name: "incompatible_with_version_32", ns: "admin.system.version" }
2021-11-15 20:22:06.397  INFO 74250 --- [       Thread-6] o.s.b.a.mongo.embedded.EmbeddedMongo     : 2021-11-15T20:22:06.396-0300 I INDEX    [initandlisten] 	 building index using bulk method; build may temporarily use up to 500 megabytes of RAM
2021-11-15 20:22:06.397  INFO 74250 --- [       Thread-6] o.s.b.a.mongo.embedded.EmbeddedMongo     : 2021-11-15T20:22:06.397-0300 I INDEX    [initandlisten] build index done.  scanned 0 total records. 0 secs
2021-11-15 20:22:06.397  INFO 74250 --- [       Thread-6] o.s.b.a.mongo.embedded.EmbeddedMongo     : 2021-11-15T20:22:06.397-0300 I COMMAND  [initandlisten] setting featureCompatibilityVersion to 3.4
2021-11-15 20:22:06.407  INFO 74250 --- [       Thread-6] o.s.b.a.mongo.embedded.EmbeddedMongo     : 2021-11-15T20:22:06.407-0300 I NETWORK  [thread1] waiting for connections on port 40579
2021-11-15 20:22:06.408  INFO 74250 --- [    Test worker] d.f.embed.mongo.MongodExecutable         : start MongodConfig{version=Version{3.5.5}, timeout=de.flapdoodle.embed.mongo.config.Timeout@2f7c18e1, net=de.flapdoodle.embed.mongo.config.Net@1082d63, cmdOptions=MongoCmdOptions{syncDelay=0, useDefaultSyncDelay=false, isVerbose=false, useNoPrealloc=true, useSmallFiles=true, useNoJournal=true, enableTextSearch=false, auth=false, master=false}, password=, userName=, replication=de.flapdoodle.embed.mongo.config.Storage@1eee797b, isConfigServer=false, isShardServer=false, processListener=de.flapdoodle.embed.mongo.config.processlistener.NoopProcessListener@224e9611, params={}, args={}, pidFile=mongod.pid, supportConfig=de.flapdoodle.embed.mongo.config.SupportConfig@6dba29a9}
2021-11-15 20:22:06.599  INFO 74250 --- [    Test worker] org.mongodb.driver.cluster               : Cluster created with settings {hosts=[localhost:40579], mode=SINGLE, requiredClusterType=UNKNOWN, serverSelectionTimeout='30000 ms'}
2021-11-15 20:22:06.666  INFO 74250 --- [       Thread-6] o.s.b.a.mongo.embedded.EmbeddedMongo     : 2021-11-15T20:22:06.666-0300 I NETWORK  [thread1] connection accepted from 127.0.0.1:37110 #1 (1 connection now open)
2021-11-15 20:22:06.667  INFO 74250 --- [       Thread-6] o.s.b.a.mongo.embedded.EmbeddedMongo     : 2021-11-15T20:22:06.667-0300 I NETWORK  [thread1] connection accepted from 127.0.0.1:37112 #2 (2 connections now open)
2021-11-15 20:22:06.689  INFO 74250 --- [       Thread-6] o.s.b.a.mongo.embedded.EmbeddedMongo     : 2021-11-15T20:22:06.689-0300 I NETWORK  [conn1] received client metadata from 127.0.0.1:37110 conn1: { driver: { name: "mongo-java-driver|reactive-streams|spring-boot", version: "4.2.3" }, os: { type: "Linux", name: "Linux", architecture: "amd64", version: "5.4.0-90-generic" }, platform: "Java/Ubuntu/11.0.11+9-Ubuntu-0ubuntu2.20.04" }
2021-11-15 20:22:06.697  INFO 74250 --- [       Thread-6] o.s.b.a.mongo.embedded.EmbeddedMongo     : 2021-11-15T20:22:06.697-0300 I NETWORK  [conn2] received client metadata from 127.0.0.1:37112 conn2: { driver: { name: "mongo-java-driver|reactive-streams|spring-boot", version: "4.2.3" }, os: { type: "Linux", name: "Linux", architecture: "amd64", version: "5.4.0-90-generic" }, platform: "Java/Ubuntu/11.0.11+9-Ubuntu-0ubuntu2.20.04" }
2021-11-15 20:22:06.720  INFO 74250 --- [    Test worker] org.mongodb.driver.cluster               : Cluster created with settings {hosts=[localhost:40579], mode=SINGLE, requiredClusterType=UNKNOWN, serverSelectionTimeout='30000 ms'}
2021-11-15 20:22:06.725  INFO 74250 --- [localhost:40579] org.mongodb.driver.connection            : Opened connection [connectionId{localValue:1, serverValue:2}] to localhost:40579
2021-11-15 20:22:06.725  INFO 74250 --- [localhost:40579] org.mongodb.driver.cluster               : Monitor thread successfully connected to server with description ServerDescription{address=localhost:40579, type=STANDALONE, state=CONNECTED, ok=true, minWireVersion=0, maxWireVersion=5, maxDocumentSize=16777216, logicalSessionTimeoutMinutes=null, roundTripTimeNanos=45719701}
2021-11-15 20:22:06.730  INFO 74250 --- [localhost:40579] org.mongodb.driver.connection            : Opened connection [connectionId{localValue:2, serverValue:1}] to localhost:40579
2021-11-15 20:22:06.742  INFO 74250 --- [       Thread-6] o.s.b.a.mongo.embedded.EmbeddedMongo     : 2021-11-15T20:22:06.741-0300 I NETWORK  [thread1] connection accepted from 127.0.0.1:37114 #3 (3 connections now open)
2021-11-15 20:22:06.742  INFO 74250 --- [       Thread-6] o.s.b.a.mongo.embedded.EmbeddedMongo     : 2021-11-15T20:22:06.742-0300 I NETWORK  [thread1] connection accepted from 127.0.0.1:37116 #4 (4 connections now open)
2021-11-15 20:22:06.749  INFO 74250 --- [       Thread-6] o.s.b.a.mongo.embedded.EmbeddedMongo     : 2021-11-15T20:22:06.749-0300 I NETWORK  [conn4] received client metadata from 127.0.0.1:37116 conn4: { driver: { name: "mongo-java-driver|sync|spring-boot", version: "4.2.3" }, os: { type: "Linux", name: "Linux", architecture: "amd64", version: "5.4.0-90-generic" }, platform: "Java/Ubuntu/11.0.11+9-Ubuntu-0ubuntu2.20.04" }
2021-11-15 20:22:06.754  INFO 74250 --- [localhost:40579] org.mongodb.driver.connection            : Opened connection [connectionId{localValue:4, serverValue:4}] to localhost:40579
2021-11-15 20:22:06.754  INFO 74250 --- [       Thread-6] o.s.b.a.mongo.embedded.EmbeddedMongo     : 2021-11-15T20:22:06.754-0300 I NETWORK  [conn3] received client metadata from 127.0.0.1:37114 conn3: { driver: { name: "mongo-java-driver|sync|spring-boot", version: "4.2.3" }, os: { type: "Linux", name: "Linux", architecture: "amd64", version: "5.4.0-90-generic" }, platform: "Java/Ubuntu/11.0.11+9-Ubuntu-0ubuntu2.20.04" }
2021-11-15 20:22:06.756  INFO 74250 --- [localhost:40579] org.mongodb.driver.connection            : Opened connection [connectionId{localValue:3, serverValue:3}] to localhost:40579
2021-11-15 20:22:06.759  INFO 74250 --- [localhost:40579] org.mongodb.driver.cluster               : Monitor thread successfully connected to server with description ServerDescription{address=localhost:40579, type=STANDALONE, state=CONNECTED, ok=true, minWireVersion=0, maxWireVersion=5, maxDocumentSize=16777216, logicalSessionTimeoutMinutes=null, roundTripTimeNanos=7756041}
2021-11-15 20:22:07.804  INFO 74250 --- [    Test worker] o.s.b.a.w.s.WelcomePageHandlerMapping    : Adding welcome page template: index
2021-11-15 20:22:08.091  INFO 74250 --- [       Thread-6] o.s.b.a.mongo.embedded.EmbeddedMongo     : 2021-11-15T20:22:08.091-0300 I NETWORK  [thread1] connection accepted from 127.0.0.1:37118 #5 (5 connections now open)
2021-11-15 20:22:08.096  INFO 74250 --- [       Thread-6] o.s.b.a.mongo.embedded.EmbeddedMongo     : 2021-11-15T20:22:08.096-0300 I NETWORK  [conn5] received client metadata from 127.0.0.1:37118 conn5: { driver: { name: "mongo-java-driver|reactive-streams|spring-boot", version: "4.2.3" }, os: { type: "Linux", name: "Linux", architecture: "amd64", version: "5.4.0-90-generic" }, platform: "Java/Ubuntu/11.0.11+9-Ubuntu-0ubuntu2.20.04" }
2021-11-15 20:22:08.099  INFO 74250 --- [      Thread-12] org.mongodb.driver.connection            : Opened connection [connectionId{localValue:5, serverValue:5}] to localhost:40579
2021-11-15 20:22:08.116 DEBUG 74250 --- [    Test worker] g.s.bootstrap.RecipeReactiveBootstrap    : loading cause is empty
2021-11-15 20:22:08.549 DEBUG 74250 --- [    Test worker] g.s.bootstrap.RecipeReactiveBootstrap    : Loading Bootstrap Data
2021-11-15 20:22:08.553  INFO 74250 --- [    Test worker] g.s.bootstrap.RecipeReactiveBootstrap    : Categories: 4
2021-11-15 20:22:08.555  INFO 74250 --- [    Test worker] g.s.bootstrap.RecipeReactiveBootstrap    : Recipes: 2
2021-11-15 20:22:08.558  INFO 74250 --- [    Test worker] g.s.bootstrap.RecipeReactiveBootstrap    : Units of Measure: 8
2021-11-15 20:22:08.563  INFO 74250 --- [    Test worker] g.s.Spring5RecipeAppApplicationTests     : Started Spring5RecipeAppApplicationTests in 4.47 seconds (JVM running for 6.119)
]]></system-out>
  <system-err><![CDATA[]]></system-err>
</testsuite>
