<?xml version="1.0" encoding="UTF-8"?>
<testsuite name="guru.springframework.repositories.reactive.RecipeReactiveRepositoryIT" tests="1" skipped="0" failures="0" errors="0" timestamp="2021-07-29T18:50:47" hostname="aspire5" time="0.048">
  <properties/>
  <testcase name="testSaveRecipe()" classname="guru.springframework.repositories.reactive.RecipeReactiveRepositoryIT" time="0.048"/>
  <system-out><![CDATA[2021-07-29 15:50:45.694  INFO 19425 --- [    Test worker] .b.t.c.SpringBootTestContextBootstrapper : Neither @ContextConfiguration nor @ContextHierarchy found for test class [guru.springframework.repositories.reactive.RecipeReactiveRepositoryIT], using SpringBootContextLoader
2021-07-29 15:50:45.695  INFO 19425 --- [    Test worker] o.s.t.c.support.AbstractContextLoader    : Could not detect default resource locations for test class [guru.springframework.repositories.reactive.RecipeReactiveRepositoryIT]: no resource found for suffixes {-context.xml, Context.groovy}.
2021-07-29 15:50:45.695  INFO 19425 --- [    Test worker] t.c.s.AnnotationConfigContextLoaderUtils : Could not detect default configuration classes for test class [guru.springframework.repositories.reactive.RecipeReactiveRepositoryIT]: RecipeReactiveRepositoryIT does not declare any static, non-private, non-final, nested classes annotated with @Configuration.
2021-07-29 15:50:45.701  INFO 19425 --- [    Test worker] .b.t.c.SpringBootTestContextBootstrapper : Found @SpringBootConfiguration guru.springframework.Spring5MongoRecipeAppApplication for test class guru.springframework.repositories.reactive.RecipeReactiveRepositoryIT
2021-07-29 15:50:45.713  INFO 19425 --- [    Test worker] .b.t.c.SpringBootTestContextBootstrapper : Loaded default TestExecutionListener class names from location [META-INF/spring.factories]: [org.springframework.boot.test.autoconfigure.restdocs.RestDocsTestExecutionListener, org.springframework.boot.test.autoconfigure.web.client.MockRestServiceServerResetTestExecutionListener, org.springframework.boot.test.autoconfigure.web.servlet.MockMvcPrintOnlyOnFailureTestExecutionListener, org.springframework.boot.test.autoconfigure.web.servlet.WebDriverTestExecutionListener, org.springframework.boot.test.autoconfigure.webservices.client.MockWebServiceServerTestExecutionListener, org.springframework.boot.test.mock.mockito.MockitoTestExecutionListener, org.springframework.boot.test.mock.mockito.ResetMocksTestExecutionListener, org.springframework.test.context.web.ServletTestExecutionListener, org.springframework.test.context.support.DirtiesContextBeforeModesTestExecutionListener, org.springframework.test.context.event.ApplicationEventsTestExecutionListener, org.springframework.test.context.support.DependencyInjectionTestExecutionListener, org.springframework.test.context.support.DirtiesContextTestExecutionListener, org.springframework.test.context.transaction.TransactionalTestExecutionListener, org.springframework.test.context.jdbc.SqlScriptsTestExecutionListener, org.springframework.test.context.event.EventPublishingTestExecutionListener]
2021-07-29 15:50:45.713  INFO 19425 --- [    Test worker] .b.t.c.SpringBootTestContextBootstrapper : Using TestExecutionListeners: [org.springframework.test.context.web.ServletTestExecutionListener@65fb3375, org.springframework.test.context.support.DirtiesContextBeforeModesTestExecutionListener@631bcd46, org.springframework.test.context.event.ApplicationEventsTestExecutionListener@570575e8, org.springframework.boot.test.mock.mockito.MockitoTestExecutionListener@613cd22, org.springframework.boot.test.autoconfigure.SpringBootDependencyInjectionTestExecutionListener@3acf260e, org.springframework.test.context.support.DirtiesContextTestExecutionListener@783adec, org.springframework.test.context.transaction.TransactionalTestExecutionListener@7bd532c1, org.springframework.test.context.jdbc.SqlScriptsTestExecutionListener@63b78a44, org.springframework.test.context.event.EventPublishingTestExecutionListener@200b3f6a, org.springframework.boot.test.autoconfigure.restdocs.RestDocsTestExecutionListener@3afd0a4a, org.springframework.boot.test.autoconfigure.web.client.MockRestServiceServerResetTestExecutionListener@68ec64ee, org.springframework.boot.test.autoconfigure.web.servlet.MockMvcPrintOnlyOnFailureTestExecutionListener@3756361d, org.springframework.boot.test.autoconfigure.web.servlet.WebDriverTestExecutionListener@4e5fbff2, org.springframework.boot.test.autoconfigure.webservices.client.MockWebServiceServerTestExecutionListener@1ca24329, org.springframework.boot.test.mock.mockito.ResetMocksTestExecutionListener@17e29f47]

  .   ____          _            __ _ _
 /\\ / ___'_ __ _ _(_)_ __  __ _ \ \ \ \
( ( )\___ | '_ | '_| | '_ \/ _` | \ \ \ \
 \\/  ___)| |_)| | | | | || (_| |  ) ) ) )
  '  |____| .__|_| |_|_| |_\__, | / / / /
 =========|_|==============|___/=/_/_/_/
 :: Spring Boot ::                (v2.5.2)

2021-07-29 15:50:45.772  INFO 19425 --- [    Test worker] g.s.r.r.RecipeReactiveRepositoryIT       : Starting RecipeReactiveRepositoryIT using Java 11.0.11 on aspire5 with PID 19425 (started by berkson in /mnt/153838B53DB8D7AD/IdeaProjects/spring5-mongo-recipe-app)
2021-07-29 15:50:45.772 DEBUG 19425 --- [    Test worker] g.s.r.r.RecipeReactiveRepositoryIT       : Running with Spring Boot v2.5.2, Spring v5.3.8
2021-07-29 15:50:45.773  INFO 19425 --- [    Test worker] g.s.r.r.RecipeReactiveRepositoryIT       : The following profiles are active: reactive
2021-07-29 15:50:46.190  INFO 19425 --- [    Test worker] .s.d.r.c.RepositoryConfigurationDelegate : Bootstrapping Spring Data Reactive MongoDB repositories in DEFAULT mode.
2021-07-29 15:50:46.231  INFO 19425 --- [    Test worker] .s.d.r.c.RepositoryConfigurationDelegate : Finished Spring Data repository scanning in 40 ms. Found 3 Reactive MongoDB repository interfaces.
2021-07-29 15:50:46.233  INFO 19425 --- [    Test worker] .s.d.r.c.RepositoryConfigurationDelegate : Bootstrapping Spring Data MongoDB repositories in DEFAULT mode.
2021-07-29 15:50:46.266  INFO 19425 --- [    Test worker] .s.d.r.c.RepositoryConfigurationDelegate : Finished Spring Data repository scanning in 33 ms. Found 3 MongoDB repository interfaces.
2021-07-29 15:50:46.479  INFO 19425 --- [      Thread-16] o.s.b.a.mongo.embedded.EmbeddedMongo     : note: noprealloc may hurt performance in many applications
2021-07-29 15:50:46.483  INFO 19425 --- [      Thread-16] o.s.b.a.mongo.embedded.EmbeddedMongo     : 2021-07-29T15:50:46.483-0300 I CONTROL  [initandlisten] MongoDB starting : pid=19527 port=35369 dbpath=/tmp/embedmongo-db-1f7c7983-c5dc-4e0c-ad49-e0752ee8c986 64-bit host=aspire5
2021-07-29 15:50:46.483  INFO 19425 --- [      Thread-16] o.s.b.a.mongo.embedded.EmbeddedMongo     : 2021-07-29T15:50:46.483-0300 I CONTROL  [initandlisten] db version v3.5.5
2021-07-29 15:50:46.483  INFO 19425 --- [      Thread-16] o.s.b.a.mongo.embedded.EmbeddedMongo     : 2021-07-29T15:50:46.483-0300 I CONTROL  [initandlisten] git version: 98515c812b6fa893613f063dae568ff8319cbfbd
2021-07-29 15:50:46.483  INFO 19425 --- [      Thread-16] o.s.b.a.mongo.embedded.EmbeddedMongo     : 2021-07-29T15:50:46.483-0300 I CONTROL  [initandlisten] allocator: tcmalloc
2021-07-29 15:50:46.484  INFO 19425 --- [      Thread-16] o.s.b.a.mongo.embedded.EmbeddedMongo     : 2021-07-29T15:50:46.483-0300 I CONTROL  [initandlisten] modules: none
2021-07-29 15:50:46.484  INFO 19425 --- [      Thread-16] o.s.b.a.mongo.embedded.EmbeddedMongo     : 2021-07-29T15:50:46.483-0300 I CONTROL  [initandlisten] build environment:
2021-07-29 15:50:46.484  INFO 19425 --- [      Thread-16] o.s.b.a.mongo.embedded.EmbeddedMongo     : 2021-07-29T15:50:46.483-0300 I CONTROL  [initandlisten]     distarch: x86_64
2021-07-29 15:50:46.484  INFO 19425 --- [      Thread-16] o.s.b.a.mongo.embedded.EmbeddedMongo     : 2021-07-29T15:50:46.483-0300 I CONTROL  [initandlisten]     target_arch: x86_64
2021-07-29 15:50:46.484  INFO 19425 --- [      Thread-16] o.s.b.a.mongo.embedded.EmbeddedMongo     : 2021-07-29T15:50:46.483-0300 I CONTROL  [initandlisten] options: { net: { bindIp: "127.0.0.1", http: { enabled: false }, port: 35369 }, security: { authorization: "disabled" }, storage: { dbPath: "/tmp/embedmongo-db-1f7c7983-c5dc-4e0c-ad49-e0752ee8c986", journal: { enabled: false }, mmapv1: { preallocDataFiles: false, smallFiles: true }, syncPeriodSecs: 0.0 } }
2021-07-29 15:50:46.488  INFO 19425 --- [      Thread-16] o.s.b.a.mongo.embedded.EmbeddedMongo     : 2021-07-29T15:50:46.487-0300 I STORAGE  [initandlisten] 
2021-07-29 15:50:46.488  INFO 19425 --- [      Thread-16] o.s.b.a.mongo.embedded.EmbeddedMongo     : 2021-07-29T15:50:46.487-0300 I STORAGE  [initandlisten] ** WARNING: Using the XFS filesystem is strongly recommended with the WiredTiger storage engine
2021-07-29 15:50:46.488  INFO 19425 --- [      Thread-16] o.s.b.a.mongo.embedded.EmbeddedMongo     : 2021-07-29T15:50:46.487-0300 I STORAGE  [initandlisten] **          See http://dochub.mongodb.org/core/prodnotes-filesystem
2021-07-29 15:50:46.488  INFO 19425 --- [      Thread-16] o.s.b.a.mongo.embedded.EmbeddedMongo     : 2021-07-29T15:50:46.487-0300 I STORAGE  [initandlisten] wiredtiger_open config: create,cache_size=9436M,session_max=20000,eviction=(threads_min=4,threads_max=4),config_base=false,statistics=(fast),log=(enabled=true,archive=true,path=journal,compressor=snappy),file_manager=(close_idle_time=100000),checkpoint=(wait=0,log_size=2GB),statistics_log=(wait=0),verbose=(recovery_progress),,log=(enabled=false),
2021-07-29 15:50:46.548  INFO 19425 --- [      Thread-16] o.s.b.a.mongo.embedded.EmbeddedMongo     : 2021-07-29T15:50:46.548-0300 W STORAGE  [initandlisten] Detected configuration for non-active storage engine mmapv1 when current storage engine is wiredTiger
2021-07-29 15:50:46.548  INFO 19425 --- [      Thread-16] o.s.b.a.mongo.embedded.EmbeddedMongo     : 2021-07-29T15:50:46.548-0300 I CONTROL  [initandlisten] 
2021-07-29 15:50:46.548  INFO 19425 --- [      Thread-16] o.s.b.a.mongo.embedded.EmbeddedMongo     : 2021-07-29T15:50:46.548-0300 I CONTROL  [initandlisten] ** NOTE: This is a development version (3.5.5) of MongoDB.
2021-07-29 15:50:46.548  INFO 19425 --- [      Thread-16] o.s.b.a.mongo.embedded.EmbeddedMongo     : 2021-07-29T15:50:46.548-0300 I CONTROL  [initandlisten] **       Not recommended for production.
2021-07-29 15:50:46.548  INFO 19425 --- [      Thread-16] o.s.b.a.mongo.embedded.EmbeddedMongo     : 2021-07-29T15:50:46.548-0300 I CONTROL  [initandlisten] 
2021-07-29 15:50:46.548  INFO 19425 --- [      Thread-16] o.s.b.a.mongo.embedded.EmbeddedMongo     : 2021-07-29T15:50:46.548-0300 I CONTROL  [initandlisten] 
2021-07-29 15:50:46.548  INFO 19425 --- [      Thread-16] o.s.b.a.mongo.embedded.EmbeddedMongo     : 2021-07-29T15:50:46.548-0300 I CONTROL  [initandlisten] ** WARNING: soft rlimits too low. rlimits set to 79335 processes, 1048576 files. Number of processes should be at least 524288 : 0.5 times number of files.
2021-07-29 15:50:46.568  INFO 19425 --- [      Thread-16] o.s.b.a.mongo.embedded.EmbeddedMongo     : 2021-07-29T15:50:46.567-0300 I FTDC     [initandlisten] Initializing full-time diagnostic data capture with directory '/tmp/embedmongo-db-1f7c7983-c5dc-4e0c-ad49-e0752ee8c986/diagnostic.data'
2021-07-29 15:50:46.586  INFO 19425 --- [      Thread-16] o.s.b.a.mongo.embedded.EmbeddedMongo     : 2021-07-29T15:50:46.586-0300 I INDEX    [initandlisten] build index on: admin.system.version properties: { v: 2, key: { version: 1 }, name: "incompatible_with_version_32", ns: "admin.system.version" }
2021-07-29 15:50:46.586  INFO 19425 --- [      Thread-16] o.s.b.a.mongo.embedded.EmbeddedMongo     : 2021-07-29T15:50:46.586-0300 I INDEX    [initandlisten] 	 building index using bulk method; build may temporarily use up to 500 megabytes of RAM
2021-07-29 15:50:46.587  INFO 19425 --- [      Thread-16] o.s.b.a.mongo.embedded.EmbeddedMongo     : 2021-07-29T15:50:46.587-0300 I INDEX    [initandlisten] build index done.  scanned 0 total records. 0 secs
2021-07-29 15:50:46.588  INFO 19425 --- [      Thread-16] o.s.b.a.mongo.embedded.EmbeddedMongo     : 2021-07-29T15:50:46.587-0300 I COMMAND  [initandlisten] setting featureCompatibilityVersion to 3.4
2021-07-29 15:50:46.589  INFO 19425 --- [      Thread-16] o.s.b.a.mongo.embedded.EmbeddedMongo     : 2021-07-29T15:50:46.588-0300 I NETWORK  [thread1] waiting for connections on port 35369
2021-07-29 15:50:46.589  INFO 19425 --- [    Test worker] d.f.embed.mongo.MongodExecutable         : start MongodConfig{version=Version{3.5.5}, timeout=de.flapdoodle.embed.mongo.config.Timeout@edbdf1e, net=de.flapdoodle.embed.mongo.config.Net@4b55185e, cmdOptions=MongoCmdOptions{syncDelay=0, useDefaultSyncDelay=false, isVerbose=false, useNoPrealloc=true, useSmallFiles=true, useNoJournal=true, enableTextSearch=false, auth=false, master=false}, password=, userName=, replication=de.flapdoodle.embed.mongo.config.Storage@30880446, isConfigServer=false, isShardServer=false, processListener=de.flapdoodle.embed.mongo.config.processlistener.NoopProcessListener@55e5e669, params={}, args={}, pidFile=mongod.pid, supportConfig=de.flapdoodle.embed.mongo.config.SupportConfig@516f0e4}
2021-07-29 15:50:46.597  INFO 19425 --- [    Test worker] org.mongodb.driver.cluster               : Cluster created with settings {hosts=[localhost:35369], mode=SINGLE, requiredClusterType=UNKNOWN, serverSelectionTimeout='30000 ms'}
2021-07-29 15:50:46.598  INFO 19425 --- [      Thread-16] o.s.b.a.mongo.embedded.EmbeddedMongo     : 2021-07-29T15:50:46.598-0300 I NETWORK  [thread1] connection accepted from 127.0.0.1:38904 #1 (1 connection now open)
2021-07-29 15:50:46.600  INFO 19425 --- [      Thread-16] o.s.b.a.mongo.embedded.EmbeddedMongo     : 2021-07-29T15:50:46.600-0300 I NETWORK  [thread1] connection accepted from 127.0.0.1:38906 #2 (2 connections now open)
2021-07-29 15:50:46.611  INFO 19425 --- [      Thread-16] o.s.b.a.mongo.embedded.EmbeddedMongo     : 2021-07-29T15:50:46.611-0300 I NETWORK  [conn1] received client metadata from 127.0.0.1:38904 conn1: { driver: { name: "mongo-java-driver|reactive-streams|spring-boot", version: "4.2.3" }, os: { type: "Linux", name: "Linux", architecture: "amd64", version: "5.8.0-63-generic" }, platform: "Java/Ubuntu/11.0.11+9-Ubuntu-0ubuntu2.20.04" }
2021-07-29 15:50:46.621  INFO 19425 --- [      Thread-16] o.s.b.a.mongo.embedded.EmbeddedMongo     : 2021-07-29T15:50:46.621-0300 I NETWORK  [conn2] received client metadata from 127.0.0.1:38906 conn2: { driver: { name: "mongo-java-driver|reactive-streams|spring-boot", version: "4.2.3" }, os: { type: "Linux", name: "Linux", architecture: "amd64", version: "5.8.0-63-generic" }, platform: "Java/Ubuntu/11.0.11+9-Ubuntu-0ubuntu2.20.04" }
2021-07-29 15:50:46.621  INFO 19425 --- [localhost:35369] org.mongodb.driver.connection            : Opened connection [connectionId{localValue:6, serverValue:1}] to localhost:35369
2021-07-29 15:50:46.622  INFO 19425 --- [    Test worker] org.mongodb.driver.cluster               : Cluster created with settings {hosts=[localhost:35369], mode=SINGLE, requiredClusterType=UNKNOWN, serverSelectionTimeout='30000 ms'}
2021-07-29 15:50:46.625  INFO 19425 --- [localhost:35369] org.mongodb.driver.cluster               : Monitor thread successfully connected to server with description ServerDescription{address=localhost:35369, type=STANDALONE, state=CONNECTED, ok=true, minWireVersion=0, maxWireVersion=5, maxDocumentSize=16777216, logicalSessionTimeoutMinutes=null, roundTripTimeNanos=18143724}
2021-07-29 15:50:46.628  INFO 19425 --- [localhost:35369] org.mongodb.driver.connection            : Opened connection [connectionId{localValue:7, serverValue:2}] to localhost:35369
2021-07-29 15:50:46.629  INFO 19425 --- [      Thread-16] o.s.b.a.mongo.embedded.EmbeddedMongo     : 2021-07-29T15:50:46.628-0300 I NETWORK  [thread1] connection accepted from 127.0.0.1:38908 #3 (3 connections now open)
2021-07-29 15:50:46.630  INFO 19425 --- [      Thread-16] o.s.b.a.mongo.embedded.EmbeddedMongo     : 2021-07-29T15:50:46.630-0300 I NETWORK  [thread1] connection accepted from 127.0.0.1:38910 #4 (4 connections now open)
2021-07-29 15:50:46.632  INFO 19425 --- [      Thread-16] o.s.b.a.mongo.embedded.EmbeddedMongo     : 2021-07-29T15:50:46.632-0300 I NETWORK  [conn3] received client metadata from 127.0.0.1:38908 conn3: { driver: { name: "mongo-java-driver|sync|spring-boot", version: "4.2.3" }, os: { type: "Linux", name: "Linux", architecture: "amd64", version: "5.8.0-63-generic" }, platform: "Java/Ubuntu/11.0.11+9-Ubuntu-0ubuntu2.20.04" }
2021-07-29 15:50:46.634  INFO 19425 --- [localhost:35369] org.mongodb.driver.connection            : Opened connection [connectionId{localValue:8, serverValue:3}] to localhost:35369
2021-07-29 15:50:46.635  INFO 19425 --- [localhost:35369] org.mongodb.driver.cluster               : Monitor thread successfully connected to server with description ServerDescription{address=localhost:35369, type=STANDALONE, state=CONNECTED, ok=true, minWireVersion=0, maxWireVersion=5, maxDocumentSize=16777216, logicalSessionTimeoutMinutes=null, roundTripTimeNanos=2478717}
2021-07-29 15:50:46.641  INFO 19425 --- [      Thread-16] o.s.b.a.mongo.embedded.EmbeddedMongo     : 2021-07-29T15:50:46.641-0300 I NETWORK  [conn4] received client metadata from 127.0.0.1:38910 conn4: { driver: { name: "mongo-java-driver|sync|spring-boot", version: "4.2.3" }, os: { type: "Linux", name: "Linux", architecture: "amd64", version: "5.8.0-63-generic" }, platform: "Java/Ubuntu/11.0.11+9-Ubuntu-0ubuntu2.20.04" }
2021-07-29 15:50:46.642  INFO 19425 --- [localhost:35369] org.mongodb.driver.connection            : Opened connection [connectionId{localValue:9, serverValue:4}] to localhost:35369
2021-07-29 15:50:46.946  INFO 19425 --- [    Test worker] o.s.b.a.w.s.WelcomePageHandlerMapping    : Adding welcome page template: index
2021-07-29 15:50:47.080  INFO 19425 --- [      Thread-16] o.s.b.a.mongo.embedded.EmbeddedMongo     : 2021-07-29T15:50:47.079-0300 I NETWORK  [thread1] connection accepted from 127.0.0.1:38912 #5 (5 connections now open)
2021-07-29 15:50:47.083  INFO 19425 --- [      Thread-16] o.s.b.a.mongo.embedded.EmbeddedMongo     : 2021-07-29T15:50:47.083-0300 I NETWORK  [conn5] received client metadata from 127.0.0.1:38912 conn5: { driver: { name: "mongo-java-driver|reactive-streams|spring-boot", version: "4.2.3" }, os: { type: "Linux", name: "Linux", architecture: "amd64", version: "5.8.0-63-generic" }, platform: "Java/Ubuntu/11.0.11+9-Ubuntu-0ubuntu2.20.04" }
2021-07-29 15:50:47.084  INFO 19425 --- [      Thread-12] org.mongodb.driver.connection            : Opened connection [connectionId{localValue:10, serverValue:5}] to localhost:35369
2021-07-29 15:50:47.086 DEBUG 19425 --- [    Test worker] g.s.bootstrap.RecipeReactiveBootstrap    : loading cause is empty
2021-07-29 15:50:47.254 DEBUG 19425 --- [    Test worker] g.s.bootstrap.RecipeReactiveBootstrap    : Loading Bootstrap Data
2021-07-29 15:50:47.257  INFO 19425 --- [    Test worker] g.s.bootstrap.RecipeReactiveBootstrap    : Categories: 4
2021-07-29 15:50:47.260  INFO 19425 --- [    Test worker] g.s.bootstrap.RecipeReactiveBootstrap    : Recipes: 2
2021-07-29 15:50:47.262  INFO 19425 --- [    Test worker] g.s.bootstrap.RecipeReactiveBootstrap    : Units of Measure: 8
2021-07-29 15:50:47.263  INFO 19425 --- [    Test worker] g.s.r.r.RecipeReactiveRepositoryIT       : Started RecipeReactiveRepositoryIT in 1.545 seconds (JVM running for 33.371)
2021-07-29 15:50:47.284 DEBUG 19425 --- [    Test worker] g.s.bootstrap.RecipeReactiveBootstrap    : Loading Bootstrap Data
2021-07-29 15:50:47.287  INFO 19425 --- [    Test worker] g.s.bootstrap.RecipeReactiveBootstrap    : Categories: 4
2021-07-29 15:50:47.289  INFO 19425 --- [    Test worker] g.s.bootstrap.RecipeReactiveBootstrap    : Recipes: 2
2021-07-29 15:50:47.294  INFO 19425 --- [    Test worker] g.s.bootstrap.RecipeReactiveBootstrap    : Units of Measure: 8
]]></system-out>
  <system-err><![CDATA[]]></system-err>
</testsuite>
