<?xml version="1.0" encoding="UTF-8"?>
<testsuite name="guru.springframework.converters.UnitOfMeasureCommandToUnitOfMeasureTest" tests="3" skipped="0" failures="0" errors="0" timestamp="2021-11-04T02:24:11" hostname="AMCEINF19" time="0.003">
  <properties/>
  <testcase name="testEmptyObject()" classname="guru.springframework.converters.UnitOfMeasureCommandToUnitOfMeasureTest" time="0.001"/>
  <testcase name="convert()" classname="guru.springframework.converters.UnitOfMeasureCommandToUnitOfMeasureTest" time="0.0"/>
  <testcase name="testNullParamter()" classname="guru.springframework.converters.UnitOfMeasureCommandToUnitOfMeasureTest" time="0.001"/>
  <system-out><![CDATA[]]></system-out>
  <system-err><![CDATA[]]></system-err>
</testsuite>
