<?xml version="1.0" encoding="UTF-8"?>
<testsuite name="guru.springframework.repositories.reactive.CategoryReactiveRepositoryIT" tests="1" skipped="0" failures="0" errors="0" timestamp="2021-11-04T02:24:09" hostname="AMCEINF19" time="0.019">
  <properties/>
  <testcase name="findByDescription()" classname="guru.springframework.repositories.reactive.CategoryReactiveRepositoryIT" time="0.019"/>
  <system-out><![CDATA[2021-11-03 23:24:09.749  INFO 45934 --- [    Test worker] .b.t.c.SpringBootTestContextBootstrapper : Neither @ContextConfiguration nor @ContextHierarchy found for test class [guru.springframework.repositories.reactive.CategoryReactiveRepositoryIT], using SpringBootContextLoader
2021-11-03 23:24:09.751  INFO 45934 --- [    Test worker] o.s.t.c.support.AbstractContextLoader    : Could not detect default resource locations for test class [guru.springframework.repositories.reactive.CategoryReactiveRepositoryIT]: no resource found for suffixes {-context.xml, Context.groovy}.
2021-11-03 23:24:09.751  INFO 45934 --- [    Test worker] t.c.s.AnnotationConfigContextLoaderUtils : Could not detect default configuration classes for test class [guru.springframework.repositories.reactive.CategoryReactiveRepositoryIT]: CategoryReactiveRepositoryIT does not declare any static, non-private, non-final, nested classes annotated with @Configuration.
2021-11-03 23:24:09.754  INFO 45934 --- [    Test worker] .b.t.c.SpringBootTestContextBootstrapper : Found @SpringBootConfiguration guru.springframework.Spring5MongoRecipeAppApplication for test class guru.springframework.repositories.reactive.CategoryReactiveRepositoryIT
2021-11-03 23:24:09.756  INFO 45934 --- [    Test worker] .b.t.c.SpringBootTestContextBootstrapper : Loaded default TestExecutionListener class names from location [META-INF/spring.factories]: [org.springframework.boot.test.autoconfigure.restdocs.RestDocsTestExecutionListener, org.springframework.boot.test.autoconfigure.web.client.MockRestServiceServerResetTestExecutionListener, org.springframework.boot.test.autoconfigure.web.servlet.MockMvcPrintOnlyOnFailureTestExecutionListener, org.springframework.boot.test.autoconfigure.web.servlet.WebDriverTestExecutionListener, org.springframework.boot.test.autoconfigure.webservices.client.MockWebServiceServerTestExecutionListener, org.springframework.boot.test.mock.mockito.MockitoTestExecutionListener, org.springframework.boot.test.mock.mockito.ResetMocksTestExecutionListener, org.springframework.test.context.web.ServletTestExecutionListener, org.springframework.test.context.support.DirtiesContextBeforeModesTestExecutionListener, org.springframework.test.context.event.ApplicationEventsTestExecutionListener, org.springframework.test.context.support.DependencyInjectionTestExecutionListener, org.springframework.test.context.support.DirtiesContextTestExecutionListener, org.springframework.test.context.transaction.TransactionalTestExecutionListener, org.springframework.test.context.jdbc.SqlScriptsTestExecutionListener, org.springframework.test.context.event.EventPublishingTestExecutionListener]
2021-11-03 23:24:09.756  INFO 45934 --- [    Test worker] .b.t.c.SpringBootTestContextBootstrapper : Using TestExecutionListeners: [org.springframework.test.context.support.DirtiesContextBeforeModesTestExecutionListener@6cd9e888, org.springframework.test.context.event.ApplicationEventsTestExecutionListener@14daef3, org.springframework.boot.test.mock.mockito.MockitoTestExecutionListener@37948127, org.springframework.boot.test.autoconfigure.SpringBootDependencyInjectionTestExecutionListener@3ae92ef5, org.springframework.test.context.support.DirtiesContextTestExecutionListener@19570c88, org.springframework.test.context.transaction.TransactionalTestExecutionListener@75011367, org.springframework.test.context.jdbc.SqlScriptsTestExecutionListener@668f2959, org.springframework.test.context.event.EventPublishingTestExecutionListener@15e22dfb, org.springframework.boot.test.autoconfigure.restdocs.RestDocsTestExecutionListener@34f05083, org.springframework.boot.test.autoconfigure.web.client.MockRestServiceServerResetTestExecutionListener@4997e751, org.springframework.boot.test.autoconfigure.web.servlet.MockMvcPrintOnlyOnFailureTestExecutionListener@56cddadb, org.springframework.boot.test.autoconfigure.web.servlet.WebDriverTestExecutionListener@5244a80c, org.springframework.boot.test.autoconfigure.webservices.client.MockWebServiceServerTestExecutionListener@64869e8f, org.springframework.boot.test.mock.mockito.ResetMocksTestExecutionListener@125d4021]
2021-11-03 23:24:09.765 DEBUG 45934 --- [    Test worker] g.s.bootstrap.RecipeReactiveBootstrap    : Loading Bootstrap Data
2021-11-03 23:24:09.767  INFO 45934 --- [    Test worker] g.s.bootstrap.RecipeReactiveBootstrap    : Categories: 4
2021-11-03 23:24:09.770  INFO 45934 --- [    Test worker] g.s.bootstrap.RecipeReactiveBootstrap    : Recipes: 2
2021-11-03 23:24:09.772  INFO 45934 --- [    Test worker] g.s.bootstrap.RecipeReactiveBootstrap    : Units of Measure: 8
]]></system-out>
  <system-err><![CDATA[]]></system-err>
</testsuite>
