<?xml version="1.0" encoding="UTF-8"?>
<testsuite name="guru.springframework.repositories.reactive.UnitOfMeasureReactiveRepositoryIT" tests="1" skipped="0" failures="0" errors="0" timestamp="2021-07-29T18:50:47" hostname="aspire5" time="0.024">
  <properties/>
  <testcase name="findByDescription()" classname="guru.springframework.repositories.reactive.UnitOfMeasureReactiveRepositoryIT" time="0.024"/>
  <system-out><![CDATA[2021-07-29 15:50:47.319  INFO 19425 --- [    Test worker] .b.t.c.SpringBootTestContextBootstrapper : Neither @ContextConfiguration nor @ContextHierarchy found for test class [guru.springframework.repositories.reactive.UnitOfMeasureReactiveRepositoryIT], using SpringBootContextLoader
2021-07-29 15:50:47.321  INFO 19425 --- [    Test worker] o.s.t.c.support.AbstractContextLoader    : Could not detect default resource locations for test class [guru.springframework.repositories.reactive.UnitOfMeasureReactiveRepositoryIT]: no resource found for suffixes {-context.xml, Context.groovy}.
2021-07-29 15:50:47.321  INFO 19425 --- [    Test worker] t.c.s.AnnotationConfigContextLoaderUtils : Could not detect default configuration classes for test class [guru.springframework.repositories.reactive.UnitOfMeasureReactiveRepositoryIT]: UnitOfMeasureReactiveRepositoryIT does not declare any static, non-private, non-final, nested classes annotated with @Configuration.
2021-07-29 15:50:47.324  INFO 19425 --- [    Test worker] .b.t.c.SpringBootTestContextBootstrapper : Found @SpringBootConfiguration guru.springframework.Spring5MongoRecipeAppApplication for test class guru.springframework.repositories.reactive.UnitOfMeasureReactiveRepositoryIT
2021-07-29 15:50:47.327  INFO 19425 --- [    Test worker] .b.t.c.SpringBootTestContextBootstrapper : Loaded default TestExecutionListener class names from location [META-INF/spring.factories]: [org.springframework.boot.test.autoconfigure.restdocs.RestDocsTestExecutionListener, org.springframework.boot.test.autoconfigure.web.client.MockRestServiceServerResetTestExecutionListener, org.springframework.boot.test.autoconfigure.web.servlet.MockMvcPrintOnlyOnFailureTestExecutionListener, org.springframework.boot.test.autoconfigure.web.servlet.WebDriverTestExecutionListener, org.springframework.boot.test.autoconfigure.webservices.client.MockWebServiceServerTestExecutionListener, org.springframework.boot.test.mock.mockito.MockitoTestExecutionListener, org.springframework.boot.test.mock.mockito.ResetMocksTestExecutionListener, org.springframework.test.context.web.ServletTestExecutionListener, org.springframework.test.context.support.DirtiesContextBeforeModesTestExecutionListener, org.springframework.test.context.event.ApplicationEventsTestExecutionListener, org.springframework.test.context.support.DependencyInjectionTestExecutionListener, org.springframework.test.context.support.DirtiesContextTestExecutionListener, org.springframework.test.context.transaction.TransactionalTestExecutionListener, org.springframework.test.context.jdbc.SqlScriptsTestExecutionListener, org.springframework.test.context.event.EventPublishingTestExecutionListener]
2021-07-29 15:50:47.328  INFO 19425 --- [    Test worker] .b.t.c.SpringBootTestContextBootstrapper : Using TestExecutionListeners: [org.springframework.test.context.web.ServletTestExecutionListener@69e5e7c4, org.springframework.test.context.support.DirtiesContextBeforeModesTestExecutionListener@4e0a31e4, org.springframework.test.context.event.ApplicationEventsTestExecutionListener@3a92ac58, org.springframework.boot.test.mock.mockito.MockitoTestExecutionListener@79c04236, org.springframework.boot.test.autoconfigure.SpringBootDependencyInjectionTestExecutionListener@3fdd410d, org.springframework.test.context.support.DirtiesContextTestExecutionListener@20c7d203, org.springframework.test.context.transaction.TransactionalTestExecutionListener@f185a2f, org.springframework.test.context.jdbc.SqlScriptsTestExecutionListener@74326808, org.springframework.test.context.event.EventPublishingTestExecutionListener@21329aaa, org.springframework.boot.test.autoconfigure.restdocs.RestDocsTestExecutionListener@3ffb1345, org.springframework.boot.test.autoconfigure.web.client.MockRestServiceServerResetTestExecutionListener@727fffb7, org.springframework.boot.test.autoconfigure.web.servlet.MockMvcPrintOnlyOnFailureTestExecutionListener@15eaabd8, org.springframework.boot.test.autoconfigure.web.servlet.WebDriverTestExecutionListener@20389405, org.springframework.boot.test.autoconfigure.webservices.client.MockWebServiceServerTestExecutionListener@47beda7c, org.springframework.boot.test.mock.mockito.ResetMocksTestExecutionListener@4ab1177b]
2021-07-29 15:50:47.338 DEBUG 19425 --- [    Test worker] g.s.bootstrap.RecipeReactiveBootstrap    : Loading Bootstrap Data
2021-07-29 15:50:47.343  INFO 19425 --- [    Test worker] g.s.bootstrap.RecipeReactiveBootstrap    : Categories: 4
2021-07-29 15:50:47.346  INFO 19425 --- [    Test worker] g.s.bootstrap.RecipeReactiveBootstrap    : Recipes: 2
2021-07-29 15:50:47.349  INFO 19425 --- [    Test worker] g.s.bootstrap.RecipeReactiveBootstrap    : Units of Measure: 8
]]></system-out>
  <system-err><![CDATA[]]></system-err>
</testsuite>
