<?xml version="1.0" encoding="UTF-8"?>
<testsuite name="guru.springframework.services.RecipeServiceIT" tests="1" skipped="0" failures="0" errors="0" timestamp="2021-11-15T23:22:12" hostname="AMCEINF19" time="0.035">
  <properties/>
  <testcase name="testSaveOfDescription()" classname="guru.springframework.services.RecipeServiceIT" time="0.035"/>
  <system-out><![CDATA[2021-11-15 20:22:12.219  INFO 74250 --- [    Test worker] .b.t.c.SpringBootTestContextBootstrapper : Neither @ContextConfiguration nor @ContextHierarchy found for test class [guru.springframework.services.RecipeServiceIT], using SpringBootContextLoader
2021-11-15 20:22:12.220  INFO 74250 --- [    Test worker] o.s.t.c.support.AbstractContextLoader    : Could not detect default resource locations for test class [guru.springframework.services.RecipeServiceIT]: no resource found for suffixes {-context.xml, Context.groovy}.
2021-11-15 20:22:12.220  INFO 74250 --- [    Test worker] t.c.s.AnnotationConfigContextLoaderUtils : Could not detect default configuration classes for test class [guru.springframework.services.RecipeServiceIT]: RecipeServiceIT does not declare any static, non-private, non-final, nested classes annotated with @Configuration.
2021-11-15 20:22:12.225  INFO 74250 --- [    Test worker] .b.t.c.SpringBootTestContextBootstrapper : Found @SpringBootConfiguration guru.springframework.Spring5MongoRecipeAppApplication for test class guru.springframework.services.RecipeServiceIT
2021-11-15 20:22:12.227  INFO 74250 --- [    Test worker] .b.t.c.SpringBootTestContextBootstrapper : Loaded default TestExecutionListener class names from location [META-INF/spring.factories]: [org.springframework.boot.test.autoconfigure.restdocs.RestDocsTestExecutionListener, org.springframework.boot.test.autoconfigure.web.client.MockRestServiceServerResetTestExecutionListener, org.springframework.boot.test.autoconfigure.web.servlet.MockMvcPrintOnlyOnFailureTestExecutionListener, org.springframework.boot.test.autoconfigure.web.servlet.WebDriverTestExecutionListener, org.springframework.boot.test.autoconfigure.webservices.client.MockWebServiceServerTestExecutionListener, org.springframework.boot.test.mock.mockito.MockitoTestExecutionListener, org.springframework.boot.test.mock.mockito.ResetMocksTestExecutionListener, org.springframework.test.context.web.ServletTestExecutionListener, org.springframework.test.context.support.DirtiesContextBeforeModesTestExecutionListener, org.springframework.test.context.event.ApplicationEventsTestExecutionListener, org.springframework.test.context.support.DependencyInjectionTestExecutionListener, org.springframework.test.context.support.DirtiesContextTestExecutionListener, org.springframework.test.context.transaction.TransactionalTestExecutionListener, org.springframework.test.context.jdbc.SqlScriptsTestExecutionListener, org.springframework.test.context.event.EventPublishingTestExecutionListener]
2021-11-15 20:22:12.228  INFO 74250 --- [    Test worker] .b.t.c.SpringBootTestContextBootstrapper : Using TestExecutionListeners: [org.springframework.test.context.web.ServletTestExecutionListener@4f2411a5, org.springframework.test.context.support.DirtiesContextBeforeModesTestExecutionListener@2f0421b4, org.springframework.test.context.event.ApplicationEventsTestExecutionListener@36e07ce0, org.springframework.boot.test.mock.mockito.MockitoTestExecutionListener@3ed6480f, org.springframework.boot.test.autoconfigure.SpringBootDependencyInjectionTestExecutionListener@5190cf49, org.springframework.test.context.support.DirtiesContextTestExecutionListener@5f974d4e, org.springframework.test.context.transaction.TransactionalTestExecutionListener@6a253d20, org.springframework.test.context.jdbc.SqlScriptsTestExecutionListener@66bf865b, org.springframework.test.context.event.EventPublishingTestExecutionListener@3182f742, org.springframework.boot.test.autoconfigure.restdocs.RestDocsTestExecutionListener@549a3101, org.springframework.boot.test.autoconfigure.web.client.MockRestServiceServerResetTestExecutionListener@1795da8f, org.springframework.boot.test.autoconfigure.web.servlet.MockMvcPrintOnlyOnFailureTestExecutionListener@d020b78, org.springframework.boot.test.autoconfigure.web.servlet.WebDriverTestExecutionListener@2b1cd57d, org.springframework.boot.test.autoconfigure.webservices.client.MockWebServiceServerTestExecutionListener@2e0bfb26, org.springframework.boot.test.mock.mockito.ResetMocksTestExecutionListener@17f31dca]
2021-11-15 20:22:12.245  INFO 74250 --- [       Thread-6] o.s.b.a.mongo.embedded.EmbeddedMongo     : 2021-11-15T20:22:12.245-0300 I NETWORK  [thread1] connection accepted from 127.0.0.1:37140 #6 (6 connections now open)
2021-11-15 20:22:12.247  INFO 74250 --- [       Thread-6] o.s.b.a.mongo.embedded.EmbeddedMongo     : 2021-11-15T20:22:12.247-0300 I NETWORK  [conn6] received client metadata from 127.0.0.1:37140 conn6: { driver: { name: "mongo-java-driver|sync|spring-boot", version: "4.2.3" }, os: { type: "Linux", name: "Linux", architecture: "amd64", version: "5.4.0-90-generic" }, platform: "Java/Ubuntu/11.0.11+9-Ubuntu-0ubuntu2.20.04" }
2021-11-15 20:22:12.249  INFO 74250 --- [    Test worker] org.mongodb.driver.connection            : Opened connection [connectionId{localValue:16, serverValue:6}] to localhost:40579
2021-11-15 20:22:12.271 DEBUG 74250 --- [    Test worker] g.s.services.RecipeServiceImpl           : Saved RecipeId:6192eba01e4ab17765c5ad61
]]></system-out>
  <system-err><![CDATA[]]></system-err>
</testsuite>
