<?xml version="1.0" encoding="UTF-8"?>
<testsuite name="guru.springframework.repositories.UnitOfMeasureRepositoryIT" tests="2" skipped="0" failures="0" errors="0" timestamp="2021-11-15T23:22:10" hostname="AMCEINF19" time="0.212">
  <properties/>
  <testcase name="findByDescription()" classname="guru.springframework.repositories.UnitOfMeasureRepositoryIT" time="0.204"/>
  <testcase name="findByDescriptionCup()" classname="guru.springframework.repositories.UnitOfMeasureRepositoryIT" time="0.007"/>
  <system-out><![CDATA[2021-11-15 20:22:10.258  INFO 74250 --- [    Test worker] t.a.d.m.DataMongoTestContextBootstrapper : Neither @ContextConfiguration nor @ContextHierarchy found for test class [guru.springframework.repositories.UnitOfMeasureRepositoryIT], using SpringBootContextLoader
2021-11-15 20:22:10.259  INFO 74250 --- [    Test worker] o.s.t.c.support.AbstractContextLoader    : Could not detect default resource locations for test class [guru.springframework.repositories.UnitOfMeasureRepositoryIT]: no resource found for suffixes {-context.xml, Context.groovy}.
2021-11-15 20:22:10.260  INFO 74250 --- [    Test worker] t.c.s.AnnotationConfigContextLoaderUtils : Could not detect default configuration classes for test class [guru.springframework.repositories.UnitOfMeasureRepositoryIT]: UnitOfMeasureRepositoryIT does not declare any static, non-private, non-final, nested classes annotated with @Configuration.
2021-11-15 20:22:10.276  INFO 74250 --- [    Test worker] .b.t.c.SpringBootTestContextBootstrapper : Found @SpringBootConfiguration guru.springframework.Spring5MongoRecipeAppApplication for test class guru.springframework.repositories.UnitOfMeasureRepositoryIT
2021-11-15 20:22:10.281  INFO 74250 --- [    Test worker] t.a.d.m.DataMongoTestContextBootstrapper : Loaded default TestExecutionListener class names from location [META-INF/spring.factories]: [org.springframework.boot.test.autoconfigure.restdocs.RestDocsTestExecutionListener, org.springframework.boot.test.autoconfigure.web.client.MockRestServiceServerResetTestExecutionListener, org.springframework.boot.test.autoconfigure.web.servlet.MockMvcPrintOnlyOnFailureTestExecutionListener, org.springframework.boot.test.autoconfigure.web.servlet.WebDriverTestExecutionListener, org.springframework.boot.test.autoconfigure.webservices.client.MockWebServiceServerTestExecutionListener, org.springframework.boot.test.mock.mockito.MockitoTestExecutionListener, org.springframework.boot.test.mock.mockito.ResetMocksTestExecutionListener, org.springframework.test.context.web.ServletTestExecutionListener, org.springframework.test.context.support.DirtiesContextBeforeModesTestExecutionListener, org.springframework.test.context.event.ApplicationEventsTestExecutionListener, org.springframework.test.context.support.DependencyInjectionTestExecutionListener, org.springframework.test.context.support.DirtiesContextTestExecutionListener, org.springframework.test.context.transaction.TransactionalTestExecutionListener, org.springframework.test.context.jdbc.SqlScriptsTestExecutionListener, org.springframework.test.context.event.EventPublishingTestExecutionListener]
2021-11-15 20:22:10.283  INFO 74250 --- [    Test worker] t.a.d.m.DataMongoTestContextBootstrapper : Using TestExecutionListeners: [org.springframework.test.context.web.ServletTestExecutionListener@56e2f907, org.springframework.test.context.support.DirtiesContextBeforeModesTestExecutionListener@1f25e803, org.springframework.test.context.event.ApplicationEventsTestExecutionListener@ef09de4, org.springframework.boot.test.mock.mockito.MockitoTestExecutionListener@17788d0c, org.springframework.boot.test.autoconfigure.SpringBootDependencyInjectionTestExecutionListener@56137425, org.springframework.test.context.support.DirtiesContextTestExecutionListener@66c6fb14, org.springframework.test.context.transaction.TransactionalTestExecutionListener@6cd35595, org.springframework.test.context.jdbc.SqlScriptsTestExecutionListener@3f90a5ee, org.springframework.test.context.event.EventPublishingTestExecutionListener@726f4c65, org.springframework.boot.test.autoconfigure.restdocs.RestDocsTestExecutionListener@23200767, org.springframework.boot.test.autoconfigure.web.client.MockRestServiceServerResetTestExecutionListener@55a9816b, org.springframework.boot.test.autoconfigure.web.servlet.MockMvcPrintOnlyOnFailureTestExecutionListener@6facf1e5, org.springframework.boot.test.autoconfigure.web.servlet.WebDriverTestExecutionListener@67a89411, org.springframework.boot.test.autoconfigure.webservices.client.MockWebServiceServerTestExecutionListener@4490bcbc, org.springframework.boot.test.mock.mockito.ResetMocksTestExecutionListener@5dabcf9c]

  .   ____          _            __ _ _
 /\\ / ___'_ __ _ _(_)_ __  __ _ \ \ \ \
( ( )\___ | '_ | '_| | '_ \/ _` | \ \ \ \
 \\/  ___)| |_)| | | | | || (_| |  ) ) ) )
  '  |____| .__|_| |_|_| |_\__, | / / / /
 =========|_|==============|___/=/_/_/_/
 :: Spring Boot ::                (v2.5.5)

2021-11-15 20:22:10.324  INFO 74250 --- [    Test worker] g.s.r.UnitOfMeasureRepositoryIT          : Starting UnitOfMeasureRepositoryIT using Java 11.0.11 on AMCEINF19 with PID 74250 (started by berkson in /home/berkson/git/spring5-mongo-recipe-app)
2021-11-15 20:22:10.325 DEBUG 74250 --- [    Test worker] g.s.r.UnitOfMeasureRepositoryIT          : Running with Spring Boot v2.5.5, Spring v5.3.10
2021-11-15 20:22:10.325  INFO 74250 --- [    Test worker] g.s.r.UnitOfMeasureRepositoryIT          : The following profiles are active: reactive
2021-11-15 20:22:10.397  INFO 74250 --- [    Test worker] .s.d.r.c.RepositoryConfigurationDelegate : Bootstrapping Spring Data Reactive MongoDB repositories in DEFAULT mode.
2021-11-15 20:22:10.410  INFO 74250 --- [    Test worker] .s.d.r.c.RepositoryConfigurationDelegate : Finished Spring Data repository scanning in 12 ms. Found 3 Reactive MongoDB repository interfaces.
2021-11-15 20:22:10.411  INFO 74250 --- [    Test worker] .s.d.r.c.RepositoryConfigurationDelegate : Bootstrapping Spring Data MongoDB repositories in DEFAULT mode.
2021-11-15 20:22:10.419  INFO 74250 --- [    Test worker] .s.d.r.c.RepositoryConfigurationDelegate : Finished Spring Data repository scanning in 8 ms. Found 3 MongoDB repository interfaces.
2021-11-15 20:22:10.516  INFO 74250 --- [      Thread-20] o.s.b.a.mongo.embedded.EmbeddedMongo     : note: noprealloc may hurt performance in many applications
2021-11-15 20:22:10.518  INFO 74250 --- [      Thread-20] o.s.b.a.mongo.embedded.EmbeddedMongo     : 2021-11-15T20:22:10.518-0300 I CONTROL  [initandlisten] MongoDB starting : pid=74358 port=41117 dbpath=/tmp/embedmongo-db-aeecd8d0-e0b4-49d4-88d4-550e04d2d161 64-bit host=AMCEINF19
2021-11-15 20:22:10.518  INFO 74250 --- [      Thread-20] o.s.b.a.mongo.embedded.EmbeddedMongo     : 2021-11-15T20:22:10.518-0300 I CONTROL  [initandlisten] db version v3.5.5
2021-11-15 20:22:10.518  INFO 74250 --- [      Thread-20] o.s.b.a.mongo.embedded.EmbeddedMongo     : 2021-11-15T20:22:10.518-0300 I CONTROL  [initandlisten] git version: 98515c812b6fa893613f063dae568ff8319cbfbd
2021-11-15 20:22:10.518  INFO 74250 --- [      Thread-20] o.s.b.a.mongo.embedded.EmbeddedMongo     : 2021-11-15T20:22:10.518-0300 I CONTROL  [initandlisten] allocator: tcmalloc
2021-11-15 20:22:10.519  INFO 74250 --- [      Thread-20] o.s.b.a.mongo.embedded.EmbeddedMongo     : 2021-11-15T20:22:10.518-0300 I CONTROL  [initandlisten] modules: none
2021-11-15 20:22:10.519  INFO 74250 --- [      Thread-20] o.s.b.a.mongo.embedded.EmbeddedMongo     : 2021-11-15T20:22:10.518-0300 I CONTROL  [initandlisten] build environment:
2021-11-15 20:22:10.519  INFO 74250 --- [      Thread-20] o.s.b.a.mongo.embedded.EmbeddedMongo     : 2021-11-15T20:22:10.518-0300 I CONTROL  [initandlisten]     distarch: x86_64
2021-11-15 20:22:10.519  INFO 74250 --- [      Thread-20] o.s.b.a.mongo.embedded.EmbeddedMongo     : 2021-11-15T20:22:10.518-0300 I CONTROL  [initandlisten]     target_arch: x86_64
2021-11-15 20:22:10.519  INFO 74250 --- [      Thread-20] o.s.b.a.mongo.embedded.EmbeddedMongo     : 2021-11-15T20:22:10.518-0300 I CONTROL  [initandlisten] options: { net: { bindIp: "127.0.0.1", http: { enabled: false }, port: 41117 }, security: { authorization: "disabled" }, storage: { dbPath: "/tmp/embedmongo-db-aeecd8d0-e0b4-49d4-88d4-550e04d2d161", journal: { enabled: false }, mmapv1: { preallocDataFiles: false, smallFiles: true }, syncPeriodSecs: 0.0 } }
2021-11-15 20:22:10.524  INFO 74250 --- [      Thread-20] o.s.b.a.mongo.embedded.EmbeddedMongo     : 2021-11-15T20:22:10.524-0300 I STORAGE  [initandlisten] 
2021-11-15 20:22:10.524  INFO 74250 --- [      Thread-20] o.s.b.a.mongo.embedded.EmbeddedMongo     : 2021-11-15T20:22:10.524-0300 I STORAGE  [initandlisten] ** WARNING: Using the XFS filesystem is strongly recommended with the WiredTiger storage engine
2021-11-15 20:22:10.524  INFO 74250 --- [      Thread-20] o.s.b.a.mongo.embedded.EmbeddedMongo     : 2021-11-15T20:22:10.524-0300 I STORAGE  [initandlisten] **          See http://dochub.mongodb.org/core/prodnotes-filesystem
2021-11-15 20:22:10.524  INFO 74250 --- [      Thread-20] o.s.b.a.mongo.embedded.EmbeddedMongo     : 2021-11-15T20:22:10.524-0300 I STORAGE  [initandlisten] wiredtiger_open config: create,cache_size=15478M,session_max=20000,eviction=(threads_min=4,threads_max=4),config_base=false,statistics=(fast),log=(enabled=true,archive=true,path=journal,compressor=snappy),file_manager=(close_idle_time=100000),checkpoint=(wait=0,log_size=2GB),statistics_log=(wait=0),verbose=(recovery_progress),,log=(enabled=false),
2021-11-15 20:22:10.601  INFO 74250 --- [      Thread-20] o.s.b.a.mongo.embedded.EmbeddedMongo     : 2021-11-15T20:22:10.601-0300 W STORAGE  [initandlisten] Detected configuration for non-active storage engine mmapv1 when current storage engine is wiredTiger
2021-11-15 20:22:10.602  INFO 74250 --- [      Thread-20] o.s.b.a.mongo.embedded.EmbeddedMongo     : 2021-11-15T20:22:10.601-0300 I CONTROL  [initandlisten] 
2021-11-15 20:22:10.602  INFO 74250 --- [      Thread-20] o.s.b.a.mongo.embedded.EmbeddedMongo     : 2021-11-15T20:22:10.601-0300 I CONTROL  [initandlisten] ** NOTE: This is a development version (3.5.5) of MongoDB.
2021-11-15 20:22:10.603  INFO 74250 --- [      Thread-20] o.s.b.a.mongo.embedded.EmbeddedMongo     : 2021-11-15T20:22:10.601-0300 I CONTROL  [initandlisten] **       Not recommended for production.
2021-11-15 20:22:10.603  INFO 74250 --- [      Thread-20] o.s.b.a.mongo.embedded.EmbeddedMongo     : 2021-11-15T20:22:10.601-0300 I CONTROL  [initandlisten] 
2021-11-15 20:22:10.603  INFO 74250 --- [      Thread-20] o.s.b.a.mongo.embedded.EmbeddedMongo     : 2021-11-15T20:22:10.601-0300 I CONTROL  [initandlisten] 
2021-11-15 20:22:10.604  INFO 74250 --- [      Thread-20] o.s.b.a.mongo.embedded.EmbeddedMongo     : 2021-11-15T20:22:10.601-0300 I CONTROL  [initandlisten] ** WARNING: soft rlimits too low. rlimits set to 127677 processes, 1048576 files. Number of processes should be at least 524288 : 0.5 times number of files.
2021-11-15 20:22:10.644  INFO 74250 --- [      Thread-20] o.s.b.a.mongo.embedded.EmbeddedMongo     : 2021-11-15T20:22:10.643-0300 I FTDC     [initandlisten] Initializing full-time diagnostic data capture with directory '/tmp/embedmongo-db-aeecd8d0-e0b4-49d4-88d4-550e04d2d161/diagnostic.data'
2021-11-15 20:22:10.694  INFO 74250 --- [      Thread-20] o.s.b.a.mongo.embedded.EmbeddedMongo     : 2021-11-15T20:22:10.693-0300 I INDEX    [initandlisten] build index on: admin.system.version properties: { v: 2, key: { version: 1 }, name: "incompatible_with_version_32", ns: "admin.system.version" }
2021-11-15 20:22:10.695  INFO 74250 --- [      Thread-20] o.s.b.a.mongo.embedded.EmbeddedMongo     : 2021-11-15T20:22:10.693-0300 I INDEX    [initandlisten] 	 building index using bulk method; build may temporarily use up to 500 megabytes of RAM
2021-11-15 20:22:10.695  INFO 74250 --- [      Thread-20] o.s.b.a.mongo.embedded.EmbeddedMongo     : 2021-11-15T20:22:10.695-0300 I INDEX    [initandlisten] build index done.  scanned 0 total records. 0 secs
2021-11-15 20:22:10.697  INFO 74250 --- [      Thread-20] o.s.b.a.mongo.embedded.EmbeddedMongo     : 2021-11-15T20:22:10.696-0300 I COMMAND  [initandlisten] setting featureCompatibilityVersion to 3.4
2021-11-15 20:22:10.702  INFO 74250 --- [      Thread-20] o.s.b.a.mongo.embedded.EmbeddedMongo     : 2021-11-15T20:22:10.702-0300 I NETWORK  [thread1] waiting for connections on port 41117
2021-11-15 20:22:10.703  INFO 74250 --- [    Test worker] d.f.embed.mongo.MongodExecutable         : start MongodConfig{version=Version{3.5.5}, timeout=de.flapdoodle.embed.mongo.config.Timeout@34953999, net=de.flapdoodle.embed.mongo.config.Net@543beb44, cmdOptions=MongoCmdOptions{syncDelay=0, useDefaultSyncDelay=false, isVerbose=false, useNoPrealloc=true, useSmallFiles=true, useNoJournal=true, enableTextSearch=false, auth=false, master=false}, password=, userName=, replication=de.flapdoodle.embed.mongo.config.Storage@1ad62e9, isConfigServer=false, isShardServer=false, processListener=de.flapdoodle.embed.mongo.config.processlistener.NoopProcessListener@cdd0df, params={}, args={}, pidFile=mongod.pid, supportConfig=de.flapdoodle.embed.mongo.config.SupportConfig@1d8968ae}
2021-11-15 20:22:10.724  INFO 74250 --- [    Test worker] org.mongodb.driver.cluster               : Cluster created with settings {hosts=[localhost:41117], mode=SINGLE, requiredClusterType=UNKNOWN, serverSelectionTimeout='30000 ms'}
2021-11-15 20:22:10.734  INFO 74250 --- [      Thread-20] o.s.b.a.mongo.embedded.EmbeddedMongo     : 2021-11-15T20:22:10.734-0300 I NETWORK  [thread1] connection accepted from 127.0.0.1:53736 #1 (1 connection now open)
2021-11-15 20:22:10.736  INFO 74250 --- [      Thread-20] o.s.b.a.mongo.embedded.EmbeddedMongo     : 2021-11-15T20:22:10.736-0300 I NETWORK  [conn1] received client metadata from 127.0.0.1:53736 conn1: { driver: { name: "mongo-java-driver|sync|spring-boot", version: "4.2.3" }, os: { type: "Linux", name: "Linux", architecture: "amd64", version: "5.4.0-90-generic" }, platform: "Java/Ubuntu/11.0.11+9-Ubuntu-0ubuntu2.20.04" }
2021-11-15 20:22:10.740  INFO 74250 --- [localhost:41117] org.mongodb.driver.connection            : Opened connection [connectionId{localValue:11, serverValue:1}] to localhost:41117
2021-11-15 20:22:10.741  INFO 74250 --- [localhost:41117] org.mongodb.driver.cluster               : Monitor thread successfully connected to server with description ServerDescription{address=localhost:41117, type=STANDALONE, state=CONNECTED, ok=true, minWireVersion=0, maxWireVersion=5, maxDocumentSize=16777216, logicalSessionTimeoutMinutes=null, roundTripTimeNanos=3129906}
2021-11-15 20:22:10.752  INFO 74250 --- [      Thread-20] o.s.b.a.mongo.embedded.EmbeddedMongo     : 2021-11-15T20:22:10.752-0300 I NETWORK  [thread1] connection accepted from 127.0.0.1:53738 #2 (2 connections now open)
2021-11-15 20:22:10.761  INFO 74250 --- [      Thread-20] o.s.b.a.mongo.embedded.EmbeddedMongo     : 2021-11-15T20:22:10.761-0300 I NETWORK  [conn2] received client metadata from 127.0.0.1:53738 conn2: { driver: { name: "mongo-java-driver|sync|spring-boot", version: "4.2.3" }, os: { type: "Linux", name: "Linux", architecture: "amd64", version: "5.4.0-90-generic" }, platform: "Java/Ubuntu/11.0.11+9-Ubuntu-0ubuntu2.20.04" }
2021-11-15 20:22:10.767  INFO 74250 --- [localhost:41117] org.mongodb.driver.connection            : Opened connection [connectionId{localValue:12, serverValue:2}] to localhost:41117
2021-11-15 20:22:10.842  INFO 74250 --- [    Test worker] org.mongodb.driver.cluster               : Cluster created with settings {hosts=[localhost:41117], mode=SINGLE, requiredClusterType=UNKNOWN, serverSelectionTimeout='30000 ms'}
2021-11-15 20:22:10.847  INFO 74250 --- [      Thread-20] o.s.b.a.mongo.embedded.EmbeddedMongo     : 2021-11-15T20:22:10.847-0300 I NETWORK  [thread1] connection accepted from 127.0.0.1:53740 #3 (3 connections now open)
2021-11-15 20:22:10.859  INFO 74250 --- [      Thread-20] o.s.b.a.mongo.embedded.EmbeddedMongo     : 2021-11-15T20:22:10.859-0300 I NETWORK  [thread1] connection accepted from 127.0.0.1:53742 #4 (4 connections now open)
2021-11-15 20:22:10.859  INFO 74250 --- [      Thread-20] o.s.b.a.mongo.embedded.EmbeddedMongo     : 2021-11-15T20:22:10.859-0300 I NETWORK  [conn3] received client metadata from 127.0.0.1:53740 conn3: { driver: { name: "mongo-java-driver|reactive-streams|spring-boot", version: "4.2.3" }, os: { type: "Linux", name: "Linux", architecture: "amd64", version: "5.4.0-90-generic" }, platform: "Java/Ubuntu/11.0.11+9-Ubuntu-0ubuntu2.20.04" }
2021-11-15 20:22:10.864  INFO 74250 --- [localhost:41117] org.mongodb.driver.connection            : Opened connection [connectionId{localValue:13, serverValue:3}] to localhost:41117
2021-11-15 20:22:10.864  INFO 74250 --- [localhost:41117] org.mongodb.driver.cluster               : Monitor thread successfully connected to server with description ServerDescription{address=localhost:41117, type=STANDALONE, state=CONNECTED, ok=true, minWireVersion=0, maxWireVersion=5, maxDocumentSize=16777216, logicalSessionTimeoutMinutes=null, roundTripTimeNanos=4296808}
2021-11-15 20:22:10.871  INFO 74250 --- [      Thread-20] o.s.b.a.mongo.embedded.EmbeddedMongo     : 2021-11-15T20:22:10.871-0300 I NETWORK  [conn4] received client metadata from 127.0.0.1:53742 conn4: { driver: { name: "mongo-java-driver|reactive-streams|spring-boot", version: "4.2.3" }, os: { type: "Linux", name: "Linux", architecture: "amd64", version: "5.4.0-90-generic" }, platform: "Java/Ubuntu/11.0.11+9-Ubuntu-0ubuntu2.20.04" }
2021-11-15 20:22:10.875  INFO 74250 --- [localhost:41117] org.mongodb.driver.connection            : Opened connection [connectionId{localValue:14, serverValue:4}] to localhost:41117
2021-11-15 20:22:10.934  INFO 74250 --- [    Test worker] g.s.r.UnitOfMeasureRepositoryIT          : Started UnitOfMeasureRepositoryIT in 0.647 seconds (JVM running for 8.491)
2021-11-15 20:22:10.959  INFO 74250 --- [      Thread-20] o.s.b.a.mongo.embedded.EmbeddedMongo     : 2021-11-15T20:22:10.959-0300 I NETWORK  [thread1] connection accepted from 127.0.0.1:53744 #5 (5 connections now open)
2021-11-15 20:22:10.962  INFO 74250 --- [      Thread-20] o.s.b.a.mongo.embedded.EmbeddedMongo     : 2021-11-15T20:22:10.962-0300 I NETWORK  [conn5] received client metadata from 127.0.0.1:53744 conn5: { driver: { name: "mongo-java-driver|sync|spring-boot", version: "4.2.3" }, os: { type: "Linux", name: "Linux", architecture: "amd64", version: "5.4.0-90-generic" }, platform: "Java/Ubuntu/11.0.11+9-Ubuntu-0ubuntu2.20.04" }
2021-11-15 20:22:10.963  INFO 74250 --- [    Test worker] org.mongodb.driver.connection            : Opened connection [connectionId{localValue:15, serverValue:5}] to localhost:41117
2021-11-15 20:22:11.138 DEBUG 74250 --- [    Test worker] g.s.bootstrap.RecipeBootstrap            : Loading Bootstrap Data
2021-11-15 20:22:11.147 DEBUG 74250 --- [    Test worker] g.s.bootstrap.RecipeBootstrap            : Loading Bootstrap Data
]]></system-out>
  <system-err><![CDATA[]]></system-err>
</testsuite>
