<?xml version="1.0" encoding="UTF-8"?>
<testsuite name="guru.springframework.repositories.UnitOfMeasureRepositoryIT" tests="2" skipped="0" failures="0" errors="0" timestamp="2021-07-29T18:50:48" hostname="aspire5" time="0.27">
  <properties/>
  <testcase name="findByDescription()" classname="guru.springframework.repositories.UnitOfMeasureRepositoryIT" time="0.254"/>
  <testcase name="findByDescriptionCup()" classname="guru.springframework.repositories.UnitOfMeasureRepositoryIT" time="0.015"/>
  <system-out><![CDATA[2021-07-29 15:50:47.363  INFO 19425 --- [    Test worker] t.a.d.m.DataMongoTestContextBootstrapper : Neither @ContextConfiguration nor @ContextHierarchy found for test class [guru.springframework.repositories.UnitOfMeasureRepositoryIT], using SpringBootContextLoader
2021-07-29 15:50:47.364  INFO 19425 --- [    Test worker] o.s.t.c.support.AbstractContextLoader    : Could not detect default resource locations for test class [guru.springframework.repositories.UnitOfMeasureRepositoryIT]: no resource found for suffixes {-context.xml, Context.groovy}.
2021-07-29 15:50:47.365  INFO 19425 --- [    Test worker] t.c.s.AnnotationConfigContextLoaderUtils : Could not detect default configuration classes for test class [guru.springframework.repositories.UnitOfMeasureRepositoryIT]: UnitOfMeasureRepositoryIT does not declare any static, non-private, non-final, nested classes annotated with @Configuration.
2021-07-29 15:50:47.387  INFO 19425 --- [    Test worker] .b.t.c.SpringBootTestContextBootstrapper : Found @SpringBootConfiguration guru.springframework.Spring5MongoRecipeAppApplication for test class guru.springframework.repositories.UnitOfMeasureRepositoryIT
2021-07-29 15:50:47.388  INFO 19425 --- [    Test worker] t.a.d.m.DataMongoTestContextBootstrapper : Loaded default TestExecutionListener class names from location [META-INF/spring.factories]: [org.springframework.boot.test.autoconfigure.restdocs.RestDocsTestExecutionListener, org.springframework.boot.test.autoconfigure.web.client.MockRestServiceServerResetTestExecutionListener, org.springframework.boot.test.autoconfigure.web.servlet.MockMvcPrintOnlyOnFailureTestExecutionListener, org.springframework.boot.test.autoconfigure.web.servlet.WebDriverTestExecutionListener, org.springframework.boot.test.autoconfigure.webservices.client.MockWebServiceServerTestExecutionListener, org.springframework.boot.test.mock.mockito.MockitoTestExecutionListener, org.springframework.boot.test.mock.mockito.ResetMocksTestExecutionListener, org.springframework.test.context.web.ServletTestExecutionListener, org.springframework.test.context.support.DirtiesContextBeforeModesTestExecutionListener, org.springframework.test.context.event.ApplicationEventsTestExecutionListener, org.springframework.test.context.support.DependencyInjectionTestExecutionListener, org.springframework.test.context.support.DirtiesContextTestExecutionListener, org.springframework.test.context.transaction.TransactionalTestExecutionListener, org.springframework.test.context.jdbc.SqlScriptsTestExecutionListener, org.springframework.test.context.event.EventPublishingTestExecutionListener]
2021-07-29 15:50:47.389  INFO 19425 --- [    Test worker] t.a.d.m.DataMongoTestContextBootstrapper : Using TestExecutionListeners: [org.springframework.test.context.web.ServletTestExecutionListener@683c1e90, org.springframework.test.context.support.DirtiesContextBeforeModesTestExecutionListener@6c840ef3, org.springframework.test.context.event.ApplicationEventsTestExecutionListener@7a3cac4c, org.springframework.boot.test.mock.mockito.MockitoTestExecutionListener@56147913, org.springframework.boot.test.autoconfigure.SpringBootDependencyInjectionTestExecutionListener@5e5425df, org.springframework.test.context.support.DirtiesContextTestExecutionListener@12eb5b70, org.springframework.test.context.transaction.TransactionalTestExecutionListener@d2adbad, org.springframework.test.context.jdbc.SqlScriptsTestExecutionListener@7803e7fa, org.springframework.test.context.event.EventPublishingTestExecutionListener@7065ff8, org.springframework.boot.test.autoconfigure.restdocs.RestDocsTestExecutionListener@4ffea4b3, org.springframework.boot.test.autoconfigure.web.client.MockRestServiceServerResetTestExecutionListener@1452e952, org.springframework.boot.test.autoconfigure.web.servlet.MockMvcPrintOnlyOnFailureTestExecutionListener@7389e015, org.springframework.boot.test.autoconfigure.web.servlet.WebDriverTestExecutionListener@46c59803, org.springframework.boot.test.autoconfigure.webservices.client.MockWebServiceServerTestExecutionListener@7ca47754, org.springframework.boot.test.mock.mockito.ResetMocksTestExecutionListener@7f3f09eb]

  .   ____          _            __ _ _
 /\\ / ___'_ __ _ _(_)_ __  __ _ \ \ \ \
( ( )\___ | '_ | '_| | '_ \/ _` | \ \ \ \
 \\/  ___)| |_)| | | | | || (_| |  ) ) ) )
  '  |____| .__|_| |_|_| |_\__, | / / / /
 =========|_|==============|___/=/_/_/_/
 :: Spring Boot ::                (v2.5.2)

2021-07-29 15:50:47.455  INFO 19425 --- [    Test worker] g.s.r.UnitOfMeasureRepositoryIT          : Starting UnitOfMeasureRepositoryIT using Java 11.0.11 on aspire5 with PID 19425 (started by berkson in /mnt/153838B53DB8D7AD/IdeaProjects/spring5-mongo-recipe-app)
2021-07-29 15:50:47.455 DEBUG 19425 --- [    Test worker] g.s.r.UnitOfMeasureRepositoryIT          : Running with Spring Boot v2.5.2, Spring v5.3.8
2021-07-29 15:50:47.455  INFO 19425 --- [    Test worker] g.s.r.UnitOfMeasureRepositoryIT          : The following profiles are active: reactive
2021-07-29 15:50:47.635  INFO 19425 --- [    Test worker] .s.d.r.c.RepositoryConfigurationDelegate : Bootstrapping Spring Data Reactive MongoDB repositories in DEFAULT mode.
2021-07-29 15:50:47.740  INFO 19425 --- [    Test worker] .s.d.r.c.RepositoryConfigurationDelegate : Finished Spring Data repository scanning in 105 ms. Found 3 Reactive MongoDB repository interfaces.
2021-07-29 15:50:47.743  INFO 19425 --- [    Test worker] .s.d.r.c.RepositoryConfigurationDelegate : Bootstrapping Spring Data MongoDB repositories in DEFAULT mode.
2021-07-29 15:50:47.791  INFO 19425 --- [    Test worker] .s.d.r.c.RepositoryConfigurationDelegate : Finished Spring Data repository scanning in 48 ms. Found 3 MongoDB repository interfaces.
2021-07-29 15:50:47.953  INFO 19425 --- [      Thread-20] o.s.b.a.mongo.embedded.EmbeddedMongo     : note: noprealloc may hurt performance in many applications
2021-07-29 15:50:47.957  INFO 19425 --- [      Thread-20] o.s.b.a.mongo.embedded.EmbeddedMongo     : 2021-07-29T15:50:47.957-0300 I CONTROL  [initandlisten] MongoDB starting : pid=19556 port=42661 dbpath=/tmp/embedmongo-db-235ec321-970e-4659-9c17-f8e1aeb36c96 64-bit host=aspire5
2021-07-29 15:50:47.959  INFO 19425 --- [      Thread-20] o.s.b.a.mongo.embedded.EmbeddedMongo     : 2021-07-29T15:50:47.957-0300 I CONTROL  [initandlisten] db version v3.5.5
2021-07-29 15:50:47.960  INFO 19425 --- [      Thread-20] o.s.b.a.mongo.embedded.EmbeddedMongo     : 2021-07-29T15:50:47.957-0300 I CONTROL  [initandlisten] git version: 98515c812b6fa893613f063dae568ff8319cbfbd
2021-07-29 15:50:47.960  INFO 19425 --- [      Thread-20] o.s.b.a.mongo.embedded.EmbeddedMongo     : 2021-07-29T15:50:47.957-0300 I CONTROL  [initandlisten] allocator: tcmalloc
2021-07-29 15:50:47.960  INFO 19425 --- [      Thread-20] o.s.b.a.mongo.embedded.EmbeddedMongo     : 2021-07-29T15:50:47.957-0300 I CONTROL  [initandlisten] modules: none
2021-07-29 15:50:47.960  INFO 19425 --- [      Thread-20] o.s.b.a.mongo.embedded.EmbeddedMongo     : 2021-07-29T15:50:47.957-0300 I CONTROL  [initandlisten] build environment:
2021-07-29 15:50:47.960  INFO 19425 --- [      Thread-20] o.s.b.a.mongo.embedded.EmbeddedMongo     : 2021-07-29T15:50:47.957-0300 I CONTROL  [initandlisten]     distarch: x86_64
2021-07-29 15:50:47.960  INFO 19425 --- [      Thread-20] o.s.b.a.mongo.embedded.EmbeddedMongo     : 2021-07-29T15:50:47.957-0300 I CONTROL  [initandlisten]     target_arch: x86_64
2021-07-29 15:50:47.960  INFO 19425 --- [      Thread-20] o.s.b.a.mongo.embedded.EmbeddedMongo     : 2021-07-29T15:50:47.957-0300 I CONTROL  [initandlisten] options: { net: { bindIp: "127.0.0.1", http: { enabled: false }, port: 42661 }, security: { authorization: "disabled" }, storage: { dbPath: "/tmp/embedmongo-db-235ec321-970e-4659-9c17-f8e1aeb36c96", journal: { enabled: false }, mmapv1: { preallocDataFiles: false, smallFiles: true }, syncPeriodSecs: 0.0 } }
2021-07-29 15:50:47.963  INFO 19425 --- [      Thread-20] o.s.b.a.mongo.embedded.EmbeddedMongo     : 2021-07-29T15:50:47.963-0300 I STORAGE  [initandlisten] 
2021-07-29 15:50:47.963  INFO 19425 --- [      Thread-20] o.s.b.a.mongo.embedded.EmbeddedMongo     : 2021-07-29T15:50:47.963-0300 I STORAGE  [initandlisten] ** WARNING: Using the XFS filesystem is strongly recommended with the WiredTiger storage engine
2021-07-29 15:50:47.964  INFO 19425 --- [      Thread-20] o.s.b.a.mongo.embedded.EmbeddedMongo     : 2021-07-29T15:50:47.963-0300 I STORAGE  [initandlisten] **          See http://dochub.mongodb.org/core/prodnotes-filesystem
2021-07-29 15:50:47.964  INFO 19425 --- [      Thread-20] o.s.b.a.mongo.embedded.EmbeddedMongo     : 2021-07-29T15:50:47.964-0300 I STORAGE  [initandlisten] wiredtiger_open config: create,cache_size=9436M,session_max=20000,eviction=(threads_min=4,threads_max=4),config_base=false,statistics=(fast),log=(enabled=true,archive=true,path=journal,compressor=snappy),file_manager=(close_idle_time=100000),checkpoint=(wait=0,log_size=2GB),statistics_log=(wait=0),verbose=(recovery_progress),,log=(enabled=false),
2021-07-29 15:50:48.027  INFO 19425 --- [      Thread-20] o.s.b.a.mongo.embedded.EmbeddedMongo     : 2021-07-29T15:50:48.027-0300 W STORAGE  [initandlisten] Detected configuration for non-active storage engine mmapv1 when current storage engine is wiredTiger
2021-07-29 15:50:48.027  INFO 19425 --- [      Thread-20] o.s.b.a.mongo.embedded.EmbeddedMongo     : 2021-07-29T15:50:48.027-0300 I CONTROL  [initandlisten] 
2021-07-29 15:50:48.027  INFO 19425 --- [      Thread-20] o.s.b.a.mongo.embedded.EmbeddedMongo     : 2021-07-29T15:50:48.027-0300 I CONTROL  [initandlisten] ** NOTE: This is a development version (3.5.5) of MongoDB.
2021-07-29 15:50:48.027  INFO 19425 --- [      Thread-20] o.s.b.a.mongo.embedded.EmbeddedMongo     : 2021-07-29T15:50:48.027-0300 I CONTROL  [initandlisten] **       Not recommended for production.
2021-07-29 15:50:48.027  INFO 19425 --- [      Thread-20] o.s.b.a.mongo.embedded.EmbeddedMongo     : 2021-07-29T15:50:48.027-0300 I CONTROL  [initandlisten] 
2021-07-29 15:50:48.028  INFO 19425 --- [      Thread-20] o.s.b.a.mongo.embedded.EmbeddedMongo     : 2021-07-29T15:50:48.027-0300 I CONTROL  [initandlisten] 
2021-07-29 15:50:48.028  INFO 19425 --- [      Thread-20] o.s.b.a.mongo.embedded.EmbeddedMongo     : 2021-07-29T15:50:48.027-0300 I CONTROL  [initandlisten] ** WARNING: soft rlimits too low. rlimits set to 79335 processes, 1048576 files. Number of processes should be at least 524288 : 0.5 times number of files.
2021-07-29 15:50:48.050  INFO 19425 --- [      Thread-20] o.s.b.a.mongo.embedded.EmbeddedMongo     : 2021-07-29T15:50:48.050-0300 I FTDC     [initandlisten] Initializing full-time diagnostic data capture with directory '/tmp/embedmongo-db-235ec321-970e-4659-9c17-f8e1aeb36c96/diagnostic.data'
2021-07-29 15:50:48.086  INFO 19425 --- [      Thread-20] o.s.b.a.mongo.embedded.EmbeddedMongo     : 2021-07-29T15:50:48.086-0300 I INDEX    [initandlisten] build index on: admin.system.version properties: { v: 2, key: { version: 1 }, name: "incompatible_with_version_32", ns: "admin.system.version" }
2021-07-29 15:50:48.086  INFO 19425 --- [      Thread-20] o.s.b.a.mongo.embedded.EmbeddedMongo     : 2021-07-29T15:50:48.086-0300 I INDEX    [initandlisten] 	 building index using bulk method; build may temporarily use up to 500 megabytes of RAM
2021-07-29 15:50:48.086  INFO 19425 --- [      Thread-20] o.s.b.a.mongo.embedded.EmbeddedMongo     : 2021-07-29T15:50:48.086-0300 I INDEX    [initandlisten] build index done.  scanned 0 total records. 0 secs
2021-07-29 15:50:48.087  INFO 19425 --- [      Thread-20] o.s.b.a.mongo.embedded.EmbeddedMongo     : 2021-07-29T15:50:48.087-0300 I COMMAND  [initandlisten] setting featureCompatibilityVersion to 3.4
2021-07-29 15:50:48.088  INFO 19425 --- [      Thread-20] o.s.b.a.mongo.embedded.EmbeddedMongo     : 2021-07-29T15:50:48.088-0300 I NETWORK  [thread1] waiting for connections on port 42661
2021-07-29 15:50:48.088  INFO 19425 --- [    Test worker] d.f.embed.mongo.MongodExecutable         : start MongodConfig{version=Version{3.5.5}, timeout=de.flapdoodle.embed.mongo.config.Timeout@6f5c43c, net=de.flapdoodle.embed.mongo.config.Net@3cdb5d7a, cmdOptions=MongoCmdOptions{syncDelay=0, useDefaultSyncDelay=false, isVerbose=false, useNoPrealloc=true, useSmallFiles=true, useNoJournal=true, enableTextSearch=false, auth=false, master=false}, password=, userName=, replication=de.flapdoodle.embed.mongo.config.Storage@2696500a, isConfigServer=false, isShardServer=false, processListener=de.flapdoodle.embed.mongo.config.processlistener.NoopProcessListener@7488b742, params={}, args={}, pidFile=mongod.pid, supportConfig=de.flapdoodle.embed.mongo.config.SupportConfig@5c7449cb}
2021-07-29 15:50:48.098  INFO 19425 --- [    Test worker] org.mongodb.driver.cluster               : Cluster created with settings {hosts=[localhost:42661], mode=SINGLE, requiredClusterType=UNKNOWN, serverSelectionTimeout='30000 ms'}
2021-07-29 15:50:48.101  INFO 19425 --- [      Thread-20] o.s.b.a.mongo.embedded.EmbeddedMongo     : 2021-07-29T15:50:48.101-0300 I NETWORK  [thread1] connection accepted from 127.0.0.1:51816 #1 (1 connection now open)
2021-07-29 15:50:48.102  INFO 19425 --- [      Thread-20] o.s.b.a.mongo.embedded.EmbeddedMongo     : 2021-07-29T15:50:48.102-0300 I NETWORK  [conn1] received client metadata from 127.0.0.1:51816 conn1: { driver: { name: "mongo-java-driver|sync|spring-boot", version: "4.2.3" }, os: { type: "Linux", name: "Linux", architecture: "amd64", version: "5.8.0-63-generic" }, platform: "Java/Ubuntu/11.0.11+9-Ubuntu-0ubuntu2.20.04" }
2021-07-29 15:50:48.105  INFO 19425 --- [localhost:42661] org.mongodb.driver.connection            : Opened connection [connectionId{localValue:11, serverValue:1}] to localhost:42661
2021-07-29 15:50:48.105  INFO 19425 --- [localhost:42661] org.mongodb.driver.cluster               : Monitor thread successfully connected to server with description ServerDescription{address=localhost:42661, type=STANDALONE, state=CONNECTED, ok=true, minWireVersion=0, maxWireVersion=5, maxDocumentSize=16777216, logicalSessionTimeoutMinutes=null, roundTripTimeNanos=2935954}
2021-07-29 15:50:48.116  INFO 19425 --- [      Thread-20] o.s.b.a.mongo.embedded.EmbeddedMongo     : 2021-07-29T15:50:48.115-0300 I NETWORK  [thread1] connection accepted from 127.0.0.1:51818 #2 (2 connections now open)
2021-07-29 15:50:48.121  INFO 19425 --- [      Thread-20] o.s.b.a.mongo.embedded.EmbeddedMongo     : 2021-07-29T15:50:48.121-0300 I NETWORK  [conn2] received client metadata from 127.0.0.1:51818 conn2: { driver: { name: "mongo-java-driver|sync|spring-boot", version: "4.2.3" }, os: { type: "Linux", name: "Linux", architecture: "amd64", version: "5.8.0-63-generic" }, platform: "Java/Ubuntu/11.0.11+9-Ubuntu-0ubuntu2.20.04" }
2021-07-29 15:50:48.123  INFO 19425 --- [localhost:42661] org.mongodb.driver.connection            : Opened connection [connectionId{localValue:12, serverValue:2}] to localhost:42661
2021-07-29 15:50:48.210  INFO 19425 --- [    Test worker] org.mongodb.driver.cluster               : Cluster created with settings {hosts=[localhost:42661], mode=SINGLE, requiredClusterType=UNKNOWN, serverSelectionTimeout='30000 ms'}
2021-07-29 15:50:48.212  INFO 19425 --- [      Thread-20] o.s.b.a.mongo.embedded.EmbeddedMongo     : 2021-07-29T15:50:48.212-0300 I NETWORK  [thread1] connection accepted from 127.0.0.1:51820 #3 (3 connections now open)
2021-07-29 15:50:48.219  INFO 19425 --- [      Thread-20] o.s.b.a.mongo.embedded.EmbeddedMongo     : 2021-07-29T15:50:48.219-0300 I NETWORK  [conn3] received client metadata from 127.0.0.1:51820 conn3: { driver: { name: "mongo-java-driver|reactive-streams|spring-boot", version: "4.2.3" }, os: { type: "Linux", name: "Linux", architecture: "amd64", version: "5.8.0-63-generic" }, platform: "Java/Ubuntu/11.0.11+9-Ubuntu-0ubuntu2.20.04" }
2021-07-29 15:50:48.221  INFO 19425 --- [      Thread-20] o.s.b.a.mongo.embedded.EmbeddedMongo     : 2021-07-29T15:50:48.221-0300 I NETWORK  [thread1] connection accepted from 127.0.0.1:51822 #4 (4 connections now open)
2021-07-29 15:50:48.226  INFO 19425 --- [      Thread-20] o.s.b.a.mongo.embedded.EmbeddedMongo     : 2021-07-29T15:50:48.225-0300 I NETWORK  [conn4] received client metadata from 127.0.0.1:51822 conn4: { driver: { name: "mongo-java-driver|reactive-streams|spring-boot", version: "4.2.3" }, os: { type: "Linux", name: "Linux", architecture: "amd64", version: "5.8.0-63-generic" }, platform: "Java/Ubuntu/11.0.11+9-Ubuntu-0ubuntu2.20.04" }
2021-07-29 15:50:48.227  INFO 19425 --- [localhost:42661] org.mongodb.driver.connection            : Opened connection [connectionId{localValue:13, serverValue:3}] to localhost:42661
2021-07-29 15:50:48.228  INFO 19425 --- [localhost:42661] org.mongodb.driver.cluster               : Monitor thread successfully connected to server with description ServerDescription{address=localhost:42661, type=STANDALONE, state=CONNECTED, ok=true, minWireVersion=0, maxWireVersion=5, maxDocumentSize=16777216, logicalSessionTimeoutMinutes=null, roundTripTimeNanos=7851367}
2021-07-29 15:50:48.231  INFO 19425 --- [localhost:42661] org.mongodb.driver.connection            : Opened connection [connectionId{localValue:14, serverValue:4}] to localhost:42661
2021-07-29 15:50:48.323  INFO 19425 --- [    Test worker] g.s.r.UnitOfMeasureRepositoryIT          : Started UnitOfMeasureRepositoryIT in 0.928 seconds (JVM running for 34.431)
2021-07-29 15:50:48.368  INFO 19425 --- [      Thread-20] o.s.b.a.mongo.embedded.EmbeddedMongo     : 2021-07-29T15:50:48.368-0300 I NETWORK  [thread1] connection accepted from 127.0.0.1:51824 #5 (5 connections now open)
2021-07-29 15:50:48.376  INFO 19425 --- [      Thread-20] o.s.b.a.mongo.embedded.EmbeddedMongo     : 2021-07-29T15:50:48.376-0300 I NETWORK  [conn5] received client metadata from 127.0.0.1:51824 conn5: { driver: { name: "mongo-java-driver|sync|spring-boot", version: "4.2.3" }, os: { type: "Linux", name: "Linux", architecture: "amd64", version: "5.8.0-63-generic" }, platform: "Java/Ubuntu/11.0.11+9-Ubuntu-0ubuntu2.20.04" }
2021-07-29 15:50:48.377  INFO 19425 --- [    Test worker] org.mongodb.driver.connection            : Opened connection [connectionId{localValue:15, serverValue:5}] to localhost:42661
2021-07-29 15:50:48.580 DEBUG 19425 --- [    Test worker] g.s.bootstrap.RecipeBootstrap            : Loading Bootstrap Data
2021-07-29 15:50:48.596 DEBUG 19425 --- [    Test worker] g.s.bootstrap.RecipeBootstrap            : Loading Bootstrap Data
]]></system-out>
  <system-err><![CDATA[]]></system-err>
</testsuite>
