<?xml version="1.0" encoding="UTF-8"?>
<testsuite name="guru.springframework.services.RecipeServiceImplTest" tests="5" skipped="0" failures="0" errors="0" timestamp="2021-11-04T01:46:26" hostname="AMCEINF19" time="0.022">
  <properties/>
  <testcase name="getRecipeByIdTestNotFound()" classname="guru.springframework.services.RecipeServiceImplTest" time="0.007"/>
  <testcase name="testDeleteById()" classname="guru.springframework.services.RecipeServiceImplTest" time="0.002"/>
  <testcase name="getRecipesTest()" classname="guru.springframework.services.RecipeServiceImplTest" time="0.009"/>
  <testcase name="getRecipeByIdTest()" classname="guru.springframework.services.RecipeServiceImplTest" time="0.002"/>
  <testcase name="getRecipeCommandByIdTest()" classname="guru.springframework.services.RecipeServiceImplTest" time="0.001"/>
  <system-out><![CDATA[2021-11-03 22:46:26.208 DEBUG 43725 --- [    Test worker] g.s.services.RecipeServiceImpl           : I'm in the service
2021-11-03 22:46:26.209 DEBUG 43725 --- [    Test worker] g.s.services.RecipeServiceImpl           : I'm in the service
]]></system-out>
  <system-err><![CDATA[]]></system-err>
</testsuite>
