<?xml version="1.0" encoding="UTF-8"?>
<testsuite name="guru.springframework.repositories.reactive.UnitOfMeasureReactiveRepositoryIT" tests="1" skipped="0" failures="0" errors="0" timestamp="2021-11-15T23:22:10" hostname="AMCEINF19" time="0.032">
  <properties/>
  <testcase name="findByDescription()" classname="guru.springframework.repositories.reactive.UnitOfMeasureReactiveRepositoryIT" time="0.032"/>
  <system-out><![CDATA[2021-11-15 20:22:09.061  INFO 74250 --- [    Test worker] .b.t.c.SpringBootTestContextBootstrapper : Neither @ContextConfiguration nor @ContextHierarchy found for test class [guru.springframework.repositories.reactive.UnitOfMeasureReactiveRepositoryIT], using SpringBootContextLoader
2021-11-15 20:22:09.063  INFO 74250 --- [    Test worker] o.s.t.c.support.AbstractContextLoader    : Could not detect default resource locations for test class [guru.springframework.repositories.reactive.UnitOfMeasureReactiveRepositoryIT]: no resource found for suffixes {-context.xml, Context.groovy}.
2021-11-15 20:22:09.063  INFO 74250 --- [    Test worker] t.c.s.AnnotationConfigContextLoaderUtils : Could not detect default configuration classes for test class [guru.springframework.repositories.reactive.UnitOfMeasureReactiveRepositoryIT]: UnitOfMeasureReactiveRepositoryIT does not declare any static, non-private, non-final, nested classes annotated with @Configuration.
2021-11-15 20:22:09.065  INFO 74250 --- [    Test worker] .b.t.c.SpringBootTestContextBootstrapper : Found @SpringBootConfiguration guru.springframework.Spring5MongoRecipeAppApplication for test class guru.springframework.repositories.reactive.UnitOfMeasureReactiveRepositoryIT
2021-11-15 20:22:09.067  INFO 74250 --- [    Test worker] .b.t.c.SpringBootTestContextBootstrapper : Loaded default TestExecutionListener class names from location [META-INF/spring.factories]: [org.springframework.boot.test.autoconfigure.restdocs.RestDocsTestExecutionListener, org.springframework.boot.test.autoconfigure.web.client.MockRestServiceServerResetTestExecutionListener, org.springframework.boot.test.autoconfigure.web.servlet.MockMvcPrintOnlyOnFailureTestExecutionListener, org.springframework.boot.test.autoconfigure.web.servlet.WebDriverTestExecutionListener, org.springframework.boot.test.autoconfigure.webservices.client.MockWebServiceServerTestExecutionListener, org.springframework.boot.test.mock.mockito.MockitoTestExecutionListener, org.springframework.boot.test.mock.mockito.ResetMocksTestExecutionListener, org.springframework.test.context.web.ServletTestExecutionListener, org.springframework.test.context.support.DirtiesContextBeforeModesTestExecutionListener, org.springframework.test.context.event.ApplicationEventsTestExecutionListener, org.springframework.test.context.support.DependencyInjectionTestExecutionListener, org.springframework.test.context.support.DirtiesContextTestExecutionListener, org.springframework.test.context.transaction.TransactionalTestExecutionListener, org.springframework.test.context.jdbc.SqlScriptsTestExecutionListener, org.springframework.test.context.event.EventPublishingTestExecutionListener]
2021-11-15 20:22:09.068  INFO 74250 --- [    Test worker] .b.t.c.SpringBootTestContextBootstrapper : Using TestExecutionListeners: [org.springframework.test.context.web.ServletTestExecutionListener@73439579, org.springframework.test.context.support.DirtiesContextBeforeModesTestExecutionListener@19a95343, org.springframework.test.context.event.ApplicationEventsTestExecutionListener@5c12b9d2, org.springframework.boot.test.mock.mockito.MockitoTestExecutionListener@3b09c71e, org.springframework.boot.test.autoconfigure.SpringBootDependencyInjectionTestExecutionListener@540e655b, org.springframework.test.context.support.DirtiesContextTestExecutionListener@76e17d2, org.springframework.test.context.transaction.TransactionalTestExecutionListener@4efbe2c4, org.springframework.test.context.jdbc.SqlScriptsTestExecutionListener@3b3fed32, org.springframework.test.context.event.EventPublishingTestExecutionListener@1c3c63b3, org.springframework.boot.test.autoconfigure.restdocs.RestDocsTestExecutionListener@6b9b2761, org.springframework.boot.test.autoconfigure.web.client.MockRestServiceServerResetTestExecutionListener@7ae71514, org.springframework.boot.test.autoconfigure.web.servlet.MockMvcPrintOnlyOnFailureTestExecutionListener@3ef53107, org.springframework.boot.test.autoconfigure.web.servlet.WebDriverTestExecutionListener@41abec91, org.springframework.boot.test.autoconfigure.webservices.client.MockWebServiceServerTestExecutionListener@73396bea, org.springframework.boot.test.mock.mockito.ResetMocksTestExecutionListener@31349f2c]

  .   ____          _            __ _ _
 /\\ / ___'_ __ _ _(_)_ __  __ _ \ \ \ \
( ( )\___ | '_ | '_| | '_ \/ _` | \ \ \ \
 \\/  ___)| |_)| | | | | || (_| |  ) ) ) )
  '  |____| .__|_| |_|_| |_\__, | / / / /
 =========|_|==============|___/=/_/_/_/
 :: Spring Boot ::                (v2.5.5)

2021-11-15 20:22:09.103  INFO 74250 --- [    Test worker] .s.r.r.UnitOfMeasureReactiveRepositoryIT : Starting UnitOfMeasureReactiveRepositoryIT using Java 11.0.11 on AMCEINF19 with PID 74250 (started by berkson in /home/berkson/git/spring5-mongo-recipe-app)
2021-11-15 20:22:09.103 DEBUG 74250 --- [    Test worker] .s.r.r.UnitOfMeasureReactiveRepositoryIT : Running with Spring Boot v2.5.5, Spring v5.3.10
2021-11-15 20:22:09.103  INFO 74250 --- [    Test worker] .s.r.r.UnitOfMeasureReactiveRepositoryIT : The following profiles are active: reactive
2021-11-15 20:22:09.239  INFO 74250 --- [    Test worker] .s.d.r.c.RepositoryConfigurationDelegate : Bootstrapping Spring Data Reactive MongoDB repositories in DEFAULT mode.
2021-11-15 20:22:09.251  INFO 74250 --- [    Test worker] .s.d.r.c.RepositoryConfigurationDelegate : Finished Spring Data repository scanning in 11 ms. Found 3 Reactive MongoDB repository interfaces.
2021-11-15 20:22:09.252  INFO 74250 --- [    Test worker] .s.d.r.c.RepositoryConfigurationDelegate : Bootstrapping Spring Data MongoDB repositories in DEFAULT mode.
2021-11-15 20:22:09.261  INFO 74250 --- [    Test worker] .s.d.r.c.RepositoryConfigurationDelegate : Finished Spring Data repository scanning in 8 ms. Found 3 MongoDB repository interfaces.
2021-11-15 20:22:09.408  INFO 74250 --- [      Thread-16] o.s.b.a.mongo.embedded.EmbeddedMongo     : note: noprealloc may hurt performance in many applications
2021-11-15 20:22:09.410  INFO 74250 --- [      Thread-16] o.s.b.a.mongo.embedded.EmbeddedMongo     : 2021-11-15T20:22:09.410-0300 I CONTROL  [initandlisten] MongoDB starting : pid=74329 port=40371 dbpath=/tmp/embedmongo-db-6829a0e7-3856-4362-8d3f-4ea32914fdf3 64-bit host=AMCEINF19
2021-11-15 20:22:09.410  INFO 74250 --- [      Thread-16] o.s.b.a.mongo.embedded.EmbeddedMongo     : 2021-11-15T20:22:09.410-0300 I CONTROL  [initandlisten] db version v3.5.5
2021-11-15 20:22:09.410  INFO 74250 --- [      Thread-16] o.s.b.a.mongo.embedded.EmbeddedMongo     : 2021-11-15T20:22:09.410-0300 I CONTROL  [initandlisten] git version: 98515c812b6fa893613f063dae568ff8319cbfbd
2021-11-15 20:22:09.411  INFO 74250 --- [      Thread-16] o.s.b.a.mongo.embedded.EmbeddedMongo     : 2021-11-15T20:22:09.410-0300 I CONTROL  [initandlisten] allocator: tcmalloc
2021-11-15 20:22:09.413  INFO 74250 --- [      Thread-16] o.s.b.a.mongo.embedded.EmbeddedMongo     : 2021-11-15T20:22:09.410-0300 I CONTROL  [initandlisten] modules: none
2021-11-15 20:22:09.415  INFO 74250 --- [      Thread-16] o.s.b.a.mongo.embedded.EmbeddedMongo     : 2021-11-15T20:22:09.410-0300 I CONTROL  [initandlisten] build environment:
2021-11-15 20:22:09.415  INFO 74250 --- [      Thread-16] o.s.b.a.mongo.embedded.EmbeddedMongo     : 2021-11-15T20:22:09.410-0300 I CONTROL  [initandlisten]     distarch: x86_64
2021-11-15 20:22:09.415  INFO 74250 --- [      Thread-16] o.s.b.a.mongo.embedded.EmbeddedMongo     : 2021-11-15T20:22:09.410-0300 I CONTROL  [initandlisten]     target_arch: x86_64
2021-11-15 20:22:09.416  INFO 74250 --- [      Thread-16] o.s.b.a.mongo.embedded.EmbeddedMongo     : 2021-11-15T20:22:09.410-0300 I CONTROL  [initandlisten] options: { net: { bindIp: "127.0.0.1", http: { enabled: false }, port: 40371 }, security: { authorization: "disabled" }, storage: { dbPath: "/tmp/embedmongo-db-6829a0e7-3856-4362-8d3f-4ea32914fdf3", journal: { enabled: false }, mmapv1: { preallocDataFiles: false, smallFiles: true }, syncPeriodSecs: 0.0 } }
2021-11-15 20:22:09.420  INFO 74250 --- [      Thread-16] o.s.b.a.mongo.embedded.EmbeddedMongo     : 2021-11-15T20:22:09.413-0300 I STORAGE  [initandlisten] 
2021-11-15 20:22:09.421  INFO 74250 --- [      Thread-16] o.s.b.a.mongo.embedded.EmbeddedMongo     : 2021-11-15T20:22:09.413-0300 I STORAGE  [initandlisten] ** WARNING: Using the XFS filesystem is strongly recommended with the WiredTiger storage engine
2021-11-15 20:22:09.421  INFO 74250 --- [      Thread-16] o.s.b.a.mongo.embedded.EmbeddedMongo     : 2021-11-15T20:22:09.413-0300 I STORAGE  [initandlisten] **          See http://dochub.mongodb.org/core/prodnotes-filesystem
2021-11-15 20:22:09.421  INFO 74250 --- [      Thread-16] o.s.b.a.mongo.embedded.EmbeddedMongo     : 2021-11-15T20:22:09.413-0300 I STORAGE  [initandlisten] wiredtiger_open config: create,cache_size=15478M,session_max=20000,eviction=(threads_min=4,threads_max=4),config_base=false,statistics=(fast),log=(enabled=true,archive=true,path=journal,compressor=snappy),file_manager=(close_idle_time=100000),checkpoint=(wait=0,log_size=2GB),statistics_log=(wait=0),verbose=(recovery_progress),,log=(enabled=false),
2021-11-15 20:22:09.474  INFO 74250 --- [      Thread-16] o.s.b.a.mongo.embedded.EmbeddedMongo     : 2021-11-15T20:22:09.474-0300 W STORAGE  [initandlisten] Detected configuration for non-active storage engine mmapv1 when current storage engine is wiredTiger
2021-11-15 20:22:09.475  INFO 74250 --- [      Thread-16] o.s.b.a.mongo.embedded.EmbeddedMongo     : 2021-11-15T20:22:09.474-0300 I CONTROL  [initandlisten] 
2021-11-15 20:22:09.475  INFO 74250 --- [      Thread-16] o.s.b.a.mongo.embedded.EmbeddedMongo     : 2021-11-15T20:22:09.474-0300 I CONTROL  [initandlisten] ** NOTE: This is a development version (3.5.5) of MongoDB.
2021-11-15 20:22:09.475  INFO 74250 --- [      Thread-16] o.s.b.a.mongo.embedded.EmbeddedMongo     : 2021-11-15T20:22:09.474-0300 I CONTROL  [initandlisten] **       Not recommended for production.
2021-11-15 20:22:09.475  INFO 74250 --- [      Thread-16] o.s.b.a.mongo.embedded.EmbeddedMongo     : 2021-11-15T20:22:09.474-0300 I CONTROL  [initandlisten] 
2021-11-15 20:22:09.475  INFO 74250 --- [      Thread-16] o.s.b.a.mongo.embedded.EmbeddedMongo     : 2021-11-15T20:22:09.474-0300 I CONTROL  [initandlisten] 
2021-11-15 20:22:09.475  INFO 74250 --- [      Thread-16] o.s.b.a.mongo.embedded.EmbeddedMongo     : 2021-11-15T20:22:09.474-0300 I CONTROL  [initandlisten] ** WARNING: soft rlimits too low. rlimits set to 127677 processes, 1048576 files. Number of processes should be at least 524288 : 0.5 times number of files.
2021-11-15 20:22:09.497  INFO 74250 --- [      Thread-16] o.s.b.a.mongo.embedded.EmbeddedMongo     : 2021-11-15T20:22:09.496-0300 I FTDC     [initandlisten] Initializing full-time diagnostic data capture with directory '/tmp/embedmongo-db-6829a0e7-3856-4362-8d3f-4ea32914fdf3/diagnostic.data'
2021-11-15 20:22:09.536  INFO 74250 --- [      Thread-16] o.s.b.a.mongo.embedded.EmbeddedMongo     : 2021-11-15T20:22:09.536-0300 I INDEX    [initandlisten] build index on: admin.system.version properties: { v: 2, key: { version: 1 }, name: "incompatible_with_version_32", ns: "admin.system.version" }
2021-11-15 20:22:09.536  INFO 74250 --- [      Thread-16] o.s.b.a.mongo.embedded.EmbeddedMongo     : 2021-11-15T20:22:09.536-0300 I INDEX    [initandlisten] 	 building index using bulk method; build may temporarily use up to 500 megabytes of RAM
2021-11-15 20:22:09.537  INFO 74250 --- [      Thread-16] o.s.b.a.mongo.embedded.EmbeddedMongo     : 2021-11-15T20:22:09.536-0300 I INDEX    [initandlisten] build index done.  scanned 0 total records. 0 secs
2021-11-15 20:22:09.537  INFO 74250 --- [      Thread-16] o.s.b.a.mongo.embedded.EmbeddedMongo     : 2021-11-15T20:22:09.537-0300 I COMMAND  [initandlisten] setting featureCompatibilityVersion to 3.4
2021-11-15 20:22:09.538  INFO 74250 --- [      Thread-16] o.s.b.a.mongo.embedded.EmbeddedMongo     : 2021-11-15T20:22:09.537-0300 I NETWORK  [thread1] waiting for connections on port 40371
2021-11-15 20:22:09.538  INFO 74250 --- [    Test worker] d.f.embed.mongo.MongodExecutable         : start MongodConfig{version=Version{3.5.5}, timeout=de.flapdoodle.embed.mongo.config.Timeout@347d8ef7, net=de.flapdoodle.embed.mongo.config.Net@1b12139, cmdOptions=MongoCmdOptions{syncDelay=0, useDefaultSyncDelay=false, isVerbose=false, useNoPrealloc=true, useSmallFiles=true, useNoJournal=true, enableTextSearch=false, auth=false, master=false}, password=, userName=, replication=de.flapdoodle.embed.mongo.config.Storage@22327b8c, isConfigServer=false, isShardServer=false, processListener=de.flapdoodle.embed.mongo.config.processlistener.NoopProcessListener@3d718ff2, params={}, args={}, pidFile=mongod.pid, supportConfig=de.flapdoodle.embed.mongo.config.SupportConfig@65a3b49d}
2021-11-15 20:22:09.546  INFO 74250 --- [    Test worker] org.mongodb.driver.cluster               : Cluster created with settings {hosts=[localhost:40371], mode=SINGLE, requiredClusterType=UNKNOWN, serverSelectionTimeout='30000 ms'}
2021-11-15 20:22:09.552  INFO 74250 --- [      Thread-16] o.s.b.a.mongo.embedded.EmbeddedMongo     : 2021-11-15T20:22:09.552-0300 I NETWORK  [thread1] connection accepted from 127.0.0.1:60252 #1 (1 connection now open)
2021-11-15 20:22:09.555  INFO 74250 --- [      Thread-16] o.s.b.a.mongo.embedded.EmbeddedMongo     : 2021-11-15T20:22:09.555-0300 I NETWORK  [thread1] connection accepted from 127.0.0.1:60254 #2 (2 connections now open)
2021-11-15 20:22:09.556  INFO 74250 --- [      Thread-16] o.s.b.a.mongo.embedded.EmbeddedMongo     : 2021-11-15T20:22:09.555-0300 I NETWORK  [conn1] received client metadata from 127.0.0.1:60252 conn1: { driver: { name: "mongo-java-driver|reactive-streams|spring-boot", version: "4.2.3" }, os: { type: "Linux", name: "Linux", architecture: "amd64", version: "5.4.0-90-generic" }, platform: "Java/Ubuntu/11.0.11+9-Ubuntu-0ubuntu2.20.04" }
2021-11-15 20:22:09.558  INFO 74250 --- [localhost:40371] org.mongodb.driver.connection            : Opened connection [connectionId{localValue:7, serverValue:1}] to localhost:40371
2021-11-15 20:22:09.562  INFO 74250 --- [    Test worker] org.mongodb.driver.cluster               : Cluster created with settings {hosts=[localhost:40371], mode=SINGLE, requiredClusterType=UNKNOWN, serverSelectionTimeout='30000 ms'}
2021-11-15 20:22:09.569  INFO 74250 --- [      Thread-16] o.s.b.a.mongo.embedded.EmbeddedMongo     : 2021-11-15T20:22:09.568-0300 I NETWORK  [conn2] received client metadata from 127.0.0.1:60254 conn2: { driver: { name: "mongo-java-driver|reactive-streams|spring-boot", version: "4.2.3" }, os: { type: "Linux", name: "Linux", architecture: "amd64", version: "5.4.0-90-generic" }, platform: "Java/Ubuntu/11.0.11+9-Ubuntu-0ubuntu2.20.04" }
2021-11-15 20:22:09.571  INFO 74250 --- [      Thread-16] o.s.b.a.mongo.embedded.EmbeddedMongo     : 2021-11-15T20:22:09.570-0300 I NETWORK  [thread1] connection accepted from 127.0.0.1:60256 #3 (3 connections now open)
2021-11-15 20:22:09.572  INFO 74250 --- [      Thread-16] o.s.b.a.mongo.embedded.EmbeddedMongo     : 2021-11-15T20:22:09.572-0300 I NETWORK  [thread1] connection accepted from 127.0.0.1:60258 #4 (4 connections now open)
2021-11-15 20:22:09.579  INFO 74250 --- [      Thread-16] o.s.b.a.mongo.embedded.EmbeddedMongo     : 2021-11-15T20:22:09.579-0300 I NETWORK  [conn4] received client metadata from 127.0.0.1:60258 conn4: { driver: { name: "mongo-java-driver|sync|spring-boot", version: "4.2.3" }, os: { type: "Linux", name: "Linux", architecture: "amd64", version: "5.4.0-90-generic" }, platform: "Java/Ubuntu/11.0.11+9-Ubuntu-0ubuntu2.20.04" }
2021-11-15 20:22:09.581  INFO 74250 --- [localhost:40371] org.mongodb.driver.connection            : Opened connection [connectionId{localValue:9, serverValue:4}] to localhost:40371
2021-11-15 20:22:09.583  INFO 74250 --- [localhost:40371] org.mongodb.driver.connection            : Opened connection [connectionId{localValue:6, serverValue:2}] to localhost:40371
2021-11-15 20:22:09.584  INFO 74250 --- [localhost:40371] org.mongodb.driver.cluster               : Monitor thread successfully connected to server with description ServerDescription{address=localhost:40371, type=STANDALONE, state=CONNECTED, ok=true, minWireVersion=0, maxWireVersion=5, maxDocumentSize=16777216, logicalSessionTimeoutMinutes=null, roundTripTimeNanos=26734053}
2021-11-15 20:22:09.584  INFO 74250 --- [      Thread-16] o.s.b.a.mongo.embedded.EmbeddedMongo     : 2021-11-15T20:22:09.584-0300 I NETWORK  [conn3] received client metadata from 127.0.0.1:60256 conn3: { driver: { name: "mongo-java-driver|sync|spring-boot", version: "4.2.3" }, os: { type: "Linux", name: "Linux", architecture: "amd64", version: "5.4.0-90-generic" }, platform: "Java/Ubuntu/11.0.11+9-Ubuntu-0ubuntu2.20.04" }
2021-11-15 20:22:09.591  INFO 74250 --- [localhost:40371] org.mongodb.driver.connection            : Opened connection [connectionId{localValue:8, serverValue:3}] to localhost:40371
2021-11-15 20:22:09.592  INFO 74250 --- [localhost:40371] org.mongodb.driver.cluster               : Monitor thread successfully connected to server with description ServerDescription{address=localhost:40371, type=STANDALONE, state=CONNECTED, ok=true, minWireVersion=0, maxWireVersion=5, maxDocumentSize=16777216, logicalSessionTimeoutMinutes=null, roundTripTimeNanos=13303953}
2021-11-15 20:22:09.847  INFO 74250 --- [    Test worker] o.s.b.a.w.s.WelcomePageHandlerMapping    : Adding welcome page template: index
2021-11-15 20:22:09.970  INFO 74250 --- [      Thread-16] o.s.b.a.mongo.embedded.EmbeddedMongo     : 2021-11-15T20:22:09.970-0300 I NETWORK  [thread1] connection accepted from 127.0.0.1:60260 #5 (5 connections now open)
2021-11-15 20:22:09.971  INFO 74250 --- [      Thread-16] o.s.b.a.mongo.embedded.EmbeddedMongo     : 2021-11-15T20:22:09.971-0300 I NETWORK  [conn5] received client metadata from 127.0.0.1:60260 conn5: { driver: { name: "mongo-java-driver|reactive-streams|spring-boot", version: "4.2.3" }, os: { type: "Linux", name: "Linux", architecture: "amd64", version: "5.4.0-90-generic" }, platform: "Java/Ubuntu/11.0.11+9-Ubuntu-0ubuntu2.20.04" }
2021-11-15 20:22:09.973  INFO 74250 --- [      Thread-11] org.mongodb.driver.connection            : Opened connection [connectionId{localValue:10, serverValue:5}] to localhost:40371
2021-11-15 20:22:09.975 DEBUG 74250 --- [    Test worker] g.s.bootstrap.RecipeReactiveBootstrap    : loading cause is empty
2021-11-15 20:22:10.145 DEBUG 74250 --- [    Test worker] g.s.bootstrap.RecipeReactiveBootstrap    : Loading Bootstrap Data
2021-11-15 20:22:10.150  INFO 74250 --- [    Test worker] g.s.bootstrap.RecipeReactiveBootstrap    : Categories: 4
2021-11-15 20:22:10.152  INFO 74250 --- [    Test worker] g.s.bootstrap.RecipeReactiveBootstrap    : Recipes: 2
2021-11-15 20:22:10.156  INFO 74250 --- [    Test worker] g.s.bootstrap.RecipeReactiveBootstrap    : Units of Measure: 8
2021-11-15 20:22:10.159  INFO 74250 --- [    Test worker] .s.r.r.UnitOfMeasureReactiveRepositoryIT : Started UnitOfMeasureReactiveRepositoryIT in 1.088 seconds (JVM running for 7.715)
2021-11-15 20:22:10.175 DEBUG 74250 --- [    Test worker] g.s.bootstrap.RecipeReactiveBootstrap    : Loading Bootstrap Data
2021-11-15 20:22:10.181  INFO 74250 --- [    Test worker] g.s.bootstrap.RecipeReactiveBootstrap    : Categories: 4
2021-11-15 20:22:10.183  INFO 74250 --- [    Test worker] g.s.bootstrap.RecipeReactiveBootstrap    : Recipes: 2
2021-11-15 20:22:10.185  INFO 74250 --- [    Test worker] g.s.bootstrap.RecipeReactiveBootstrap    : Units of Measure: 8
]]></system-out>
  <system-err><![CDATA[]]></system-err>
</testsuite>
