<?xml version="1.0" encoding="UTF-8"?>
<testsuite name="guru.springframework.controllers.IndexControllerTest" tests="2" skipped="0" failures="0" errors="0" timestamp="2021-11-15T23:22:11" hostname="AMCEINF19" time="0.013">
  <properties/>
  <testcase name="getIndexPage()" classname="guru.springframework.controllers.IndexControllerTest" time="0.004"/>
  <testcase name="testMockMVC()" classname="guru.springframework.controllers.IndexControllerTest" time="0.009"/>
  <system-out><![CDATA[2021-11-15 20:22:11.988 DEBUG 74250 --- [    Test worker] g.s.controllers.IndexController          : Getting Index page
2021-11-15 20:22:11.998  INFO 74250 --- [    Test worker] o.s.mock.web.MockServletContext          : Initializing Spring TestDispatcherServlet ''
2021-11-15 20:22:11.998  INFO 74250 --- [    Test worker] o.s.t.web.servlet.TestDispatcherServlet  : Initializing Servlet ''
2021-11-15 20:22:11.998  INFO 74250 --- [    Test worker] o.s.t.web.servlet.TestDispatcherServlet  : Completed initialization in 0 ms
2021-11-15 20:22:11.999 DEBUG 74250 --- [    Test worker] g.s.controllers.IndexController          : Getting Index page
]]></system-out>
  <system-err><![CDATA[]]></system-err>
</testsuite>
