<?xml version="1.0" encoding="UTF-8"?>
<testsuite name="guru.springframework.converters.RecipeToRecipeCommandTest" tests="3" skipped="0" failures="0" errors="0" timestamp="2021-07-29T18:50:22" hostname="aspire5" time="0.006">
  <properties/>
  <testcase name="testEmptyObject()" classname="guru.springframework.converters.RecipeToRecipeCommandTest" time="0.001"/>
  <testcase name="convert()" classname="guru.springframework.converters.RecipeToRecipeCommandTest" time="0.002"/>
  <testcase name="testNullObject()" classname="guru.springframework.converters.RecipeToRecipeCommandTest" time="0.001"/>
  <system-out><![CDATA[]]></system-out>
  <system-err><![CDATA[]]></system-err>
</testsuite>
