<?xml version="1.0" encoding="UTF-8"?>
<testsuite name="guru.springframework.services.reactive.IngredientReactiveServiceImplTest" tests="4" skipped="0" failures="0" errors="0" timestamp="2021-11-04T02:24:10" hostname="AMCEINF19" time="0.102">
  <properties/>
  <testcase name="findByRecipeIdAndReceipeIdHappyPath()" classname="guru.springframework.services.reactive.IngredientReactiveServiceImplTest" time="0.076"/>
  <testcase name="findByRecipeIdAndId()" classname="guru.springframework.services.reactive.IngredientReactiveServiceImplTest" time="0.0"/>
  <testcase name="testDeleteById()" classname="guru.springframework.services.reactive.IngredientReactiveServiceImplTest" time="0.015"/>
  <testcase name="testSaveRecipeCommand()" classname="guru.springframework.services.reactive.IngredientReactiveServiceImplTest" time="0.008"/>
  <system-out><![CDATA[2021-11-03 23:24:10.925 DEBUG 45934 --- [    Test worker] g.s.s.r.IngredientReactiveServiceImpl    : Deleting ingredient: 1:3
2021-11-03 23:24:10.926 DEBUG 45934 --- [    Test worker] g.s.s.r.IngredientReactiveServiceImpl    : found recipe
2021-11-03 23:24:10.926 DEBUG 45934 --- [    Test worker] g.s.s.r.IngredientReactiveServiceImpl    : found Ingredient
]]></system-out>
  <system-err><![CDATA[]]></system-err>
</testsuite>
