<?xml version="1.0" encoding="UTF-8"?>
<testsuite name="guru.springframework.services.reactive.IngredientReactiveServiceImplTest" tests="4" skipped="0" failures="0" errors="0" timestamp="2021-07-29T18:50:48" hostname="aspire5" time="0.144">
  <properties/>
  <testcase name="findByRecipeIdAndReceipeIdHappyPath()" classname="guru.springframework.services.reactive.IngredientReactiveServiceImplTest" time="0.121"/>
  <testcase name="findByRecipeIdAndId()" classname="guru.springframework.services.reactive.IngredientReactiveServiceImplTest" time="0.005"/>
  <testcase name="testDeleteById()" classname="guru.springframework.services.reactive.IngredientReactiveServiceImplTest" time="0.008"/>
  <testcase name="testSaveRecipeCommand()" classname="guru.springframework.services.reactive.IngredientReactiveServiceImplTest" time="0.007"/>
  <system-out><![CDATA[2021-07-29 15:50:49.117 DEBUG 19425 --- [    Test worker] g.s.s.r.IngredientReactiveServiceImpl    : Deleting ingredient: 1:3
2021-07-29 15:50:49.118 DEBUG 19425 --- [    Test worker] g.s.s.r.IngredientReactiveServiceImpl    : found recipe
2021-07-29 15:50:49.118 DEBUG 19425 --- [    Test worker] g.s.s.r.IngredientReactiveServiceImpl    : found Ingredient
]]></system-out>
  <system-err><![CDATA[]]></system-err>
</testsuite>
