<?xml version="1.0" encoding="UTF-8"?>
<testsuite name="guru.springframework.domain.CategoryTest" tests="3" skipped="0" failures="0" errors="0" timestamp="2021-11-04T01:46:20" hostname="AMCEINF19" time="0.013">
  <properties/>
  <testcase name="getId()" classname="guru.springframework.domain.CategoryTest" time="0.011"/>
  <testcase name="getDescription()" classname="guru.springframework.domain.CategoryTest" time="0.0"/>
  <testcase name="getRecipes()" classname="guru.springframework.domain.CategoryTest" time="0.0"/>
  <system-out><![CDATA[]]></system-out>
  <system-err><![CDATA[]]></system-err>
</testsuite>
