<?xml version="1.0" encoding="UTF-8"?>
<testsuite name="guru.springframework.repositories.UnitOfMeasureRepositoryIT" tests="2" skipped="0" failures="0" errors="0" timestamp="2021-11-04T02:24:10" hostname="AMCEINF19" time="0.288">
  <properties/>
  <testcase name="findByDescription()" classname="guru.springframework.repositories.UnitOfMeasureRepositoryIT" time="0.264"/>
  <testcase name="findByDescriptionCup()" classname="guru.springframework.repositories.UnitOfMeasureRepositoryIT" time="0.023"/>
  <system-out><![CDATA[2021-11-03 23:24:09.782  INFO 45934 --- [    Test worker] t.a.d.m.DataMongoTestContextBootstrapper : Neither @ContextConfiguration nor @ContextHierarchy found for test class [guru.springframework.repositories.UnitOfMeasureRepositoryIT], using SpringBootContextLoader
2021-11-03 23:24:09.783  INFO 45934 --- [    Test worker] o.s.t.c.support.AbstractContextLoader    : Could not detect default resource locations for test class [guru.springframework.repositories.UnitOfMeasureRepositoryIT]: no resource found for suffixes {-context.xml, Context.groovy}.
2021-11-03 23:24:09.783  INFO 45934 --- [    Test worker] t.c.s.AnnotationConfigContextLoaderUtils : Could not detect default configuration classes for test class [guru.springframework.repositories.UnitOfMeasureRepositoryIT]: UnitOfMeasureRepositoryIT does not declare any static, non-private, non-final, nested classes annotated with @Configuration.
2021-11-03 23:24:09.798  INFO 45934 --- [    Test worker] .b.t.c.SpringBootTestContextBootstrapper : Found @SpringBootConfiguration guru.springframework.Spring5MongoRecipeAppApplication for test class guru.springframework.repositories.UnitOfMeasureRepositoryIT
2021-11-03 23:24:09.798  INFO 45934 --- [    Test worker] t.a.d.m.DataMongoTestContextBootstrapper : Loaded default TestExecutionListener class names from location [META-INF/spring.factories]: [org.springframework.boot.test.autoconfigure.restdocs.RestDocsTestExecutionListener, org.springframework.boot.test.autoconfigure.web.client.MockRestServiceServerResetTestExecutionListener, org.springframework.boot.test.autoconfigure.web.servlet.MockMvcPrintOnlyOnFailureTestExecutionListener, org.springframework.boot.test.autoconfigure.web.servlet.WebDriverTestExecutionListener, org.springframework.boot.test.autoconfigure.webservices.client.MockWebServiceServerTestExecutionListener, org.springframework.boot.test.mock.mockito.MockitoTestExecutionListener, org.springframework.boot.test.mock.mockito.ResetMocksTestExecutionListener, org.springframework.test.context.web.ServletTestExecutionListener, org.springframework.test.context.support.DirtiesContextBeforeModesTestExecutionListener, org.springframework.test.context.event.ApplicationEventsTestExecutionListener, org.springframework.test.context.support.DependencyInjectionTestExecutionListener, org.springframework.test.context.support.DirtiesContextTestExecutionListener, org.springframework.test.context.transaction.TransactionalTestExecutionListener, org.springframework.test.context.jdbc.SqlScriptsTestExecutionListener, org.springframework.test.context.event.EventPublishingTestExecutionListener]
2021-11-03 23:24:09.799  INFO 45934 --- [    Test worker] t.a.d.m.DataMongoTestContextBootstrapper : Using TestExecutionListeners: [org.springframework.test.context.support.DirtiesContextBeforeModesTestExecutionListener@4b37a6ca, org.springframework.test.context.event.ApplicationEventsTestExecutionListener@4cd0d05e, org.springframework.boot.test.mock.mockito.MockitoTestExecutionListener@610aa9fa, org.springframework.boot.test.autoconfigure.SpringBootDependencyInjectionTestExecutionListener@3a9cd7a0, org.springframework.test.context.support.DirtiesContextTestExecutionListener@4ceb27cf, org.springframework.test.context.transaction.TransactionalTestExecutionListener@6f35c2c, org.springframework.test.context.jdbc.SqlScriptsTestExecutionListener@32026071, org.springframework.test.context.event.EventPublishingTestExecutionListener@6eff8046, org.springframework.boot.test.autoconfigure.restdocs.RestDocsTestExecutionListener@7b3f0709, org.springframework.boot.test.autoconfigure.web.client.MockRestServiceServerResetTestExecutionListener@67b1267e, org.springframework.boot.test.autoconfigure.web.servlet.MockMvcPrintOnlyOnFailureTestExecutionListener@4611d311, org.springframework.boot.test.autoconfigure.web.servlet.WebDriverTestExecutionListener@547e9625, org.springframework.boot.test.autoconfigure.webservices.client.MockWebServiceServerTestExecutionListener@57fac4ec, org.springframework.boot.test.mock.mockito.ResetMocksTestExecutionListener@39169abb]

  .   ____          _            __ _ _
 /\\ / ___'_ __ _ _(_)_ __  __ _ \ \ \ \
( ( )\___ | '_ | '_| | '_ \/ _` | \ \ \ \
 \\/  ___)| |_)| | | | | || (_| |  ) ) ) )
  '  |____| .__|_| |_|_| |_\__, | / / / /
 =========|_|==============|___/=/_/_/_/
 :: Spring Boot ::                (v2.5.5)

2021-11-03 23:24:09.823  INFO 45934 --- [    Test worker] g.s.r.UnitOfMeasureRepositoryIT          : Starting UnitOfMeasureRepositoryIT using Java 11.0.11 on AMCEINF19 with PID 45934 (started by berkson in /home/berkson/git/spring5-mongo-recipe-app)
2021-11-03 23:24:09.824 DEBUG 45934 --- [    Test worker] g.s.r.UnitOfMeasureRepositoryIT          : Running with Spring Boot v2.5.5, Spring v5.3.10
2021-11-03 23:24:09.824  INFO 45934 --- [    Test worker] g.s.r.UnitOfMeasureRepositoryIT          : The following profiles are active: reactive
2021-11-03 23:24:09.894  INFO 45934 --- [    Test worker] .s.d.r.c.RepositoryConfigurationDelegate : Bootstrapping Spring Data Reactive MongoDB repositories in DEFAULT mode.
2021-11-03 23:24:09.906  INFO 45934 --- [    Test worker] .s.d.r.c.RepositoryConfigurationDelegate : Finished Spring Data repository scanning in 11 ms. Found 3 Reactive MongoDB repository interfaces.
2021-11-03 23:24:09.907  INFO 45934 --- [    Test worker] .s.d.r.c.RepositoryConfigurationDelegate : Bootstrapping Spring Data MongoDB repositories in DEFAULT mode.
2021-11-03 23:24:09.941  INFO 45934 --- [    Test worker] .s.d.r.c.RepositoryConfigurationDelegate : Finished Spring Data repository scanning in 33 ms. Found 3 MongoDB repository interfaces.
2021-11-03 23:24:10.065  INFO 45934 --- [      Thread-12] o.s.b.a.mongo.embedded.EmbeddedMongo     : note: noprealloc may hurt performance in many applications
2021-11-03 23:24:10.070  INFO 45934 --- [      Thread-12] o.s.b.a.mongo.embedded.EmbeddedMongo     : 2021-11-03T23:24:10.067-0300 I CONTROL  [initandlisten] MongoDB starting : pid=46056 port=45949 dbpath=/tmp/embedmongo-db-40a27506-af47-4753-93a4-490d366a1179 64-bit host=AMCEINF19
2021-11-03 23:24:10.071  INFO 45934 --- [      Thread-12] o.s.b.a.mongo.embedded.EmbeddedMongo     : 2021-11-03T23:24:10.067-0300 I CONTROL  [initandlisten] db version v3.5.5
2021-11-03 23:24:10.071  INFO 45934 --- [      Thread-12] o.s.b.a.mongo.embedded.EmbeddedMongo     : 2021-11-03T23:24:10.067-0300 I CONTROL  [initandlisten] git version: 98515c812b6fa893613f063dae568ff8319cbfbd
2021-11-03 23:24:10.071  INFO 45934 --- [      Thread-12] o.s.b.a.mongo.embedded.EmbeddedMongo     : 2021-11-03T23:24:10.067-0300 I CONTROL  [initandlisten] allocator: tcmalloc
2021-11-03 23:24:10.071  INFO 45934 --- [      Thread-12] o.s.b.a.mongo.embedded.EmbeddedMongo     : 2021-11-03T23:24:10.067-0300 I CONTROL  [initandlisten] modules: none
2021-11-03 23:24:10.071  INFO 45934 --- [      Thread-12] o.s.b.a.mongo.embedded.EmbeddedMongo     : 2021-11-03T23:24:10.067-0300 I CONTROL  [initandlisten] build environment:
2021-11-03 23:24:10.071  INFO 45934 --- [      Thread-12] o.s.b.a.mongo.embedded.EmbeddedMongo     : 2021-11-03T23:24:10.067-0300 I CONTROL  [initandlisten]     distarch: x86_64
2021-11-03 23:24:10.071  INFO 45934 --- [      Thread-12] o.s.b.a.mongo.embedded.EmbeddedMongo     : 2021-11-03T23:24:10.067-0300 I CONTROL  [initandlisten]     target_arch: x86_64
2021-11-03 23:24:10.071  INFO 45934 --- [      Thread-12] o.s.b.a.mongo.embedded.EmbeddedMongo     : 2021-11-03T23:24:10.067-0300 I CONTROL  [initandlisten] options: { net: { bindIp: "127.0.0.1", http: { enabled: false }, port: 45949 }, security: { authorization: "disabled" }, storage: { dbPath: "/tmp/embedmongo-db-40a27506-af47-4753-93a4-490d366a1179", journal: { enabled: false }, mmapv1: { preallocDataFiles: false, smallFiles: true }, syncPeriodSecs: 0.0 } }
2021-11-03 23:24:10.071  INFO 45934 --- [      Thread-12] o.s.b.a.mongo.embedded.EmbeddedMongo     : 2021-11-03T23:24:10.070-0300 I STORAGE  [initandlisten] 
2021-11-03 23:24:10.071  INFO 45934 --- [      Thread-12] o.s.b.a.mongo.embedded.EmbeddedMongo     : 2021-11-03T23:24:10.070-0300 I STORAGE  [initandlisten] ** WARNING: Using the XFS filesystem is strongly recommended with the WiredTiger storage engine
2021-11-03 23:24:10.071  INFO 45934 --- [      Thread-12] o.s.b.a.mongo.embedded.EmbeddedMongo     : 2021-11-03T23:24:10.070-0300 I STORAGE  [initandlisten] **          See http://dochub.mongodb.org/core/prodnotes-filesystem
2021-11-03 23:24:10.071  INFO 45934 --- [      Thread-12] o.s.b.a.mongo.embedded.EmbeddedMongo     : 2021-11-03T23:24:10.070-0300 I STORAGE  [initandlisten] wiredtiger_open config: create,cache_size=15478M,session_max=20000,eviction=(threads_min=4,threads_max=4),config_base=false,statistics=(fast),log=(enabled=true,archive=true,path=journal,compressor=snappy),file_manager=(close_idle_time=100000),checkpoint=(wait=0,log_size=2GB),statistics_log=(wait=0),verbose=(recovery_progress),,log=(enabled=false),
2021-11-03 23:24:10.133  INFO 45934 --- [      Thread-12] o.s.b.a.mongo.embedded.EmbeddedMongo     : 2021-11-03T23:24:10.133-0300 W STORAGE  [initandlisten] Detected configuration for non-active storage engine mmapv1 when current storage engine is wiredTiger
2021-11-03 23:24:10.133  INFO 45934 --- [      Thread-12] o.s.b.a.mongo.embedded.EmbeddedMongo     : 2021-11-03T23:24:10.133-0300 I CONTROL  [initandlisten] 
2021-11-03 23:24:10.133  INFO 45934 --- [      Thread-12] o.s.b.a.mongo.embedded.EmbeddedMongo     : 2021-11-03T23:24:10.133-0300 I CONTROL  [initandlisten] ** NOTE: This is a development version (3.5.5) of MongoDB.
2021-11-03 23:24:10.133  INFO 45934 --- [      Thread-12] o.s.b.a.mongo.embedded.EmbeddedMongo     : 2021-11-03T23:24:10.133-0300 I CONTROL  [initandlisten] **       Not recommended for production.
2021-11-03 23:24:10.134  INFO 45934 --- [      Thread-12] o.s.b.a.mongo.embedded.EmbeddedMongo     : 2021-11-03T23:24:10.133-0300 I CONTROL  [initandlisten] 
2021-11-03 23:24:10.134  INFO 45934 --- [      Thread-12] o.s.b.a.mongo.embedded.EmbeddedMongo     : 2021-11-03T23:24:10.134-0300 I CONTROL  [initandlisten] 
2021-11-03 23:24:10.134  INFO 45934 --- [      Thread-12] o.s.b.a.mongo.embedded.EmbeddedMongo     : 2021-11-03T23:24:10.134-0300 I CONTROL  [initandlisten] ** WARNING: soft rlimits too low. rlimits set to 127677 processes, 1048576 files. Number of processes should be at least 524288 : 0.5 times number of files.
2021-11-03 23:24:10.155  INFO 45934 --- [      Thread-12] o.s.b.a.mongo.embedded.EmbeddedMongo     : 2021-11-03T23:24:10.155-0300 I FTDC     [initandlisten] Initializing full-time diagnostic data capture with directory '/tmp/embedmongo-db-40a27506-af47-4753-93a4-490d366a1179/diagnostic.data'
2021-11-03 23:24:10.190  INFO 45934 --- [      Thread-12] o.s.b.a.mongo.embedded.EmbeddedMongo     : 2021-11-03T23:24:10.190-0300 I INDEX    [initandlisten] build index on: admin.system.version properties: { v: 2, key: { version: 1 }, name: "incompatible_with_version_32", ns: "admin.system.version" }
2021-11-03 23:24:10.191  INFO 45934 --- [      Thread-12] o.s.b.a.mongo.embedded.EmbeddedMongo     : 2021-11-03T23:24:10.190-0300 I INDEX    [initandlisten] 	 building index using bulk method; build may temporarily use up to 500 megabytes of RAM
2021-11-03 23:24:10.191  INFO 45934 --- [      Thread-12] o.s.b.a.mongo.embedded.EmbeddedMongo     : 2021-11-03T23:24:10.191-0300 I INDEX    [initandlisten] build index done.  scanned 0 total records. 0 secs
2021-11-03 23:24:10.192  INFO 45934 --- [      Thread-12] o.s.b.a.mongo.embedded.EmbeddedMongo     : 2021-11-03T23:24:10.192-0300 I COMMAND  [initandlisten] setting featureCompatibilityVersion to 3.4
2021-11-03 23:24:10.193  INFO 45934 --- [      Thread-12] o.s.b.a.mongo.embedded.EmbeddedMongo     : 2021-11-03T23:24:10.193-0300 I NETWORK  [thread1] waiting for connections on port 45949
2021-11-03 23:24:10.193  INFO 45934 --- [    Test worker] d.f.embed.mongo.MongodExecutable         : start MongodConfig{version=Version{3.5.5}, timeout=de.flapdoodle.embed.mongo.config.Timeout@7bc31d6d, net=de.flapdoodle.embed.mongo.config.Net@157b94b4, cmdOptions=MongoCmdOptions{syncDelay=0, useDefaultSyncDelay=false, isVerbose=false, useNoPrealloc=true, useSmallFiles=true, useNoJournal=true, enableTextSearch=false, auth=false, master=false}, password=, userName=, replication=de.flapdoodle.embed.mongo.config.Storage@6736eb7a, isConfigServer=false, isShardServer=false, processListener=de.flapdoodle.embed.mongo.config.processlistener.NoopProcessListener@5b6262a8, params={}, args={}, pidFile=mongod.pid, supportConfig=de.flapdoodle.embed.mongo.config.SupportConfig@38a934dc}
2021-11-03 23:24:10.202  INFO 45934 --- [    Test worker] org.mongodb.driver.cluster               : Cluster created with settings {hosts=[localhost:45949], mode=SINGLE, requiredClusterType=UNKNOWN, serverSelectionTimeout='30000 ms'}
2021-11-03 23:24:10.224  INFO 45934 --- [      Thread-12] o.s.b.a.mongo.embedded.EmbeddedMongo     : 2021-11-03T23:24:10.224-0300 I NETWORK  [thread1] connection accepted from 127.0.0.1:53348 #1 (1 connection now open)
2021-11-03 23:24:10.226  INFO 45934 --- [      Thread-12] o.s.b.a.mongo.embedded.EmbeddedMongo     : 2021-11-03T23:24:10.225-0300 I NETWORK  [conn1] received client metadata from 127.0.0.1:53348 conn1: { driver: { name: "mongo-java-driver|sync|spring-boot", version: "4.2.3" }, os: { type: "Linux", name: "Linux", architecture: "amd64", version: "5.4.0-89-generic" }, platform: "Java/Ubuntu/11.0.11+9-Ubuntu-0ubuntu2.20.04" }
2021-11-03 23:24:10.228  INFO 45934 --- [      Thread-12] o.s.b.a.mongo.embedded.EmbeddedMongo     : 2021-11-03T23:24:10.227-0300 I NETWORK  [thread1] connection accepted from 127.0.0.1:53350 #2 (2 connections now open)
2021-11-03 23:24:10.229  INFO 45934 --- [localhost:45949] org.mongodb.driver.connection            : Opened connection [connectionId{localValue:11, serverValue:1}] to localhost:45949
2021-11-03 23:24:10.230  INFO 45934 --- [localhost:45949] org.mongodb.driver.cluster               : Monitor thread successfully connected to server with description ServerDescription{address=localhost:45949, type=STANDALONE, state=CONNECTED, ok=true, minWireVersion=0, maxWireVersion=5, maxDocumentSize=16777216, logicalSessionTimeoutMinutes=null, roundTripTimeNanos=2439517}
2021-11-03 23:24:10.236  INFO 45934 --- [      Thread-12] o.s.b.a.mongo.embedded.EmbeddedMongo     : 2021-11-03T23:24:10.236-0300 I NETWORK  [conn2] received client metadata from 127.0.0.1:53350 conn2: { driver: { name: "mongo-java-driver|sync|spring-boot", version: "4.2.3" }, os: { type: "Linux", name: "Linux", architecture: "amd64", version: "5.4.0-89-generic" }, platform: "Java/Ubuntu/11.0.11+9-Ubuntu-0ubuntu2.20.04" }
2021-11-03 23:24:10.239  INFO 45934 --- [localhost:45949] org.mongodb.driver.connection            : Opened connection [connectionId{localValue:12, serverValue:2}] to localhost:45949
2021-11-03 23:24:10.262  INFO 45934 --- [    Test worker] org.mongodb.driver.cluster               : Cluster created with settings {hosts=[localhost:45949], mode=SINGLE, requiredClusterType=UNKNOWN, serverSelectionTimeout='30000 ms'}
2021-11-03 23:24:10.275  INFO 45934 --- [      Thread-12] o.s.b.a.mongo.embedded.EmbeddedMongo     : 2021-11-03T23:24:10.274-0300 I NETWORK  [thread1] connection accepted from 127.0.0.1:53352 #3 (3 connections now open)
2021-11-03 23:24:10.277  INFO 45934 --- [      Thread-12] o.s.b.a.mongo.embedded.EmbeddedMongo     : 2021-11-03T23:24:10.277-0300 I NETWORK  [thread1] connection accepted from 127.0.0.1:53354 #4 (4 connections now open)
2021-11-03 23:24:10.278  INFO 45934 --- [      Thread-12] o.s.b.a.mongo.embedded.EmbeddedMongo     : 2021-11-03T23:24:10.278-0300 I NETWORK  [conn3] received client metadata from 127.0.0.1:53352 conn3: { driver: { name: "mongo-java-driver|reactive-streams|spring-boot", version: "4.2.3" }, os: { type: "Linux", name: "Linux", architecture: "amd64", version: "5.4.0-89-generic" }, platform: "Java/Ubuntu/11.0.11+9-Ubuntu-0ubuntu2.20.04" }
2021-11-03 23:24:10.279  INFO 45934 --- [      Thread-12] o.s.b.a.mongo.embedded.EmbeddedMongo     : 2021-11-03T23:24:10.279-0300 I NETWORK  [conn4] received client metadata from 127.0.0.1:53354 conn4: { driver: { name: "mongo-java-driver|reactive-streams|spring-boot", version: "4.2.3" }, os: { type: "Linux", name: "Linux", architecture: "amd64", version: "5.4.0-89-generic" }, platform: "Java/Ubuntu/11.0.11+9-Ubuntu-0ubuntu2.20.04" }
2021-11-03 23:24:10.281  INFO 45934 --- [localhost:45949] org.mongodb.driver.connection            : Opened connection [connectionId{localValue:13, serverValue:3}] to localhost:45949
2021-11-03 23:24:10.282  INFO 45934 --- [localhost:45949] org.mongodb.driver.cluster               : Monitor thread successfully connected to server with description ServerDescription{address=localhost:45949, type=STANDALONE, state=CONNECTED, ok=true, minWireVersion=0, maxWireVersion=5, maxDocumentSize=16777216, logicalSessionTimeoutMinutes=null, roundTripTimeNanos=2927711}
2021-11-03 23:24:10.287  INFO 45934 --- [localhost:45949] org.mongodb.driver.connection            : Opened connection [connectionId{localValue:14, serverValue:4}] to localhost:45949
2021-11-03 23:24:10.330  INFO 45934 --- [    Test worker] g.s.r.UnitOfMeasureRepositoryIT          : Started UnitOfMeasureRepositoryIT in 0.528 seconds (JVM running for 10.254)
2021-11-03 23:24:10.351  INFO 45934 --- [      Thread-12] o.s.b.a.mongo.embedded.EmbeddedMongo     : 2021-11-03T23:24:10.351-0300 I NETWORK  [thread1] connection accepted from 127.0.0.1:53356 #5 (5 connections now open)
2021-11-03 23:24:10.353  INFO 45934 --- [      Thread-12] o.s.b.a.mongo.embedded.EmbeddedMongo     : 2021-11-03T23:24:10.353-0300 I NETWORK  [conn5] received client metadata from 127.0.0.1:53356 conn5: { driver: { name: "mongo-java-driver|sync|spring-boot", version: "4.2.3" }, os: { type: "Linux", name: "Linux", architecture: "amd64", version: "5.4.0-89-generic" }, platform: "Java/Ubuntu/11.0.11+9-Ubuntu-0ubuntu2.20.04" }
2021-11-03 23:24:10.355  INFO 45934 --- [    Test worker] org.mongodb.driver.connection            : Opened connection [connectionId{localValue:15, serverValue:5}] to localhost:45949
2021-11-03 23:24:10.587 DEBUG 45934 --- [    Test worker] g.s.bootstrap.RecipeBootstrap            : Loading Bootstrap Data
2021-11-03 23:24:10.613 DEBUG 45934 --- [    Test worker] g.s.bootstrap.RecipeBootstrap            : Loading Bootstrap Data
]]></system-out>
  <system-err><![CDATA[]]></system-err>
</testsuite>
