<?xml version="1.0" encoding="UTF-8"?>
<testsuite name="guru.springframework.services.RecipeServiceIT" tests="1" skipped="0" failures="0" errors="0" timestamp="2021-07-29T18:50:49" hostname="aspire5" time="0.067">
  <properties/>
  <testcase name="testSaveOfDescription()" classname="guru.springframework.services.RecipeServiceIT" time="0.067"/>
  <system-out><![CDATA[2021-07-29 15:50:49.285  INFO 19425 --- [    Test worker] .b.t.c.SpringBootTestContextBootstrapper : Neither @ContextConfiguration nor @ContextHierarchy found for test class [guru.springframework.services.RecipeServiceIT], using SpringBootContextLoader
2021-07-29 15:50:49.286  INFO 19425 --- [    Test worker] o.s.t.c.support.AbstractContextLoader    : Could not detect default resource locations for test class [guru.springframework.services.RecipeServiceIT]: no resource found for suffixes {-context.xml, Context.groovy}.
2021-07-29 15:50:49.287  INFO 19425 --- [    Test worker] t.c.s.AnnotationConfigContextLoaderUtils : Could not detect default configuration classes for test class [guru.springframework.services.RecipeServiceIT]: RecipeServiceIT does not declare any static, non-private, non-final, nested classes annotated with @Configuration.
2021-07-29 15:50:49.321  INFO 19425 --- [    Test worker] .b.t.c.SpringBootTestContextBootstrapper : Found @SpringBootConfiguration guru.springframework.Spring5MongoRecipeAppApplication for test class guru.springframework.services.RecipeServiceIT
2021-07-29 15:50:49.324  INFO 19425 --- [    Test worker] .b.t.c.SpringBootTestContextBootstrapper : Loaded default TestExecutionListener class names from location [META-INF/spring.factories]: [org.springframework.boot.test.autoconfigure.restdocs.RestDocsTestExecutionListener, org.springframework.boot.test.autoconfigure.web.client.MockRestServiceServerResetTestExecutionListener, org.springframework.boot.test.autoconfigure.web.servlet.MockMvcPrintOnlyOnFailureTestExecutionListener, org.springframework.boot.test.autoconfigure.web.servlet.WebDriverTestExecutionListener, org.springframework.boot.test.autoconfigure.webservices.client.MockWebServiceServerTestExecutionListener, org.springframework.boot.test.mock.mockito.MockitoTestExecutionListener, org.springframework.boot.test.mock.mockito.ResetMocksTestExecutionListener, org.springframework.test.context.web.ServletTestExecutionListener, org.springframework.test.context.support.DirtiesContextBeforeModesTestExecutionListener, org.springframework.test.context.event.ApplicationEventsTestExecutionListener, org.springframework.test.context.support.DependencyInjectionTestExecutionListener, org.springframework.test.context.support.DirtiesContextTestExecutionListener, org.springframework.test.context.transaction.TransactionalTestExecutionListener, org.springframework.test.context.jdbc.SqlScriptsTestExecutionListener, org.springframework.test.context.event.EventPublishingTestExecutionListener]
2021-07-29 15:50:49.325  INFO 19425 --- [    Test worker] .b.t.c.SpringBootTestContextBootstrapper : Using TestExecutionListeners: [org.springframework.test.context.web.ServletTestExecutionListener@186c0164, org.springframework.test.context.support.DirtiesContextBeforeModesTestExecutionListener@70bcddf9, org.springframework.test.context.event.ApplicationEventsTestExecutionListener@4787494, org.springframework.boot.test.mock.mockito.MockitoTestExecutionListener@6440c1d8, org.springframework.boot.test.autoconfigure.SpringBootDependencyInjectionTestExecutionListener@1c5f9b15, org.springframework.test.context.support.DirtiesContextTestExecutionListener@a9ace72, org.springframework.test.context.transaction.TransactionalTestExecutionListener@4d01c761, org.springframework.test.context.jdbc.SqlScriptsTestExecutionListener@2fad8118, org.springframework.test.context.event.EventPublishingTestExecutionListener@4f4a20cb, org.springframework.boot.test.autoconfigure.restdocs.RestDocsTestExecutionListener@137f8e0e, org.springframework.boot.test.autoconfigure.web.client.MockRestServiceServerResetTestExecutionListener@500679cf, org.springframework.boot.test.autoconfigure.web.servlet.MockMvcPrintOnlyOnFailureTestExecutionListener@13609796, org.springframework.boot.test.autoconfigure.web.servlet.WebDriverTestExecutionListener@db2b149, org.springframework.boot.test.autoconfigure.webservices.client.MockWebServiceServerTestExecutionListener@6252410f, org.springframework.boot.test.mock.mockito.ResetMocksTestExecutionListener@1f9948b]
2021-07-29 15:50:49.335  INFO 19425 --- [      Thread-16] o.s.b.a.mongo.embedded.EmbeddedMongo     : 2021-07-29T15:50:49.335-0300 I NETWORK  [thread1] connection accepted from 127.0.0.1:38924 #6 (6 connections now open)
2021-07-29 15:50:49.336  INFO 19425 --- [      Thread-16] o.s.b.a.mongo.embedded.EmbeddedMongo     : 2021-07-29T15:50:49.336-0300 I NETWORK  [conn6] received client metadata from 127.0.0.1:38924 conn6: { driver: { name: "mongo-java-driver|sync|spring-boot", version: "4.2.3" }, os: { type: "Linux", name: "Linux", architecture: "amd64", version: "5.8.0-63-generic" }, platform: "Java/Ubuntu/11.0.11+9-Ubuntu-0ubuntu2.20.04" }
2021-07-29 15:50:49.337  INFO 19425 --- [    Test worker] org.mongodb.driver.connection            : Opened connection [connectionId{localValue:16, serverValue:6}] to localhost:35369
2021-07-29 15:50:49.393 DEBUG 19425 --- [    Test worker] g.s.services.RecipeServiceImpl           : Saved RecipeId:6102f887fabd053e4632fdac
]]></system-out>
  <system-err><![CDATA[]]></system-err>
</testsuite>
