<?xml version="1.0" encoding="UTF-8"?>
<testsuite name="guru.springframework.repositories.reactive.CategoryReactiveRepositoryIT" tests="1" skipped="0" failures="0" errors="0" timestamp="2021-07-29T18:50:45" hostname="aspire5" time="0.063">
  <properties/>
  <testcase name="findByDescription()" classname="guru.springframework.repositories.reactive.CategoryReactiveRepositoryIT" time="0.063"/>
  <system-out><![CDATA[15:50:22.398 [Test worker] DEBUG org.springframework.test.context.BootstrapUtils - Instantiating CacheAwareContextLoaderDelegate from class [org.springframework.test.context.cache.DefaultCacheAwareContextLoaderDelegate]
15:50:22.405 [Test worker] DEBUG org.springframework.test.context.BootstrapUtils - Instantiating BootstrapContext using constructor [public org.springframework.test.context.support.DefaultBootstrapContext(java.lang.Class,org.springframework.test.context.CacheAwareContextLoaderDelegate)]
15:50:22.423 [Test worker] DEBUG org.springframework.test.context.BootstrapUtils - Instantiating TestContextBootstrapper for test class [guru.springframework.repositories.reactive.CategoryReactiveRepositoryIT] from class [org.springframework.boot.test.context.SpringBootTestContextBootstrapper]
15:50:22.448 [Test worker] INFO org.springframework.boot.test.context.SpringBootTestContextBootstrapper - Neither @ContextConfiguration nor @ContextHierarchy found for test class [guru.springframework.repositories.reactive.CategoryReactiveRepositoryIT], using SpringBootContextLoader
15:50:22.451 [Test worker] DEBUG org.springframework.test.context.support.AbstractContextLoader - Did not detect default resource location for test class [guru.springframework.repositories.reactive.CategoryReactiveRepositoryIT]: class path resource [guru/springframework/repositories/reactive/CategoryReactiveRepositoryIT-context.xml] does not exist
15:50:22.451 [Test worker] DEBUG org.springframework.test.context.support.AbstractContextLoader - Did not detect default resource location for test class [guru.springframework.repositories.reactive.CategoryReactiveRepositoryIT]: class path resource [guru/springframework/repositories/reactive/CategoryReactiveRepositoryITContext.groovy] does not exist
15:50:22.452 [Test worker] INFO org.springframework.test.context.support.AbstractContextLoader - Could not detect default resource locations for test class [guru.springframework.repositories.reactive.CategoryReactiveRepositoryIT]: no resource found for suffixes {-context.xml, Context.groovy}.
15:50:22.453 [Test worker] INFO org.springframework.test.context.support.AnnotationConfigContextLoaderUtils - Could not detect default configuration classes for test class [guru.springframework.repositories.reactive.CategoryReactiveRepositoryIT]: CategoryReactiveRepositoryIT does not declare any static, non-private, non-final, nested classes annotated with @Configuration.
15:50:22.589 [Test worker] DEBUG org.springframework.context.annotation.ClassPathScanningCandidateComponentProvider - Identified candidate component class: file [/mnt/153838B53DB8D7AD/IdeaProjects/spring5-mongo-recipe-app/build/classes/java/main/guru/springframework/Spring5MongoRecipeAppApplication.class]
15:50:22.590 [Test worker] INFO org.springframework.boot.test.context.SpringBootTestContextBootstrapper - Found @SpringBootConfiguration guru.springframework.Spring5MongoRecipeAppApplication for test class guru.springframework.repositories.reactive.CategoryReactiveRepositoryIT
15:50:22.680 [Test worker] DEBUG org.springframework.boot.test.context.SpringBootTestContextBootstrapper - @TestExecutionListeners is not present for class [guru.springframework.repositories.reactive.CategoryReactiveRepositoryIT]: using defaults.
15:50:22.681 [Test worker] INFO org.springframework.boot.test.context.SpringBootTestContextBootstrapper - Loaded default TestExecutionListener class names from location [META-INF/spring.factories]: [org.springframework.boot.test.autoconfigure.restdocs.RestDocsTestExecutionListener, org.springframework.boot.test.autoconfigure.web.client.MockRestServiceServerResetTestExecutionListener, org.springframework.boot.test.autoconfigure.web.servlet.MockMvcPrintOnlyOnFailureTestExecutionListener, org.springframework.boot.test.autoconfigure.web.servlet.WebDriverTestExecutionListener, org.springframework.boot.test.autoconfigure.webservices.client.MockWebServiceServerTestExecutionListener, org.springframework.boot.test.mock.mockito.MockitoTestExecutionListener, org.springframework.boot.test.mock.mockito.ResetMocksTestExecutionListener, org.springframework.test.context.web.ServletTestExecutionListener, org.springframework.test.context.support.DirtiesContextBeforeModesTestExecutionListener, org.springframework.test.context.event.ApplicationEventsTestExecutionListener, org.springframework.test.context.support.DependencyInjectionTestExecutionListener, org.springframework.test.context.support.DirtiesContextTestExecutionListener, org.springframework.test.context.transaction.TransactionalTestExecutionListener, org.springframework.test.context.jdbc.SqlScriptsTestExecutionListener, org.springframework.test.context.event.EventPublishingTestExecutionListener]
15:50:22.718 [Test worker] INFO org.springframework.boot.test.context.SpringBootTestContextBootstrapper - Using TestExecutionListeners: [org.springframework.test.context.web.ServletTestExecutionListener@63b90b52, org.springframework.test.context.support.DirtiesContextBeforeModesTestExecutionListener@c001caf, org.springframework.test.context.event.ApplicationEventsTestExecutionListener@5a46d92e, org.springframework.boot.test.mock.mockito.MockitoTestExecutionListener@38dbe450, org.springframework.boot.test.autoconfigure.SpringBootDependencyInjectionTestExecutionListener@13938b82, org.springframework.test.context.support.DirtiesContextTestExecutionListener@1ffa083b, org.springframework.test.context.transaction.TransactionalTestExecutionListener@73193d43, org.springframework.test.context.jdbc.SqlScriptsTestExecutionListener@1487be14, org.springframework.test.context.event.EventPublishingTestExecutionListener@1bc7f89d, org.springframework.boot.test.autoconfigure.restdocs.RestDocsTestExecutionListener@5433900e, org.springframework.boot.test.autoconfigure.web.client.MockRestServiceServerResetTestExecutionListener@6efa4cee, org.springframework.boot.test.autoconfigure.web.servlet.MockMvcPrintOnlyOnFailureTestExecutionListener@4724283b, org.springframework.boot.test.autoconfigure.web.servlet.WebDriverTestExecutionListener@63032352, org.springframework.boot.test.autoconfigure.webservices.client.MockWebServiceServerTestExecutionListener@2b786cdc, org.springframework.boot.test.mock.mockito.ResetMocksTestExecutionListener@1759c861]
15:50:22.726 [Test worker] DEBUG org.springframework.test.context.support.AbstractDirtiesContextTestExecutionListener - Before test class: context [DefaultTestContext@2805767c testClass = CategoryReactiveRepositoryIT, testInstance = [null], testMethod = [null], testException = [null], mergedContextConfiguration = [WebMergedContextConfiguration@14a693b7 testClass = CategoryReactiveRepositoryIT, locations = '{}', classes = '{class guru.springframework.Spring5MongoRecipeAppApplication}', contextInitializerClasses = '[]', activeProfiles = '{reactive}', propertySourceLocations = '{}', propertySourceProperties = '{org.springframework.boot.test.context.SpringBootTestContextBootstrapper=true}', contextCustomizers = set[org.springframework.boot.test.autoconfigure.actuate.metrics.MetricsExportContextCustomizerFactory$DisableMetricExportContextCustomizer@3be72102, org.springframework.boot.test.autoconfigure.properties.PropertyMappingContextCustomizer@0, org.springframework.boot.test.autoconfigure.web.servlet.WebDriverContextCustomizerFactory$Customizer@5358639a, org.springframework.boot.test.context.filter.ExcludeFilterContextCustomizer@7ca3bbe, org.springframework.boot.test.json.DuplicateJsonObjectContextCustomizerFactory$DuplicateJsonObjectContextCustomizer@67fa8f7c, org.springframework.boot.test.mock.mockito.MockitoContextCustomizer@0, org.springframework.boot.test.web.client.TestRestTemplateContextCustomizer@2efab045, org.springframework.boot.test.context.SpringBootTestArgs@1, org.springframework.boot.test.context.SpringBootTestWebEnvironment@57a66ce5], resourceBasePath = 'src/main/webapp', contextLoader = 'org.springframework.boot.test.context.SpringBootContextLoader', parent = [null]], attributes = map['org.springframework.test.context.web.ServletTestExecutionListener.activateListener' -> true]], class annotated with @DirtiesContext [false] with mode [null].
15:50:22.779 [Test worker] DEBUG org.springframework.core.env.StandardEnvironment - Activating profiles [reactive]
15:50:22.785 [Test worker] DEBUG org.springframework.test.context.support.TestPropertySourceUtils - Adding inlined properties to environment: {spring.jmx.enabled=false, org.springframework.boot.test.context.SpringBootTestContextBootstrapper=true}

  .   ____          _            __ _ _
 /\\ / ___'_ __ _ _(_)_ __  __ _ \ \ \ \
( ( )\___ | '_ | '_| | '_ \/ _` | \ \ \ \
 \\/  ___)| |_)| | | | | || (_| |  ) ) ) )
  '  |____| .__|_| |_|_| |_\__, | / / / /
 =========|_|==============|___/=/_/_/_/
 :: Spring Boot ::                (v2.5.2)

2021-07-29 15:50:23.359  INFO 19425 --- [    Test worker] g.s.r.r.CategoryReactiveRepositoryIT     : Starting CategoryReactiveRepositoryIT using Java 11.0.11 on aspire5 with PID 19425 (started by berkson in /mnt/153838B53DB8D7AD/IdeaProjects/spring5-mongo-recipe-app)
2021-07-29 15:50:23.361 DEBUG 19425 --- [    Test worker] g.s.r.r.CategoryReactiveRepositoryIT     : Running with Spring Boot v2.5.2, Spring v5.3.8
2021-07-29 15:50:23.361  INFO 19425 --- [    Test worker] g.s.r.r.CategoryReactiveRepositoryIT     : The following profiles are active: reactive
2021-07-29 15:50:24.926  INFO 19425 --- [    Test worker] .s.d.r.c.RepositoryConfigurationDelegate : Bootstrapping Spring Data Reactive MongoDB repositories in DEFAULT mode.
2021-07-29 15:50:25.294  INFO 19425 --- [    Test worker] .s.d.r.c.RepositoryConfigurationDelegate : Finished Spring Data repository scanning in 347 ms. Found 3 Reactive MongoDB repository interfaces.
2021-07-29 15:50:25.312  INFO 19425 --- [    Test worker] .s.d.r.c.RepositoryConfigurationDelegate : Bootstrapping Spring Data MongoDB repositories in DEFAULT mode.
2021-07-29 15:50:25.510  INFO 19425 --- [    Test worker] .s.d.r.c.RepositoryConfigurationDelegate : Finished Spring Data repository scanning in 162 ms. Found 3 MongoDB repository interfaces.
2021-07-29 15:50:27.428  INFO 19425 --- [    Test worker] o.s.b.a.mongo.embedded.EmbeddedMongo     : Download Version{3.5.5}:Linux:B64 : starting...
2021-07-29 15:50:28.980  INFO 19425 --- [    Test worker] o.s.b.a.mongo.embedded.EmbeddedMongo     : Download Version{3.5.5}:Linux:B64 : DownloadSize: 87554471
2021-07-29 15:50:29.008  INFO 19425 --- [    Test worker] o.s.b.a.mongo.embedded.EmbeddedMongo     : Download Version{3.5.5}:Linux:B64 : 0 %
2021-07-29 15:50:29.801  INFO 19425 --- [    Test worker] o.s.b.a.mongo.embedded.EmbeddedMongo     : Download Version{3.5.5}:Linux:B64 : 10 %
2021-07-29 15:50:30.164  INFO 19425 --- [    Test worker] o.s.b.a.mongo.embedded.EmbeddedMongo     : Download Version{3.5.5}:Linux:B64 : 20 %
2021-07-29 15:50:30.950  INFO 19425 --- [    Test worker] o.s.b.a.mongo.embedded.EmbeddedMongo     : Download Version{3.5.5}:Linux:B64 : 30 %
2021-07-29 15:50:32.261  INFO 19425 --- [    Test worker] o.s.b.a.mongo.embedded.EmbeddedMongo     : Download Version{3.5.5}:Linux:B64 : 40 %
2021-07-29 15:50:33.595  INFO 19425 --- [    Test worker] o.s.b.a.mongo.embedded.EmbeddedMongo     : Download Version{3.5.5}:Linux:B64 : 50 %
2021-07-29 15:50:34.962  INFO 19425 --- [    Test worker] o.s.b.a.mongo.embedded.EmbeddedMongo     : Download Version{3.5.5}:Linux:B64 : 60 %
2021-07-29 15:50:36.337  INFO 19425 --- [    Test worker] o.s.b.a.mongo.embedded.EmbeddedMongo     : Download Version{3.5.5}:Linux:B64 : 70 %
2021-07-29 15:50:37.668  INFO 19425 --- [    Test worker] o.s.b.a.mongo.embedded.EmbeddedMongo     : Download Version{3.5.5}:Linux:B64 : 80 %
2021-07-29 15:50:38.981  INFO 19425 --- [    Test worker] o.s.b.a.mongo.embedded.EmbeddedMongo     : Download Version{3.5.5}:Linux:B64 : 90 %
2021-07-29 15:50:40.266  INFO 19425 --- [    Test worker] o.s.b.a.mongo.embedded.EmbeddedMongo     : Download Version{3.5.5}:Linux:B64 : 100 %
2021-07-29 15:50:40.267  INFO 19425 --- [    Test worker] o.s.b.a.mongo.embedded.EmbeddedMongo     : Download Version{3.5.5}:Linux:B64 : downloaded with 7772kb/s
2021-07-29 15:50:40.340  INFO 19425 --- [    Test worker] o.s.b.a.mongo.embedded.EmbeddedMongo     : Download Version{3.5.5}:Linux:B64 : finished
2021-07-29 15:50:40.363  INFO 19425 --- [    Test worker] o.s.b.a.mongo.embedded.EmbeddedMongo     : Extract /home/berkson/.embedmongo/linux/mongodb-linux-x86_64-3.5.5.tgz : starting...
2021-07-29 15:50:41.599  INFO 19425 --- [    Test worker] o.s.b.a.mongo.embedded.EmbeddedMongo     : Extract /home/berkson/.embedmongo/linux/mongodb-linux-x86_64-3.5.5.tgz : extract mongodb-linux-x86_64-3.5.5/bin/mongod
2021-07-29 15:50:41.599  INFO 19425 --- [    Test worker] o.s.b.a.mongo.embedded.EmbeddedMongo     : Extract /home/berkson/.embedmongo/linux/mongodb-linux-x86_64-3.5.5.tgz : nothing left
2021-07-29 15:50:41.599  INFO 19425 --- [    Test worker] o.s.b.a.mongo.embedded.EmbeddedMongo     : Extract /home/berkson/.embedmongo/linux/mongodb-linux-x86_64-3.5.5.tgz : finished
2021-07-29 15:50:41.761  INFO 19425 --- [       Thread-6] o.s.b.a.mongo.embedded.EmbeddedMongo     : note: noprealloc may hurt performance in many applications
2021-07-29 15:50:41.764  INFO 19425 --- [       Thread-6] o.s.b.a.mongo.embedded.EmbeddedMongo     : 2021-07-29T15:50:41.763-0300 I CONTROL  [initandlisten] MongoDB starting : pid=19491 port=34133 dbpath=/tmp/embedmongo-db-7c2056e0-0704-4f75-a18f-77f0bd4f4264 64-bit host=aspire5
2021-07-29 15:50:41.764  INFO 19425 --- [       Thread-6] o.s.b.a.mongo.embedded.EmbeddedMongo     : 2021-07-29T15:50:41.763-0300 I CONTROL  [initandlisten] db version v3.5.5
2021-07-29 15:50:41.764  INFO 19425 --- [       Thread-6] o.s.b.a.mongo.embedded.EmbeddedMongo     : 2021-07-29T15:50:41.763-0300 I CONTROL  [initandlisten] git version: 98515c812b6fa893613f063dae568ff8319cbfbd
2021-07-29 15:50:41.764  INFO 19425 --- [       Thread-6] o.s.b.a.mongo.embedded.EmbeddedMongo     : 2021-07-29T15:50:41.763-0300 I CONTROL  [initandlisten] allocator: tcmalloc
2021-07-29 15:50:41.764  INFO 19425 --- [       Thread-6] o.s.b.a.mongo.embedded.EmbeddedMongo     : 2021-07-29T15:50:41.763-0300 I CONTROL  [initandlisten] modules: none
2021-07-29 15:50:41.764  INFO 19425 --- [       Thread-6] o.s.b.a.mongo.embedded.EmbeddedMongo     : 2021-07-29T15:50:41.763-0300 I CONTROL  [initandlisten] build environment:
2021-07-29 15:50:41.765  INFO 19425 --- [       Thread-6] o.s.b.a.mongo.embedded.EmbeddedMongo     : 2021-07-29T15:50:41.763-0300 I CONTROL  [initandlisten]     distarch: x86_64
2021-07-29 15:50:41.765  INFO 19425 --- [       Thread-6] o.s.b.a.mongo.embedded.EmbeddedMongo     : 2021-07-29T15:50:41.763-0300 I CONTROL  [initandlisten]     target_arch: x86_64
2021-07-29 15:50:41.765  INFO 19425 --- [       Thread-6] o.s.b.a.mongo.embedded.EmbeddedMongo     : 2021-07-29T15:50:41.763-0300 I CONTROL  [initandlisten] options: { net: { bindIp: "127.0.0.1", http: { enabled: false }, port: 34133 }, security: { authorization: "disabled" }, storage: { dbPath: "/tmp/embedmongo-db-7c2056e0-0704-4f75-a18f-77f0bd4f4264", journal: { enabled: false }, mmapv1: { preallocDataFiles: false, smallFiles: true }, syncPeriodSecs: 0.0 } }
2021-07-29 15:50:41.771  INFO 19425 --- [       Thread-6] o.s.b.a.mongo.embedded.EmbeddedMongo     : 2021-07-29T15:50:41.770-0300 I STORAGE  [initandlisten] 
2021-07-29 15:50:41.771  INFO 19425 --- [       Thread-6] o.s.b.a.mongo.embedded.EmbeddedMongo     : 2021-07-29T15:50:41.770-0300 I STORAGE  [initandlisten] ** WARNING: Using the XFS filesystem is strongly recommended with the WiredTiger storage engine
2021-07-29 15:50:41.771  INFO 19425 --- [       Thread-6] o.s.b.a.mongo.embedded.EmbeddedMongo     : 2021-07-29T15:50:41.770-0300 I STORAGE  [initandlisten] **          See http://dochub.mongodb.org/core/prodnotes-filesystem
2021-07-29 15:50:41.771  INFO 19425 --- [       Thread-6] o.s.b.a.mongo.embedded.EmbeddedMongo     : 2021-07-29T15:50:41.770-0300 I STORAGE  [initandlisten] wiredtiger_open config: create,cache_size=9436M,session_max=20000,eviction=(threads_min=4,threads_max=4),config_base=false,statistics=(fast),log=(enabled=true,archive=true,path=journal,compressor=snappy),file_manager=(close_idle_time=100000),checkpoint=(wait=0,log_size=2GB),statistics_log=(wait=0),verbose=(recovery_progress),,log=(enabled=false),
2021-07-29 15:50:41.833  INFO 19425 --- [       Thread-6] o.s.b.a.mongo.embedded.EmbeddedMongo     : 2021-07-29T15:50:41.832-0300 W STORAGE  [initandlisten] Detected configuration for non-active storage engine mmapv1 when current storage engine is wiredTiger
2021-07-29 15:50:41.833  INFO 19425 --- [       Thread-6] o.s.b.a.mongo.embedded.EmbeddedMongo     : 2021-07-29T15:50:41.832-0300 I CONTROL  [initandlisten] 
2021-07-29 15:50:41.833  INFO 19425 --- [       Thread-6] o.s.b.a.mongo.embedded.EmbeddedMongo     : 2021-07-29T15:50:41.832-0300 I CONTROL  [initandlisten] ** NOTE: This is a development version (3.5.5) of MongoDB.
2021-07-29 15:50:41.833  INFO 19425 --- [       Thread-6] o.s.b.a.mongo.embedded.EmbeddedMongo     : 2021-07-29T15:50:41.832-0300 I CONTROL  [initandlisten] **       Not recommended for production.
2021-07-29 15:50:41.833  INFO 19425 --- [       Thread-6] o.s.b.a.mongo.embedded.EmbeddedMongo     : 2021-07-29T15:50:41.832-0300 I CONTROL  [initandlisten] 
2021-07-29 15:50:41.843  INFO 19425 --- [       Thread-6] o.s.b.a.mongo.embedded.EmbeddedMongo     : 2021-07-29T15:50:41.843-0300 I CONTROL  [initandlisten] 
2021-07-29 15:50:41.843  INFO 19425 --- [       Thread-6] o.s.b.a.mongo.embedded.EmbeddedMongo     : 2021-07-29T15:50:41.843-0300 I CONTROL  [initandlisten] ** WARNING: soft rlimits too low. rlimits set to 79335 processes, 1048576 files. Number of processes should be at least 524288 : 0.5 times number of files.
2021-07-29 15:50:41.855  INFO 19425 --- [       Thread-6] o.s.b.a.mongo.embedded.EmbeddedMongo     : 2021-07-29T15:50:41.854-0300 I FTDC     [initandlisten] Initializing full-time diagnostic data capture with directory '/tmp/embedmongo-db-7c2056e0-0704-4f75-a18f-77f0bd4f4264/diagnostic.data'
2021-07-29 15:50:41.875  INFO 19425 --- [       Thread-6] o.s.b.a.mongo.embedded.EmbeddedMongo     : 2021-07-29T15:50:41.875-0300 I INDEX    [initandlisten] build index on: admin.system.version properties: { v: 2, key: { version: 1 }, name: "incompatible_with_version_32", ns: "admin.system.version" }
2021-07-29 15:50:41.875  INFO 19425 --- [       Thread-6] o.s.b.a.mongo.embedded.EmbeddedMongo     : 2021-07-29T15:50:41.875-0300 I INDEX    [initandlisten] 	 building index using bulk method; build may temporarily use up to 500 megabytes of RAM
2021-07-29 15:50:41.877  INFO 19425 --- [       Thread-6] o.s.b.a.mongo.embedded.EmbeddedMongo     : 2021-07-29T15:50:41.877-0300 I INDEX    [initandlisten] build index done.  scanned 0 total records. 0 secs
2021-07-29 15:50:41.879  INFO 19425 --- [       Thread-6] o.s.b.a.mongo.embedded.EmbeddedMongo     : 2021-07-29T15:50:41.879-0300 I COMMAND  [initandlisten] setting featureCompatibilityVersion to 3.4
2021-07-29 15:50:41.879  INFO 19425 --- [       Thread-6] o.s.b.a.mongo.embedded.EmbeddedMongo     : 2021-07-29T15:50:41.879-0300 I NETWORK  [thread1] waiting for connections on port 34133
2021-07-29 15:50:41.880  INFO 19425 --- [    Test worker] d.f.embed.mongo.MongodExecutable         : start MongodConfig{version=Version{3.5.5}, timeout=de.flapdoodle.embed.mongo.config.Timeout@2af20859, net=de.flapdoodle.embed.mongo.config.Net@d923bb, cmdOptions=MongoCmdOptions{syncDelay=0, useDefaultSyncDelay=false, isVerbose=false, useNoPrealloc=true, useSmallFiles=true, useNoJournal=true, enableTextSearch=false, auth=false, master=false}, password=, userName=, replication=de.flapdoodle.embed.mongo.config.Storage@714058c7, isConfigServer=false, isShardServer=false, processListener=de.flapdoodle.embed.mongo.config.processlistener.NoopProcessListener@2186665c, params={}, args={}, pidFile=mongod.pid, supportConfig=de.flapdoodle.embed.mongo.config.SupportConfig@1b8c12f5}
2021-07-29 15:50:42.094  INFO 19425 --- [    Test worker] org.mongodb.driver.cluster               : Cluster created with settings {hosts=[localhost:34133], mode=SINGLE, requiredClusterType=UNKNOWN, serverSelectionTimeout='30000 ms'}
2021-07-29 15:50:42.243  INFO 19425 --- [       Thread-6] o.s.b.a.mongo.embedded.EmbeddedMongo     : 2021-07-29T15:50:42.243-0300 I NETWORK  [thread1] connection accepted from 127.0.0.1:48628 #1 (1 connection now open)
2021-07-29 15:50:42.244  INFO 19425 --- [       Thread-6] o.s.b.a.mongo.embedded.EmbeddedMongo     : 2021-07-29T15:50:42.243-0300 I NETWORK  [thread1] connection accepted from 127.0.0.1:48626 #2 (2 connections now open)
2021-07-29 15:50:42.300  INFO 19425 --- [       Thread-6] o.s.b.a.mongo.embedded.EmbeddedMongo     : 2021-07-29T15:50:42.300-0300 I NETWORK  [conn2] received client metadata from 127.0.0.1:48626 conn2: { driver: { name: "mongo-java-driver|reactive-streams|spring-boot", version: "4.2.3" }, os: { type: "Linux", name: "Linux", architecture: "amd64", version: "5.8.0-63-generic" }, platform: "Java/Ubuntu/11.0.11+9-Ubuntu-0ubuntu2.20.04" }
2021-07-29 15:50:42.300  INFO 19425 --- [       Thread-6] o.s.b.a.mongo.embedded.EmbeddedMongo     : 2021-07-29T15:50:42.300-0300 I NETWORK  [conn1] received client metadata from 127.0.0.1:48628 conn1: { driver: { name: "mongo-java-driver|reactive-streams|spring-boot", version: "4.2.3" }, os: { type: "Linux", name: "Linux", architecture: "amd64", version: "5.8.0-63-generic" }, platform: "Java/Ubuntu/11.0.11+9-Ubuntu-0ubuntu2.20.04" }
2021-07-29 15:50:42.351  INFO 19425 --- [    Test worker] org.mongodb.driver.cluster               : Cluster created with settings {hosts=[localhost:34133], mode=SINGLE, requiredClusterType=UNKNOWN, serverSelectionTimeout='30000 ms'}
2021-07-29 15:50:42.354  INFO 19425 --- [localhost:34133] org.mongodb.driver.connection            : Opened connection [connectionId{localValue:1, serverValue:1}] to localhost:34133
2021-07-29 15:50:42.355  INFO 19425 --- [localhost:34133] org.mongodb.driver.connection            : Opened connection [connectionId{localValue:2, serverValue:2}] to localhost:34133
2021-07-29 15:50:42.358  INFO 19425 --- [localhost:34133] org.mongodb.driver.cluster               : Monitor thread successfully connected to server with description ServerDescription{address=localhost:34133, type=STANDALONE, state=CONNECTED, ok=true, minWireVersion=0, maxWireVersion=5, maxDocumentSize=16777216, logicalSessionTimeoutMinutes=null, roundTripTimeNanos=97873491}
2021-07-29 15:50:42.391  INFO 19425 --- [       Thread-6] o.s.b.a.mongo.embedded.EmbeddedMongo     : 2021-07-29T15:50:42.390-0300 I NETWORK  [thread1] connection accepted from 127.0.0.1:48630 #3 (3 connections now open)
2021-07-29 15:50:42.395  INFO 19425 --- [       Thread-6] o.s.b.a.mongo.embedded.EmbeddedMongo     : 2021-07-29T15:50:42.395-0300 I NETWORK  [thread1] connection accepted from 127.0.0.1:48632 #4 (4 connections now open)
2021-07-29 15:50:42.399  INFO 19425 --- [       Thread-6] o.s.b.a.mongo.embedded.EmbeddedMongo     : 2021-07-29T15:50:42.399-0300 I NETWORK  [conn3] received client metadata from 127.0.0.1:48630 conn3: { driver: { name: "mongo-java-driver|sync|spring-boot", version: "4.2.3" }, os: { type: "Linux", name: "Linux", architecture: "amd64", version: "5.8.0-63-generic" }, platform: "Java/Ubuntu/11.0.11+9-Ubuntu-0ubuntu2.20.04" }
2021-07-29 15:50:42.411  INFO 19425 --- [localhost:34133] org.mongodb.driver.connection            : Opened connection [connectionId{localValue:3, serverValue:3}] to localhost:34133
2021-07-29 15:50:42.411  INFO 19425 --- [localhost:34133] org.mongodb.driver.cluster               : Monitor thread successfully connected to server with description ServerDescription{address=localhost:34133, type=STANDALONE, state=CONNECTED, ok=true, minWireVersion=0, maxWireVersion=5, maxDocumentSize=16777216, logicalSessionTimeoutMinutes=null, roundTripTimeNanos=17633329}
2021-07-29 15:50:42.413  INFO 19425 --- [       Thread-6] o.s.b.a.mongo.embedded.EmbeddedMongo     : 2021-07-29T15:50:42.413-0300 I NETWORK  [conn4] received client metadata from 127.0.0.1:48632 conn4: { driver: { name: "mongo-java-driver|sync|spring-boot", version: "4.2.3" }, os: { type: "Linux", name: "Linux", architecture: "amd64", version: "5.8.0-63-generic" }, platform: "Java/Ubuntu/11.0.11+9-Ubuntu-0ubuntu2.20.04" }
2021-07-29 15:50:42.416  INFO 19425 --- [localhost:34133] org.mongodb.driver.connection            : Opened connection [connectionId{localValue:4, serverValue:4}] to localhost:34133
2021-07-29 15:50:44.460  INFO 19425 --- [    Test worker] o.s.b.a.w.s.WelcomePageHandlerMapping    : Adding welcome page template: index
2021-07-29 15:50:45.005  INFO 19425 --- [       Thread-6] o.s.b.a.mongo.embedded.EmbeddedMongo     : 2021-07-29T15:50:45.005-0300 I NETWORK  [thread1] connection accepted from 127.0.0.1:48634 #5 (5 connections now open)
2021-07-29 15:50:45.013  INFO 19425 --- [       Thread-6] o.s.b.a.mongo.embedded.EmbeddedMongo     : 2021-07-29T15:50:45.013-0300 I NETWORK  [conn5] received client metadata from 127.0.0.1:48634 conn5: { driver: { name: "mongo-java-driver|reactive-streams|spring-boot", version: "4.2.3" }, os: { type: "Linux", name: "Linux", architecture: "amd64", version: "5.8.0-63-generic" }, platform: "Java/Ubuntu/11.0.11+9-Ubuntu-0ubuntu2.20.04" }
2021-07-29 15:50:45.031  INFO 19425 --- [      Thread-11] org.mongodb.driver.connection            : Opened connection [connectionId{localValue:5, serverValue:5}] to localhost:34133
2021-07-29 15:50:45.070 DEBUG 19425 --- [    Test worker] g.s.bootstrap.RecipeReactiveBootstrap    : loading cause is empty
2021-07-29 15:50:45.546 DEBUG 19425 --- [    Test worker] g.s.bootstrap.RecipeReactiveBootstrap    : Loading Bootstrap Data
2021-07-29 15:50:45.550  INFO 19425 --- [    Test worker] g.s.bootstrap.RecipeReactiveBootstrap    : Categories: 4
2021-07-29 15:50:45.555  INFO 19425 --- [    Test worker] g.s.bootstrap.RecipeReactiveBootstrap    : Recipes: 2
2021-07-29 15:50:45.563  INFO 19425 --- [    Test worker] g.s.bootstrap.RecipeReactiveBootstrap    : Units of Measure: 8
2021-07-29 15:50:45.571  INFO 19425 --- [    Test worker] g.s.r.r.CategoryReactiveRepositoryIT     : Started CategoryReactiveRepositoryIT in 22.775 seconds (JVM running for 31.678)
2021-07-29 15:50:45.618 DEBUG 19425 --- [    Test worker] g.s.bootstrap.RecipeReactiveBootstrap    : Loading Bootstrap Data
2021-07-29 15:50:45.620  INFO 19425 --- [    Test worker] g.s.bootstrap.RecipeReactiveBootstrap    : Categories: 4
2021-07-29 15:50:45.627  INFO 19425 --- [    Test worker] g.s.bootstrap.RecipeReactiveBootstrap    : Recipes: 2
2021-07-29 15:50:45.630  INFO 19425 --- [    Test worker] g.s.bootstrap.RecipeReactiveBootstrap    : Units of Measure: 8
]]></system-out>
  <system-err><![CDATA[]]></system-err>
</testsuite>
