<?xml version="1.0" encoding="UTF-8"?>
<testsuite name="guru.springframework.services.ImageServiceImplTest" tests="1" skipped="0" failures="0" errors="0" timestamp="2021-07-29T18:50:48" hostname="aspire5" time="0.085">
  <properties/>
  <testcase name="saveImageFile()" classname="guru.springframework.services.ImageServiceImplTest" time="0.085"/>
  <system-out><![CDATA[]]></system-out>
  <system-err><![CDATA[]]></system-err>
</testsuite>
