<?xml version="1.0" encoding="UTF-8"?>
<testsuite name="guru.springframework.controllers.RecipeControllerTest" tests="7" skipped="0" failures="0" errors="0" timestamp="2021-11-15T23:22:11" hostname="AMCEINF19" time="0.394">
  <properties/>
  <testcase name="testPostNewRecipeForm()" classname="guru.springframework.controllers.RecipeControllerTest" time="0.277"/>
  <testcase name="testGetNewRecipeForm()" classname="guru.springframework.controllers.RecipeControllerTest" time="0.014"/>
  <testcase name="testGetRecipeNotFound()" classname="guru.springframework.controllers.RecipeControllerTest" time="0.017"/>
  <testcase name="testPostNewRecipeFormValidationFail()" classname="guru.springframework.controllers.RecipeControllerTest" time="0.036"/>
  <testcase name="testDeleteAction()" classname="guru.springframework.controllers.RecipeControllerTest" time="0.021"/>
  <testcase name="testGetUpdateView()" classname="guru.springframework.controllers.RecipeControllerTest" time="0.014"/>
  <testcase name="testGetRecipe()" classname="guru.springframework.controllers.RecipeControllerTest" time="0.012"/>
  <system-out><![CDATA[2021-11-15 20:22:11.307  INFO 74250 --- [    Test worker] o.s.mock.web.MockServletContext          : Initializing Spring TestDispatcherServlet ''
2021-11-15 20:22:11.307  INFO 74250 --- [    Test worker] o.s.t.web.servlet.TestDispatcherServlet  : Initializing Servlet ''
2021-11-15 20:22:11.308  INFO 74250 --- [    Test worker] o.s.t.web.servlet.TestDispatcherServlet  : Completed initialization in 0 ms
2021-11-15 20:22:11.445  INFO 74250 --- [    Test worker] o.s.mock.web.MockServletContext          : Initializing Spring TestDispatcherServlet ''
2021-11-15 20:22:11.445  INFO 74250 --- [    Test worker] o.s.t.web.servlet.TestDispatcherServlet  : Initializing Servlet ''
2021-11-15 20:22:11.446  INFO 74250 --- [    Test worker] o.s.t.web.servlet.TestDispatcherServlet  : Completed initialization in 1 ms
2021-11-15 20:22:11.458  INFO 74250 --- [    Test worker] o.s.mock.web.MockServletContext          : Initializing Spring TestDispatcherServlet ''
2021-11-15 20:22:11.458  INFO 74250 --- [    Test worker] o.s.t.web.servlet.TestDispatcherServlet  : Initializing Servlet ''
2021-11-15 20:22:11.458  INFO 74250 --- [    Test worker] o.s.t.web.servlet.TestDispatcherServlet  : Completed initialization in 0 ms
2021-11-15 20:22:11.466 ERROR 74250 --- [    Test worker] g.s.controllers.RecipeController         : Handling not found exception
2021-11-15 20:22:11.466 ERROR 74250 --- [    Test worker] g.s.controllers.RecipeController         : null
2021-11-15 20:22:11.477  INFO 74250 --- [    Test worker] o.s.mock.web.MockServletContext          : Initializing Spring TestDispatcherServlet ''
2021-11-15 20:22:11.477  INFO 74250 --- [    Test worker] o.s.t.web.servlet.TestDispatcherServlet  : Initializing Servlet ''
2021-11-15 20:22:11.477  INFO 74250 --- [    Test worker] o.s.t.web.servlet.TestDispatcherServlet  : Completed initialization in 0 ms
2021-11-15 20:22:11.503 DEBUG 74250 --- [    Test worker] g.s.controllers.RecipeController         : Field error in object 'recipe' on field 'cookTime': rejected value [3000]; codes [Max.recipe.cookTime,Max.cookTime,Max.java.lang.Integer,Max]; arguments [org.springframework.context.support.DefaultMessageSourceResolvable: codes [recipe.cookTime,cookTime]; arguments []; default message [cookTime],999]; default message [must be less than or equal to 999]
2021-11-15 20:22:11.503 DEBUG 74250 --- [    Test worker] g.s.controllers.RecipeController         : Field error in object 'recipe' on field 'directions': rejected value [null]; codes [NotBlank.recipe.directions,NotBlank.directions,NotBlank.java.lang.String,NotBlank]; arguments [org.springframework.context.support.DefaultMessageSourceResolvable: codes [recipe.directions,directions]; arguments []; default message [directions]]; default message [must not be blank]
2021-11-15 20:22:11.503 DEBUG 74250 --- [    Test worker] g.s.controllers.RecipeController         : Field error in object 'recipe' on field 'description': rejected value [null]; codes [NotBlank.recipe.description,NotBlank.description,NotBlank.java.lang.String,NotBlank]; arguments [org.springframework.context.support.DefaultMessageSourceResolvable: codes [recipe.description,description]; arguments []; default message [description]]; default message [must not be blank]
2021-11-15 20:22:11.515  INFO 74250 --- [    Test worker] o.s.mock.web.MockServletContext          : Initializing Spring TestDispatcherServlet ''
2021-11-15 20:22:11.515  INFO 74250 --- [    Test worker] o.s.t.web.servlet.TestDispatcherServlet  : Initializing Servlet ''
2021-11-15 20:22:11.516  INFO 74250 --- [    Test worker] o.s.t.web.servlet.TestDispatcherServlet  : Completed initialization in 1 ms
2021-11-15 20:22:11.517 DEBUG 74250 --- [    Test worker] g.s.controllers.RecipeController         : Deleting id: 1
2021-11-15 20:22:11.537  INFO 74250 --- [    Test worker] o.s.mock.web.MockServletContext          : Initializing Spring TestDispatcherServlet ''
2021-11-15 20:22:11.537  INFO 74250 --- [    Test worker] o.s.t.web.servlet.TestDispatcherServlet  : Initializing Servlet ''
2021-11-15 20:22:11.537  INFO 74250 --- [    Test worker] o.s.t.web.servlet.TestDispatcherServlet  : Completed initialization in 0 ms
2021-11-15 20:22:11.550  INFO 74250 --- [    Test worker] o.s.mock.web.MockServletContext          : Initializing Spring TestDispatcherServlet ''
2021-11-15 20:22:11.550  INFO 74250 --- [    Test worker] o.s.t.web.servlet.TestDispatcherServlet  : Initializing Servlet ''
2021-11-15 20:22:11.550  INFO 74250 --- [    Test worker] o.s.t.web.servlet.TestDispatcherServlet  : Completed initialization in 0 ms
]]></system-out>
  <system-err><![CDATA[]]></system-err>
</testsuite>
