<?xml version="1.0" encoding="UTF-8"?>
<testsuite name="guru.springframework.converters.IngredientToIngredientCommandTest" tests="4" skipped="0" failures="0" errors="0" timestamp="2021-11-04T01:46:26" hostname="AMCEINF19" time="0.002">
  <properties/>
  <testcase name="testConvertWithUom()" classname="guru.springframework.converters.IngredientToIngredientCommandTest" time="0.0"/>
  <testcase name="testConvertNullUOM()" classname="guru.springframework.converters.IngredientToIngredientCommandTest" time="0.0"/>
  <testcase name="testEmptyObject()" classname="guru.springframework.converters.IngredientToIngredientCommandTest" time="0.0"/>
  <testcase name="testNullConvert()" classname="guru.springframework.converters.IngredientToIngredientCommandTest" time="0.001"/>
  <system-out><![CDATA[]]></system-out>
  <system-err><![CDATA[]]></system-err>
</testsuite>
