<?xml version="1.0" encoding="UTF-8"?>
<testsuite name="guru.springframework.services.IngredientServiceImplTest" tests="4" skipped="0" failures="0" errors="0" timestamp="2021-11-15T23:22:12" hostname="AMCEINF19" time="0.009">
  <properties/>
  <testcase name="findByRecipeIdAndReceipeIdHappyPath()" classname="guru.springframework.services.IngredientServiceImplTest" time="0.002"/>
  <testcase name="findByRecipeIdAndId()" classname="guru.springframework.services.IngredientServiceImplTest" time="0.001"/>
  <testcase name="testDeleteById()" classname="guru.springframework.services.IngredientServiceImplTest" time="0.003"/>
  <testcase name="testSaveRecipeCommand()" classname="guru.springframework.services.IngredientServiceImplTest" time="0.003"/>
  <system-out><![CDATA[2021-11-15 20:22:12.316 DEBUG 74250 --- [    Test worker] g.s.services.IngredientServiceImpl       : Deleting ingredient: 1:3
2021-11-15 20:22:12.316 DEBUG 74250 --- [    Test worker] g.s.services.IngredientServiceImpl       : found recipe
2021-11-15 20:22:12.316 DEBUG 74250 --- [    Test worker] g.s.services.IngredientServiceImpl       : found Ingredient
]]></system-out>
  <system-err><![CDATA[]]></system-err>
</testsuite>
