<?xml version="1.0" encoding="UTF-8"?>
<testsuite name="guru.springframework.services.IngredientServiceImplTest" tests="4" skipped="0" failures="0" errors="0" timestamp="2021-07-29T18:50:48" hostname="aspire5" time="0.118">
  <properties/>
  <testcase name="findByRecipeIdAndReceipeIdHappyPath()" classname="guru.springframework.services.IngredientServiceImplTest" time="0.054"/>
  <testcase name="findByRecipeIdAndId()" classname="guru.springframework.services.IngredientServiceImplTest" time="0.001"/>
  <testcase name="testDeleteById()" classname="guru.springframework.services.IngredientServiceImplTest" time="0.03"/>
  <testcase name="testSaveRecipeCommand()" classname="guru.springframework.services.IngredientServiceImplTest" time="0.026"/>
  <system-out><![CDATA[2021-07-29 15:50:48.769 DEBUG 19425 --- [    Test worker] g.s.services.IngredientServiceImpl       : Deleting ingredient: 1:3
2021-07-29 15:50:48.772 DEBUG 19425 --- [    Test worker] g.s.services.IngredientServiceImpl       : found recipe
2021-07-29 15:50:48.782 DEBUG 19425 --- [    Test worker] g.s.services.IngredientServiceImpl       : found Ingredient
]]></system-out>
  <system-err><![CDATA[]]></system-err>
</testsuite>
