<?xml version="1.0" encoding="UTF-8"?>
<testsuite name="guru.springframework.converters.CategoryToCategoryCommandTest" tests="3" skipped="0" failures="0" errors="0" timestamp="2021-11-15T23:22:12" hostname="AMCEINF19" time="0.003">
  <properties/>
  <testcase name="testEmptyObject()" classname="guru.springframework.converters.CategoryToCategoryCommandTest" time="0.0"/>
  <testcase name="convert()" classname="guru.springframework.converters.CategoryToCategoryCommandTest" time="0.001"/>
  <testcase name="testNullObject()" classname="guru.springframework.converters.CategoryToCategoryCommandTest" time="0.001"/>
  <system-out><![CDATA[]]></system-out>
  <system-err><![CDATA[]]></system-err>
</testsuite>
