<?xml version="1.0" encoding="UTF-8"?>
<testsuite name="guru.springframework.services.RecipeServiceIT" tests="1" skipped="0" failures="0" errors="0" timestamp="2021-11-04T01:46:25" hostname="AMCEINF19" time="0.112">
  <properties/>
  <testcase name="testSaveOfDescription()" classname="guru.springframework.services.RecipeServiceIT" time="0.112"/>
  <system-out><![CDATA[2021-11-03 22:46:25.930  INFO 43725 --- [    Test worker] .b.t.c.SpringBootTestContextBootstrapper : Neither @ContextConfiguration nor @ContextHierarchy found for test class [guru.springframework.services.RecipeServiceIT], using SpringBootContextLoader
2021-11-03 22:46:25.931  INFO 43725 --- [    Test worker] o.s.t.c.support.AbstractContextLoader    : Could not detect default resource locations for test class [guru.springframework.services.RecipeServiceIT]: no resource found for suffixes {-context.xml, Context.groovy}.
2021-11-03 22:46:25.934  INFO 43725 --- [    Test worker] t.c.s.AnnotationConfigContextLoaderUtils : Could not detect default configuration classes for test class [guru.springframework.services.RecipeServiceIT]: RecipeServiceIT does not declare any static, non-private, non-final, nested classes annotated with @Configuration.
2021-11-03 22:46:25.943  INFO 43725 --- [    Test worker] .b.t.c.SpringBootTestContextBootstrapper : Found @SpringBootConfiguration guru.springframework.Spring5MongoRecipeAppApplication for test class guru.springframework.services.RecipeServiceIT
2021-11-03 22:46:25.949  INFO 43725 --- [    Test worker] .b.t.c.SpringBootTestContextBootstrapper : Loaded default TestExecutionListener class names from location [META-INF/spring.factories]: [org.springframework.boot.test.autoconfigure.restdocs.RestDocsTestExecutionListener, org.springframework.boot.test.autoconfigure.web.client.MockRestServiceServerResetTestExecutionListener, org.springframework.boot.test.autoconfigure.web.servlet.MockMvcPrintOnlyOnFailureTestExecutionListener, org.springframework.boot.test.autoconfigure.web.servlet.WebDriverTestExecutionListener, org.springframework.boot.test.autoconfigure.webservices.client.MockWebServiceServerTestExecutionListener, org.springframework.boot.test.mock.mockito.MockitoTestExecutionListener, org.springframework.boot.test.mock.mockito.ResetMocksTestExecutionListener, org.springframework.test.context.web.ServletTestExecutionListener, org.springframework.test.context.support.DirtiesContextBeforeModesTestExecutionListener, org.springframework.test.context.event.ApplicationEventsTestExecutionListener, org.springframework.test.context.support.DependencyInjectionTestExecutionListener, org.springframework.test.context.support.DirtiesContextTestExecutionListener, org.springframework.test.context.transaction.TransactionalTestExecutionListener, org.springframework.test.context.jdbc.SqlScriptsTestExecutionListener, org.springframework.test.context.event.EventPublishingTestExecutionListener]
2021-11-03 22:46:25.975  INFO 43725 --- [    Test worker] .b.t.c.SpringBootTestContextBootstrapper : Using TestExecutionListeners: [org.springframework.test.context.support.DirtiesContextBeforeModesTestExecutionListener@44caa3e1, org.springframework.test.context.event.ApplicationEventsTestExecutionListener@5c24fd82, org.springframework.boot.test.mock.mockito.MockitoTestExecutionListener@2328ead9, org.springframework.boot.test.autoconfigure.SpringBootDependencyInjectionTestExecutionListener@5314cc3c, org.springframework.test.context.support.DirtiesContextTestExecutionListener@4250b814, org.springframework.test.context.transaction.TransactionalTestExecutionListener@39638531, org.springframework.test.context.jdbc.SqlScriptsTestExecutionListener@5d79dee6, org.springframework.test.context.event.EventPublishingTestExecutionListener@28f98c59, org.springframework.boot.test.autoconfigure.restdocs.RestDocsTestExecutionListener@6f2e114a, org.springframework.boot.test.autoconfigure.web.client.MockRestServiceServerResetTestExecutionListener@4a414b93, org.springframework.boot.test.autoconfigure.web.servlet.MockMvcPrintOnlyOnFailureTestExecutionListener@595c32d3, org.springframework.boot.test.autoconfigure.web.servlet.WebDriverTestExecutionListener@3da3e6e5, org.springframework.boot.test.autoconfigure.webservices.client.MockWebServiceServerTestExecutionListener@2298045a, org.springframework.boot.test.mock.mockito.ResetMocksTestExecutionListener@6245de49]
2021-11-03 22:46:26.090 DEBUG 43725 --- [    Test worker] g.s.services.RecipeServiceImpl           : Saved RecipeId:61833b6b1c11231a1b4f1bff
]]></system-out>
  <system-err><![CDATA[]]></system-err>
</testsuite>
