<?xml version="1.0" encoding="UTF-8"?>
<testsuite name="guru.springframework.converters.NotesToNotesCommandTest" tests="3" skipped="0" failures="0" errors="0" timestamp="2021-07-29T18:50:22" hostname="aspire5" time="0.005">
  <properties/>
  <testcase name="testNull()" classname="guru.springframework.converters.NotesToNotesCommandTest" time="0.003"/>
  <testcase name="testEmptyObject()" classname="guru.springframework.converters.NotesToNotesCommandTest" time="0.001"/>
  <testcase name="convert()" classname="guru.springframework.converters.NotesToNotesCommandTest" time="0.0"/>
  <system-out><![CDATA[]]></system-out>
  <system-err><![CDATA[]]></system-err>
</testsuite>
