<?xml version="1.0" encoding="UTF-8"?>
<testsuite name="guru.springframework.services.UnitOfMeasureServiceImplTest" tests="1" skipped="0" failures="0" errors="0" timestamp="2021-11-04T01:46:26" hostname="AMCEINF19" time="0.085">
  <properties/>
  <testcase name="listAllUoms()" classname="guru.springframework.services.UnitOfMeasureServiceImplTest" time="0.085"/>
  <system-out><![CDATA[]]></system-out>
  <system-err><![CDATA[]]></system-err>
</testsuite>
