<?xml version="1.0" encoding="UTF-8"?>
<testsuite name="guru.springframework.services.reactive.IngredientReactiveServiceImplTest" tests="4" skipped="0" failures="0" errors="0" timestamp="2021-11-04T01:46:25" hostname="AMCEINF19" time="0.101">
  <properties/>
  <testcase name="findByRecipeIdAndReceipeIdHappyPath()" classname="guru.springframework.services.reactive.IngredientReactiveServiceImplTest" time="0.066"/>
  <testcase name="findByRecipeIdAndId()" classname="guru.springframework.services.reactive.IngredientReactiveServiceImplTest" time="0.002"/>
  <testcase name="testDeleteById()" classname="guru.springframework.services.reactive.IngredientReactiveServiceImplTest" time="0.018"/>
  <testcase name="testSaveRecipeCommand()" classname="guru.springframework.services.reactive.IngredientReactiveServiceImplTest" time="0.008"/>
  <system-out><![CDATA[2021-11-03 22:46:25.910 DEBUG 43725 --- [    Test worker] g.s.s.r.IngredientReactiveServiceImpl    : Deleting ingredient: 1:3
2021-11-03 22:46:25.915 DEBUG 43725 --- [    Test worker] g.s.s.r.IngredientReactiveServiceImpl    : found recipe
2021-11-03 22:46:25.915 DEBUG 43725 --- [    Test worker] g.s.s.r.IngredientReactiveServiceImpl    : found Ingredient
]]></system-out>
  <system-err><![CDATA[]]></system-err>
</testsuite>
