<?xml version="1.0" encoding="UTF-8"?>
<testsuite name="guru.springframework.services.RecipeServiceIT" tests="1" skipped="0" failures="0" errors="0" timestamp="2021-11-04T02:24:10" hostname="AMCEINF19" time="0.087">
  <properties/>
  <testcase name="testSaveOfDescription()" classname="guru.springframework.services.RecipeServiceIT" time="0.087"/>
  <system-out><![CDATA[2021-11-03 23:24:10.951  INFO 45934 --- [    Test worker] .b.t.c.SpringBootTestContextBootstrapper : Neither @ContextConfiguration nor @ContextHierarchy found for test class [guru.springframework.services.RecipeServiceIT], using SpringBootContextLoader
2021-11-03 23:24:10.953  INFO 45934 --- [    Test worker] o.s.t.c.support.AbstractContextLoader    : Could not detect default resource locations for test class [guru.springframework.services.RecipeServiceIT]: no resource found for suffixes {-context.xml, Context.groovy}.
2021-11-03 23:24:10.953  INFO 45934 --- [    Test worker] t.c.s.AnnotationConfigContextLoaderUtils : Could not detect default configuration classes for test class [guru.springframework.services.RecipeServiceIT]: RecipeServiceIT does not declare any static, non-private, non-final, nested classes annotated with @Configuration.
2021-11-03 23:24:10.974  INFO 45934 --- [    Test worker] .b.t.c.SpringBootTestContextBootstrapper : Found @SpringBootConfiguration guru.springframework.Spring5MongoRecipeAppApplication for test class guru.springframework.services.RecipeServiceIT
2021-11-03 23:24:10.979  INFO 45934 --- [    Test worker] .b.t.c.SpringBootTestContextBootstrapper : Loaded default TestExecutionListener class names from location [META-INF/spring.factories]: [org.springframework.boot.test.autoconfigure.restdocs.RestDocsTestExecutionListener, org.springframework.boot.test.autoconfigure.web.client.MockRestServiceServerResetTestExecutionListener, org.springframework.boot.test.autoconfigure.web.servlet.MockMvcPrintOnlyOnFailureTestExecutionListener, org.springframework.boot.test.autoconfigure.web.servlet.WebDriverTestExecutionListener, org.springframework.boot.test.autoconfigure.webservices.client.MockWebServiceServerTestExecutionListener, org.springframework.boot.test.mock.mockito.MockitoTestExecutionListener, org.springframework.boot.test.mock.mockito.ResetMocksTestExecutionListener, org.springframework.test.context.web.ServletTestExecutionListener, org.springframework.test.context.support.DirtiesContextBeforeModesTestExecutionListener, org.springframework.test.context.event.ApplicationEventsTestExecutionListener, org.springframework.test.context.support.DependencyInjectionTestExecutionListener, org.springframework.test.context.support.DirtiesContextTestExecutionListener, org.springframework.test.context.transaction.TransactionalTestExecutionListener, org.springframework.test.context.jdbc.SqlScriptsTestExecutionListener, org.springframework.test.context.event.EventPublishingTestExecutionListener]
2021-11-03 23:24:10.980  INFO 45934 --- [    Test worker] .b.t.c.SpringBootTestContextBootstrapper : Using TestExecutionListeners: [org.springframework.test.context.support.DirtiesContextBeforeModesTestExecutionListener@26376f32, org.springframework.test.context.event.ApplicationEventsTestExecutionListener@1aaaafe, org.springframework.boot.test.mock.mockito.MockitoTestExecutionListener@65512f82, org.springframework.boot.test.autoconfigure.SpringBootDependencyInjectionTestExecutionListener@3e511f3d, org.springframework.test.context.support.DirtiesContextTestExecutionListener@2302a93a, org.springframework.test.context.transaction.TransactionalTestExecutionListener@77ab0afe, org.springframework.test.context.jdbc.SqlScriptsTestExecutionListener@1bea16b6, org.springframework.test.context.event.EventPublishingTestExecutionListener@2df44a01, org.springframework.boot.test.autoconfigure.restdocs.RestDocsTestExecutionListener@1b896dfc, org.springframework.boot.test.autoconfigure.web.client.MockRestServiceServerResetTestExecutionListener@345a7889, org.springframework.boot.test.autoconfigure.web.servlet.MockMvcPrintOnlyOnFailureTestExecutionListener@7f4e9712, org.springframework.boot.test.autoconfigure.web.servlet.WebDriverTestExecutionListener@70e56eb8, org.springframework.boot.test.autoconfigure.webservices.client.MockWebServiceServerTestExecutionListener@20d31bd5, org.springframework.boot.test.mock.mockito.ResetMocksTestExecutionListener@472ab176]
2021-11-03 23:24:11.003  INFO 45934 --- [       Thread-6] o.s.b.a.mongo.embedded.EmbeddedMongo     : 2021-11-03T23:24:11.003-0300 I NETWORK  [thread1] connection accepted from 127.0.0.1:60670 #6 (6 connections now open)
2021-11-03 23:24:11.013  INFO 45934 --- [       Thread-6] o.s.b.a.mongo.embedded.EmbeddedMongo     : 2021-11-03T23:24:11.013-0300 I NETWORK  [conn6] received client metadata from 127.0.0.1:60670 conn6: { driver: { name: "mongo-java-driver|sync|spring-boot", version: "4.2.3" }, os: { type: "Linux", name: "Linux", architecture: "amd64", version: "5.4.0-89-generic" }, platform: "Java/Ubuntu/11.0.11+9-Ubuntu-0ubuntu2.20.04" }
2021-11-03 23:24:11.016  INFO 45934 --- [    Test worker] org.mongodb.driver.connection            : Opened connection [connectionId{localValue:16, serverValue:6}] to localhost:37397
2021-11-03 23:24:11.068 DEBUG 45934 --- [    Test worker] g.s.services.RecipeServiceImpl           : Saved RecipeId:61834446126e743d83b9a3db
]]></system-out>
  <system-err><![CDATA[]]></system-err>
</testsuite>
