<?xml version="1.0" encoding="UTF-8"?>
<testsuite name="guru.springframework.repositories.reactive.RecipeReactiveRepositoryIT" tests="1" skipped="0" failures="0" errors="0" timestamp="2021-11-15T23:22:09" hostname="AMCEINF19" time="0.036">
  <properties/>
  <testcase name="testSaveRecipe()" classname="guru.springframework.repositories.reactive.RecipeReactiveRepositoryIT" time="0.036"/>
  <system-out><![CDATA[2021-11-15 20:22:08.985  INFO 74250 --- [    Test worker] .b.t.c.SpringBootTestContextBootstrapper : Neither @ContextConfiguration nor @ContextHierarchy found for test class [guru.springframework.repositories.reactive.RecipeReactiveRepositoryIT], using SpringBootContextLoader
2021-11-15 20:22:08.987  INFO 74250 --- [    Test worker] o.s.t.c.support.AbstractContextLoader    : Could not detect default resource locations for test class [guru.springframework.repositories.reactive.RecipeReactiveRepositoryIT]: no resource found for suffixes {-context.xml, Context.groovy}.
2021-11-15 20:22:08.987  INFO 74250 --- [    Test worker] t.c.s.AnnotationConfigContextLoaderUtils : Could not detect default configuration classes for test class [guru.springframework.repositories.reactive.RecipeReactiveRepositoryIT]: RecipeReactiveRepositoryIT does not declare any static, non-private, non-final, nested classes annotated with @Configuration.
2021-11-15 20:22:08.999  INFO 74250 --- [    Test worker] .b.t.c.SpringBootTestContextBootstrapper : Found @SpringBootConfiguration guru.springframework.Spring5MongoRecipeAppApplication for test class guru.springframework.repositories.reactive.RecipeReactiveRepositoryIT
2021-11-15 20:22:09.002  INFO 74250 --- [    Test worker] .b.t.c.SpringBootTestContextBootstrapper : Loaded default TestExecutionListener class names from location [META-INF/spring.factories]: [org.springframework.boot.test.autoconfigure.restdocs.RestDocsTestExecutionListener, org.springframework.boot.test.autoconfigure.web.client.MockRestServiceServerResetTestExecutionListener, org.springframework.boot.test.autoconfigure.web.servlet.MockMvcPrintOnlyOnFailureTestExecutionListener, org.springframework.boot.test.autoconfigure.web.servlet.WebDriverTestExecutionListener, org.springframework.boot.test.autoconfigure.webservices.client.MockWebServiceServerTestExecutionListener, org.springframework.boot.test.mock.mockito.MockitoTestExecutionListener, org.springframework.boot.test.mock.mockito.ResetMocksTestExecutionListener, org.springframework.test.context.web.ServletTestExecutionListener, org.springframework.test.context.support.DirtiesContextBeforeModesTestExecutionListener, org.springframework.test.context.event.ApplicationEventsTestExecutionListener, org.springframework.test.context.support.DependencyInjectionTestExecutionListener, org.springframework.test.context.support.DirtiesContextTestExecutionListener, org.springframework.test.context.transaction.TransactionalTestExecutionListener, org.springframework.test.context.jdbc.SqlScriptsTestExecutionListener, org.springframework.test.context.event.EventPublishingTestExecutionListener]
2021-11-15 20:22:09.008  INFO 74250 --- [    Test worker] .b.t.c.SpringBootTestContextBootstrapper : Using TestExecutionListeners: [org.springframework.test.context.web.ServletTestExecutionListener@3066bf66, org.springframework.test.context.support.DirtiesContextBeforeModesTestExecutionListener@e775655, org.springframework.test.context.event.ApplicationEventsTestExecutionListener@6308fc55, org.springframework.boot.test.mock.mockito.MockitoTestExecutionListener@5d73b44b, org.springframework.boot.test.autoconfigure.SpringBootDependencyInjectionTestExecutionListener@58ebbd0c, org.springframework.test.context.support.DirtiesContextTestExecutionListener@6c1a9dba, org.springframework.test.context.transaction.TransactionalTestExecutionListener@48543e38, org.springframework.test.context.jdbc.SqlScriptsTestExecutionListener@8c50a95, org.springframework.test.context.event.EventPublishingTestExecutionListener@d43d55c, org.springframework.boot.test.autoconfigure.restdocs.RestDocsTestExecutionListener@358c7e03, org.springframework.boot.test.autoconfigure.web.client.MockRestServiceServerResetTestExecutionListener@5cc03374, org.springframework.boot.test.autoconfigure.web.servlet.MockMvcPrintOnlyOnFailureTestExecutionListener@7c710bdb, org.springframework.boot.test.autoconfigure.web.servlet.WebDriverTestExecutionListener@6f0bd83c, org.springframework.boot.test.autoconfigure.webservices.client.MockWebServiceServerTestExecutionListener@39a1dfb8, org.springframework.boot.test.mock.mockito.ResetMocksTestExecutionListener@64a7106b]
2021-11-15 20:22:09.038 DEBUG 74250 --- [    Test worker] g.s.bootstrap.RecipeReactiveBootstrap    : Loading Bootstrap Data
2021-11-15 20:22:09.041  INFO 74250 --- [    Test worker] g.s.bootstrap.RecipeReactiveBootstrap    : Categories: 4
2021-11-15 20:22:09.045  INFO 74250 --- [    Test worker] g.s.bootstrap.RecipeReactiveBootstrap    : Recipes: 2
2021-11-15 20:22:09.047  INFO 74250 --- [    Test worker] g.s.bootstrap.RecipeReactiveBootstrap    : Units of Measure: 8
]]></system-out>
  <system-err><![CDATA[]]></system-err>
</testsuite>
