<?xml version="1.0" encoding="UTF-8"?>
<testsuite name="guru.springframework.repositories.reactive.RecipeReactiveRepositoryIT" tests="1" skipped="0" failures="0" errors="0" timestamp="2021-11-04T02:24:06" hostname="AMCEINF19" time="0.518">
  <properties/>
  <testcase name="testSaveRecipe()" classname="guru.springframework.repositories.reactive.RecipeReactiveRepositoryIT" time="0.518"/>
  <system-out><![CDATA[23:24:01.451 [Test worker] DEBUG org.springframework.test.context.BootstrapUtils - Instantiating CacheAwareContextLoaderDelegate from class [org.springframework.test.context.cache.DefaultCacheAwareContextLoaderDelegate]
23:24:01.478 [Test worker] DEBUG org.springframework.test.context.BootstrapUtils - Instantiating BootstrapContext using constructor [public org.springframework.test.context.support.DefaultBootstrapContext(java.lang.Class,org.springframework.test.context.CacheAwareContextLoaderDelegate)]
23:24:01.541 [Test worker] DEBUG org.springframework.test.context.BootstrapUtils - Instantiating TestContextBootstrapper for test class [guru.springframework.repositories.reactive.RecipeReactiveRepositoryIT] from class [org.springframework.boot.test.context.SpringBootTestContextBootstrapper]
23:24:01.556 [Test worker] INFO org.springframework.boot.test.context.SpringBootTestContextBootstrapper - Neither @ContextConfiguration nor @ContextHierarchy found for test class [guru.springframework.repositories.reactive.RecipeReactiveRepositoryIT], using SpringBootContextLoader
23:24:01.565 [Test worker] DEBUG org.springframework.test.context.support.AbstractContextLoader - Did not detect default resource location for test class [guru.springframework.repositories.reactive.RecipeReactiveRepositoryIT]: class path resource [guru/springframework/repositories/reactive/RecipeReactiveRepositoryIT-context.xml] does not exist
23:24:01.566 [Test worker] DEBUG org.springframework.test.context.support.AbstractContextLoader - Did not detect default resource location for test class [guru.springframework.repositories.reactive.RecipeReactiveRepositoryIT]: class path resource [guru/springframework/repositories/reactive/RecipeReactiveRepositoryITContext.groovy] does not exist
23:24:01.566 [Test worker] INFO org.springframework.test.context.support.AbstractContextLoader - Could not detect default resource locations for test class [guru.springframework.repositories.reactive.RecipeReactiveRepositoryIT]: no resource found for suffixes {-context.xml, Context.groovy}.
23:24:01.567 [Test worker] INFO org.springframework.test.context.support.AnnotationConfigContextLoaderUtils - Could not detect default configuration classes for test class [guru.springframework.repositories.reactive.RecipeReactiveRepositoryIT]: RecipeReactiveRepositoryIT does not declare any static, non-private, non-final, nested classes annotated with @Configuration.
23:24:01.702 [Test worker] DEBUG org.springframework.test.context.support.ActiveProfilesUtils - Could not find an 'annotation declaring class' for annotation type [org.springframework.test.context.ActiveProfiles] and class [guru.springframework.repositories.reactive.RecipeReactiveRepositoryIT]
23:24:01.815 [Test worker] DEBUG org.springframework.context.annotation.ClassPathScanningCandidateComponentProvider - Identified candidate component class: file [/home/berkson/git/spring5-mongo-recipe-app/build/classes/java/main/guru/springframework/Spring5MongoRecipeAppApplication.class]
23:24:01.817 [Test worker] INFO org.springframework.boot.test.context.SpringBootTestContextBootstrapper - Found @SpringBootConfiguration guru.springframework.Spring5MongoRecipeAppApplication for test class guru.springframework.repositories.reactive.RecipeReactiveRepositoryIT
23:24:01.972 [Test worker] DEBUG org.springframework.boot.test.context.SpringBootTestContextBootstrapper - @TestExecutionListeners is not present for class [guru.springframework.repositories.reactive.RecipeReactiveRepositoryIT]: using defaults.
23:24:01.973 [Test worker] INFO org.springframework.boot.test.context.SpringBootTestContextBootstrapper - Loaded default TestExecutionListener class names from location [META-INF/spring.factories]: [org.springframework.boot.test.autoconfigure.restdocs.RestDocsTestExecutionListener, org.springframework.boot.test.autoconfigure.web.client.MockRestServiceServerResetTestExecutionListener, org.springframework.boot.test.autoconfigure.web.servlet.MockMvcPrintOnlyOnFailureTestExecutionListener, org.springframework.boot.test.autoconfigure.web.servlet.WebDriverTestExecutionListener, org.springframework.boot.test.autoconfigure.webservices.client.MockWebServiceServerTestExecutionListener, org.springframework.boot.test.mock.mockito.MockitoTestExecutionListener, org.springframework.boot.test.mock.mockito.ResetMocksTestExecutionListener, org.springframework.test.context.web.ServletTestExecutionListener, org.springframework.test.context.support.DirtiesContextBeforeModesTestExecutionListener, org.springframework.test.context.event.ApplicationEventsTestExecutionListener, org.springframework.test.context.support.DependencyInjectionTestExecutionListener, org.springframework.test.context.support.DirtiesContextTestExecutionListener, org.springframework.test.context.transaction.TransactionalTestExecutionListener, org.springframework.test.context.jdbc.SqlScriptsTestExecutionListener, org.springframework.test.context.event.EventPublishingTestExecutionListener]
23:24:01.985 [Test worker] DEBUG org.springframework.boot.test.context.SpringBootTestContextBootstrapper - Skipping candidate TestExecutionListener [org.springframework.test.context.web.ServletTestExecutionListener] due to a missing dependency. Specify custom listener classes or make the default listener classes and their required dependencies available. Offending class: [javax/servlet/ServletContext]
23:24:01.996 [Test worker] INFO org.springframework.boot.test.context.SpringBootTestContextBootstrapper - Using TestExecutionListeners: [org.springframework.test.context.support.DirtiesContextBeforeModesTestExecutionListener@43c9df40, org.springframework.test.context.event.ApplicationEventsTestExecutionListener@22df8e3e, org.springframework.boot.test.mock.mockito.MockitoTestExecutionListener@3a4785d8, org.springframework.boot.test.autoconfigure.SpringBootDependencyInjectionTestExecutionListener@217784d1, org.springframework.test.context.support.DirtiesContextTestExecutionListener@2c496c60, org.springframework.test.context.transaction.TransactionalTestExecutionListener@7239b9a9, org.springframework.test.context.jdbc.SqlScriptsTestExecutionListener@74568b73, org.springframework.test.context.event.EventPublishingTestExecutionListener@699ac824, org.springframework.boot.test.autoconfigure.restdocs.RestDocsTestExecutionListener@ed7831b, org.springframework.boot.test.autoconfigure.web.client.MockRestServiceServerResetTestExecutionListener@311c8799, org.springframework.boot.test.autoconfigure.web.servlet.MockMvcPrintOnlyOnFailureTestExecutionListener@71519fda, org.springframework.boot.test.autoconfigure.web.servlet.WebDriverTestExecutionListener@4e35a23c, org.springframework.boot.test.autoconfigure.webservices.client.MockWebServiceServerTestExecutionListener@7c482fba, org.springframework.boot.test.mock.mockito.ResetMocksTestExecutionListener@29bd4fe5]
23:24:02.000 [Test worker] DEBUG org.springframework.test.context.support.AbstractDirtiesContextTestExecutionListener - Before test class: context [DefaultTestContext@200e9fd7 testClass = RecipeReactiveRepositoryIT, testInstance = [null], testMethod = [null], testException = [null], mergedContextConfiguration = [ReactiveWebMergedContextConfiguration@37b75365 testClass = RecipeReactiveRepositoryIT, locations = '{}', classes = '{class guru.springframework.Spring5MongoRecipeAppApplication}', contextInitializerClasses = '[]', activeProfiles = '{}', propertySourceLocations = '{}', propertySourceProperties = '{org.springframework.boot.test.context.SpringBootTestContextBootstrapper=true}', contextCustomizers = set[org.springframework.boot.test.autoconfigure.actuate.metrics.MetricsExportContextCustomizerFactory$DisableMetricExportContextCustomizer@36466b63, org.springframework.boot.test.autoconfigure.properties.PropertyMappingContextCustomizer@0, org.springframework.boot.test.autoconfigure.web.servlet.WebDriverContextCustomizerFactory$Customizer@40ee08c9, org.springframework.boot.test.context.filter.ExcludeFilterContextCustomizer@63ee0f49, org.springframework.boot.test.json.DuplicateJsonObjectContextCustomizerFactory$DuplicateJsonObjectContextCustomizer@2c70a595, org.springframework.boot.test.mock.mockito.MockitoContextCustomizer@0, org.springframework.boot.test.web.client.TestRestTemplateContextCustomizer@1d66f5b1, org.springframework.boot.test.web.reactive.server.WebTestClientContextCustomizer@2b0fc9f4, org.springframework.boot.test.context.SpringBootTestArgs@1, org.springframework.boot.test.context.SpringBootTestWebEnvironment@32378f43], contextLoader = 'org.springframework.boot.test.context.SpringBootContextLoader', parent = [null]], attributes = map[[empty]]], class annotated with @DirtiesContext [false] with mode [null].
23:24:02.015 [Test worker] DEBUG org.springframework.test.context.support.DependencyInjectionTestExecutionListener - Performing dependency injection for test context [[DefaultTestContext@200e9fd7 testClass = RecipeReactiveRepositoryIT, testInstance = guru.springframework.repositories.reactive.RecipeReactiveRepositoryIT@705350e6, testMethod = [null], testException = [null], mergedContextConfiguration = [ReactiveWebMergedContextConfiguration@37b75365 testClass = RecipeReactiveRepositoryIT, locations = '{}', classes = '{class guru.springframework.Spring5MongoRecipeAppApplication}', contextInitializerClasses = '[]', activeProfiles = '{}', propertySourceLocations = '{}', propertySourceProperties = '{org.springframework.boot.test.context.SpringBootTestContextBootstrapper=true}', contextCustomizers = set[org.springframework.boot.test.autoconfigure.actuate.metrics.MetricsExportContextCustomizerFactory$DisableMetricExportContextCustomizer@36466b63, org.springframework.boot.test.autoconfigure.properties.PropertyMappingContextCustomizer@0, org.springframework.boot.test.autoconfigure.web.servlet.WebDriverContextCustomizerFactory$Customizer@40ee08c9, org.springframework.boot.test.context.filter.ExcludeFilterContextCustomizer@63ee0f49, org.springframework.boot.test.json.DuplicateJsonObjectContextCustomizerFactory$DuplicateJsonObjectContextCustomizer@2c70a595, org.springframework.boot.test.mock.mockito.MockitoContextCustomizer@0, org.springframework.boot.test.web.client.TestRestTemplateContextCustomizer@1d66f5b1, org.springframework.boot.test.web.reactive.server.WebTestClientContextCustomizer@2b0fc9f4, org.springframework.boot.test.context.SpringBootTestArgs@1, org.springframework.boot.test.context.SpringBootTestWebEnvironment@32378f43], contextLoader = 'org.springframework.boot.test.context.SpringBootContextLoader', parent = [null]], attributes = map['org.springframework.test.context.event.ApplicationEventsTestExecutionListener.recordApplicationEvents' -> false]]].
23:24:02.049 [Test worker] DEBUG org.springframework.test.context.support.TestPropertySourceUtils - Adding inlined properties to environment: {spring.jmx.enabled=false, org.springframework.boot.test.context.SpringBootTestContextBootstrapper=true}

  .   ____          _            __ _ _
 /\\ / ___'_ __ _ _(_)_ __  __ _ \ \ \ \
( ( )\___ | '_ | '_| | '_ \/ _` | \ \ \ \
 \\/  ___)| |_)| | | | | || (_| |  ) ) ) )
  '  |____| .__|_| |_|_| |_\__, | / / / /
 =========|_|==============|___/=/_/_/_/
 :: Spring Boot ::                (v2.5.5)

2021-11-03 23:24:02.445  INFO 45934 --- [    Test worker] g.s.r.r.RecipeReactiveRepositoryIT       : Starting RecipeReactiveRepositoryIT using Java 11.0.11 on AMCEINF19 with PID 45934 (started by berkson in /home/berkson/git/spring5-mongo-recipe-app)
2021-11-03 23:24:02.447 DEBUG 45934 --- [    Test worker] g.s.r.r.RecipeReactiveRepositoryIT       : Running with Spring Boot v2.5.5, Spring v5.3.10
2021-11-03 23:24:02.450  INFO 45934 --- [    Test worker] g.s.r.r.RecipeReactiveRepositoryIT       : The following profiles are active: reactive
2021-11-03 23:24:03.291  INFO 45934 --- [    Test worker] .s.d.r.c.RepositoryConfigurationDelegate : Bootstrapping Spring Data Reactive MongoDB repositories in DEFAULT mode.
2021-11-03 23:24:03.485  INFO 45934 --- [    Test worker] .s.d.r.c.RepositoryConfigurationDelegate : Finished Spring Data repository scanning in 188 ms. Found 3 Reactive MongoDB repository interfaces.
2021-11-03 23:24:03.490  INFO 45934 --- [    Test worker] .s.d.r.c.RepositoryConfigurationDelegate : Bootstrapping Spring Data MongoDB repositories in DEFAULT mode.
2021-11-03 23:24:03.503  INFO 45934 --- [    Test worker] .s.d.r.c.RepositoryConfigurationDelegate : Finished Spring Data repository scanning in 12 ms. Found 3 MongoDB repository interfaces.
2021-11-03 23:24:04.016  INFO 45934 --- [       Thread-6] o.s.b.a.mongo.embedded.EmbeddedMongo     : note: noprealloc may hurt performance in many applications
2021-11-03 23:24:04.018  INFO 45934 --- [       Thread-6] o.s.b.a.mongo.embedded.EmbeddedMongo     : 2021-11-03T23:24:04.018-0300 I CONTROL  [initandlisten] MongoDB starting : pid=45973 port=37397 dbpath=/tmp/embedmongo-db-1f2cf838-6031-4e67-b63a-e1745e9d825e 64-bit host=AMCEINF19
2021-11-03 23:24:04.018  INFO 45934 --- [       Thread-6] o.s.b.a.mongo.embedded.EmbeddedMongo     : 2021-11-03T23:24:04.018-0300 I CONTROL  [initandlisten] db version v3.5.5
2021-11-03 23:24:04.019  INFO 45934 --- [       Thread-6] o.s.b.a.mongo.embedded.EmbeddedMongo     : 2021-11-03T23:24:04.018-0300 I CONTROL  [initandlisten] git version: 98515c812b6fa893613f063dae568ff8319cbfbd
2021-11-03 23:24:04.019  INFO 45934 --- [       Thread-6] o.s.b.a.mongo.embedded.EmbeddedMongo     : 2021-11-03T23:24:04.018-0300 I CONTROL  [initandlisten] allocator: tcmalloc
2021-11-03 23:24:04.019  INFO 45934 --- [       Thread-6] o.s.b.a.mongo.embedded.EmbeddedMongo     : 2021-11-03T23:24:04.018-0300 I CONTROL  [initandlisten] modules: none
2021-11-03 23:24:04.019  INFO 45934 --- [       Thread-6] o.s.b.a.mongo.embedded.EmbeddedMongo     : 2021-11-03T23:24:04.018-0300 I CONTROL  [initandlisten] build environment:
2021-11-03 23:24:04.019  INFO 45934 --- [       Thread-6] o.s.b.a.mongo.embedded.EmbeddedMongo     : 2021-11-03T23:24:04.018-0300 I CONTROL  [initandlisten]     distarch: x86_64
2021-11-03 23:24:04.019  INFO 45934 --- [       Thread-6] o.s.b.a.mongo.embedded.EmbeddedMongo     : 2021-11-03T23:24:04.018-0300 I CONTROL  [initandlisten]     target_arch: x86_64
2021-11-03 23:24:04.019  INFO 45934 --- [       Thread-6] o.s.b.a.mongo.embedded.EmbeddedMongo     : 2021-11-03T23:24:04.018-0300 I CONTROL  [initandlisten] options: { net: { bindIp: "127.0.0.1", http: { enabled: false }, port: 37397 }, security: { authorization: "disabled" }, storage: { dbPath: "/tmp/embedmongo-db-1f2cf838-6031-4e67-b63a-e1745e9d825e", journal: { enabled: false }, mmapv1: { preallocDataFiles: false, smallFiles: true }, syncPeriodSecs: 0.0 } }
2021-11-03 23:24:04.021  INFO 45934 --- [       Thread-6] o.s.b.a.mongo.embedded.EmbeddedMongo     : 2021-11-03T23:24:04.021-0300 I STORAGE  [initandlisten] 
2021-11-03 23:24:04.021  INFO 45934 --- [       Thread-6] o.s.b.a.mongo.embedded.EmbeddedMongo     : 2021-11-03T23:24:04.021-0300 I STORAGE  [initandlisten] ** WARNING: Using the XFS filesystem is strongly recommended with the WiredTiger storage engine
2021-11-03 23:24:04.021  INFO 45934 --- [       Thread-6] o.s.b.a.mongo.embedded.EmbeddedMongo     : 2021-11-03T23:24:04.021-0300 I STORAGE  [initandlisten] **          See http://dochub.mongodb.org/core/prodnotes-filesystem
2021-11-03 23:24:04.021  INFO 45934 --- [       Thread-6] o.s.b.a.mongo.embedded.EmbeddedMongo     : 2021-11-03T23:24:04.021-0300 I STORAGE  [initandlisten] wiredtiger_open config: create,cache_size=15478M,session_max=20000,eviction=(threads_min=4,threads_max=4),config_base=false,statistics=(fast),log=(enabled=true,archive=true,path=journal,compressor=snappy),file_manager=(close_idle_time=100000),checkpoint=(wait=0,log_size=2GB),statistics_log=(wait=0),verbose=(recovery_progress),,log=(enabled=false),
2021-11-03 23:24:04.147  INFO 45934 --- [       Thread-6] o.s.b.a.mongo.embedded.EmbeddedMongo     : 2021-11-03T23:24:04.147-0300 W STORAGE  [initandlisten] Detected configuration for non-active storage engine mmapv1 when current storage engine is wiredTiger
2021-11-03 23:24:04.148  INFO 45934 --- [       Thread-6] o.s.b.a.mongo.embedded.EmbeddedMongo     : 2021-11-03T23:24:04.147-0300 I CONTROL  [initandlisten] 
2021-11-03 23:24:04.148  INFO 45934 --- [       Thread-6] o.s.b.a.mongo.embedded.EmbeddedMongo     : 2021-11-03T23:24:04.147-0300 I CONTROL  [initandlisten] ** NOTE: This is a development version (3.5.5) of MongoDB.
2021-11-03 23:24:04.148  INFO 45934 --- [       Thread-6] o.s.b.a.mongo.embedded.EmbeddedMongo     : 2021-11-03T23:24:04.147-0300 I CONTROL  [initandlisten] **       Not recommended for production.
2021-11-03 23:24:04.148  INFO 45934 --- [       Thread-6] o.s.b.a.mongo.embedded.EmbeddedMongo     : 2021-11-03T23:24:04.147-0300 I CONTROL  [initandlisten] 
2021-11-03 23:24:04.149  INFO 45934 --- [       Thread-6] o.s.b.a.mongo.embedded.EmbeddedMongo     : 2021-11-03T23:24:04.147-0300 I CONTROL  [initandlisten] 
2021-11-03 23:24:04.149  INFO 45934 --- [       Thread-6] o.s.b.a.mongo.embedded.EmbeddedMongo     : 2021-11-03T23:24:04.147-0300 I CONTROL  [initandlisten] ** WARNING: soft rlimits too low. rlimits set to 127677 processes, 1048576 files. Number of processes should be at least 524288 : 0.5 times number of files.
2021-11-03 23:24:04.171  INFO 45934 --- [       Thread-6] o.s.b.a.mongo.embedded.EmbeddedMongo     : 2021-11-03T23:24:04.171-0300 I FTDC     [initandlisten] Initializing full-time diagnostic data capture with directory '/tmp/embedmongo-db-1f2cf838-6031-4e67-b63a-e1745e9d825e/diagnostic.data'
2021-11-03 23:24:04.204  INFO 45934 --- [       Thread-6] o.s.b.a.mongo.embedded.EmbeddedMongo     : 2021-11-03T23:24:04.204-0300 I INDEX    [initandlisten] build index on: admin.system.version properties: { v: 2, key: { version: 1 }, name: "incompatible_with_version_32", ns: "admin.system.version" }
2021-11-03 23:24:04.204  INFO 45934 --- [       Thread-6] o.s.b.a.mongo.embedded.EmbeddedMongo     : 2021-11-03T23:24:04.204-0300 I INDEX    [initandlisten] 	 building index using bulk method; build may temporarily use up to 500 megabytes of RAM
2021-11-03 23:24:04.205  INFO 45934 --- [       Thread-6] o.s.b.a.mongo.embedded.EmbeddedMongo     : 2021-11-03T23:24:04.204-0300 I INDEX    [initandlisten] build index done.  scanned 0 total records. 0 secs
2021-11-03 23:24:04.205  INFO 45934 --- [       Thread-6] o.s.b.a.mongo.embedded.EmbeddedMongo     : 2021-11-03T23:24:04.205-0300 I COMMAND  [initandlisten] setting featureCompatibilityVersion to 3.4
2021-11-03 23:24:04.205  INFO 45934 --- [       Thread-6] o.s.b.a.mongo.embedded.EmbeddedMongo     : 2021-11-03T23:24:04.205-0300 I NETWORK  [thread1] waiting for connections on port 37397
2021-11-03 23:24:04.206  INFO 45934 --- [    Test worker] d.f.embed.mongo.MongodExecutable         : start MongodConfig{version=Version{3.5.5}, timeout=de.flapdoodle.embed.mongo.config.Timeout@6d1685e6, net=de.flapdoodle.embed.mongo.config.Net@606ffb2e, cmdOptions=MongoCmdOptions{syncDelay=0, useDefaultSyncDelay=false, isVerbose=false, useNoPrealloc=true, useSmallFiles=true, useNoJournal=true, enableTextSearch=false, auth=false, master=false}, password=, userName=, replication=de.flapdoodle.embed.mongo.config.Storage@3dc9298e, isConfigServer=false, isShardServer=false, processListener=de.flapdoodle.embed.mongo.config.processlistener.NoopProcessListener@6f46ce14, params={}, args={}, pidFile=mongod.pid, supportConfig=de.flapdoodle.embed.mongo.config.SupportConfig@36a64faf}
2021-11-03 23:24:04.454  INFO 45934 --- [    Test worker] org.mongodb.driver.cluster               : Cluster created with settings {hosts=[localhost:37397], mode=SINGLE, requiredClusterType=UNKNOWN, serverSelectionTimeout='30000 ms'}
2021-11-03 23:24:04.557  INFO 45934 --- [    Test worker] org.mongodb.driver.cluster               : Cluster created with settings {hosts=[localhost:37397], mode=SINGLE, requiredClusterType=UNKNOWN, serverSelectionTimeout='30000 ms'}
2021-11-03 23:24:04.630  INFO 45934 --- [       Thread-6] o.s.b.a.mongo.embedded.EmbeddedMongo     : 2021-11-03T23:24:04.628-0300 I NETWORK  [thread1] connection accepted from 127.0.0.1:60636 #1 (1 connection now open)
2021-11-03 23:24:04.630  INFO 45934 --- [       Thread-6] o.s.b.a.mongo.embedded.EmbeddedMongo     : 2021-11-03T23:24:04.628-0300 I NETWORK  [thread1] connection accepted from 127.0.0.1:60638 #2 (2 connections now open)
2021-11-03 23:24:04.630  INFO 45934 --- [       Thread-6] o.s.b.a.mongo.embedded.EmbeddedMongo     : 2021-11-03T23:24:04.628-0300 I NETWORK  [thread1] connection accepted from 127.0.0.1:60640 #3 (3 connections now open)
2021-11-03 23:24:04.633  INFO 45934 --- [       Thread-6] o.s.b.a.mongo.embedded.EmbeddedMongo     : 2021-11-03T23:24:04.633-0300 I NETWORK  [thread1] connection accepted from 127.0.0.1:60642 #4 (4 connections now open)
2021-11-03 23:24:04.722  INFO 45934 --- [       Thread-6] o.s.b.a.mongo.embedded.EmbeddedMongo     : 2021-11-03T23:24:04.722-0300 I NETWORK  [conn2] received client metadata from 127.0.0.1:60638 conn2: { driver: { name: "mongo-java-driver|sync|spring-boot", version: "4.2.3" }, os: { type: "Linux", name: "Linux", architecture: "amd64", version: "5.4.0-89-generic" }, platform: "Java/Ubuntu/11.0.11+9-Ubuntu-0ubuntu2.20.04" }
2021-11-03 23:24:04.728  INFO 45934 --- [       Thread-6] o.s.b.a.mongo.embedded.EmbeddedMongo     : 2021-11-03T23:24:04.722-0300 I NETWORK  [conn4] received client metadata from 127.0.0.1:60642 conn4: { driver: { name: "mongo-java-driver|reactive-streams|spring-boot", version: "4.2.3" }, os: { type: "Linux", name: "Linux", architecture: "amd64", version: "5.4.0-89-generic" }, platform: "Java/Ubuntu/11.0.11+9-Ubuntu-0ubuntu2.20.04" }
2021-11-03 23:24:04.728  INFO 45934 --- [       Thread-6] o.s.b.a.mongo.embedded.EmbeddedMongo     : 2021-11-03T23:24:04.722-0300 I NETWORK  [conn3] received client metadata from 127.0.0.1:60640 conn3: { driver: { name: "mongo-java-driver|sync|spring-boot", version: "4.2.3" }, os: { type: "Linux", name: "Linux", architecture: "amd64", version: "5.4.0-89-generic" }, platform: "Java/Ubuntu/11.0.11+9-Ubuntu-0ubuntu2.20.04" }
2021-11-03 23:24:04.732  INFO 45934 --- [       Thread-6] o.s.b.a.mongo.embedded.EmbeddedMongo     : 2021-11-03T23:24:04.732-0300 I NETWORK  [conn1] received client metadata from 127.0.0.1:60636 conn1: { driver: { name: "mongo-java-driver|reactive-streams|spring-boot", version: "4.2.3" }, os: { type: "Linux", name: "Linux", architecture: "amd64", version: "5.4.0-89-generic" }, platform: "Java/Ubuntu/11.0.11+9-Ubuntu-0ubuntu2.20.04" }
2021-11-03 23:24:04.780  INFO 45934 --- [localhost:37397] org.mongodb.driver.connection            : Opened connection [connectionId{localValue:2, serverValue:4}] to localhost:37397
2021-11-03 23:24:04.782  INFO 45934 --- [localhost:37397] org.mongodb.driver.connection            : Opened connection [connectionId{localValue:1, serverValue:1}] to localhost:37397
2021-11-03 23:24:04.784  INFO 45934 --- [localhost:37397] org.mongodb.driver.connection            : Opened connection [connectionId{localValue:3, serverValue:3}] to localhost:37397
2021-11-03 23:24:04.786  INFO 45934 --- [localhost:37397] org.mongodb.driver.cluster               : Monitor thread successfully connected to server with description ServerDescription{address=localhost:37397, type=STANDALONE, state=CONNECTED, ok=true, minWireVersion=0, maxWireVersion=5, maxDocumentSize=16777216, logicalSessionTimeoutMinutes=null, roundTripTimeNanos=136462414}
2021-11-03 23:24:04.784  INFO 45934 --- [localhost:37397] org.mongodb.driver.connection            : Opened connection [connectionId{localValue:4, serverValue:2}] to localhost:37397
2021-11-03 23:24:04.784  INFO 45934 --- [localhost:37397] org.mongodb.driver.cluster               : Monitor thread successfully connected to server with description ServerDescription{address=localhost:37397, type=STANDALONE, state=CONNECTED, ok=true, minWireVersion=0, maxWireVersion=5, maxDocumentSize=16777216, logicalSessionTimeoutMinutes=null, roundTripTimeNanos=134634730}
2021-11-03 23:24:06.092  INFO 45934 --- [       Thread-6] o.s.b.a.mongo.embedded.EmbeddedMongo     : 2021-11-03T23:24:06.092-0300 I NETWORK  [thread1] connection accepted from 127.0.0.1:60644 #5 (5 connections now open)
2021-11-03 23:24:06.098  INFO 45934 --- [       Thread-6] o.s.b.a.mongo.embedded.EmbeddedMongo     : 2021-11-03T23:24:06.097-0300 I NETWORK  [conn5] received client metadata from 127.0.0.1:60644 conn5: { driver: { name: "mongo-java-driver|reactive-streams|spring-boot", version: "4.2.3" }, os: { type: "Linux", name: "Linux", architecture: "amd64", version: "5.4.0-89-generic" }, platform: "Java/Ubuntu/11.0.11+9-Ubuntu-0ubuntu2.20.04" }
2021-11-03 23:24:06.113  INFO 45934 --- [ntLoopGroup-2-3] org.mongodb.driver.connection            : Opened connection [connectionId{localValue:5, serverValue:5}] to localhost:37397
2021-11-03 23:24:06.167 DEBUG 45934 --- [    Test worker] g.s.bootstrap.RecipeReactiveBootstrap    : loading cause is empty
2021-11-03 23:24:06.696 DEBUG 45934 --- [    Test worker] g.s.bootstrap.RecipeReactiveBootstrap    : Loading Bootstrap Data
2021-11-03 23:24:06.701  INFO 45934 --- [    Test worker] g.s.bootstrap.RecipeReactiveBootstrap    : Categories: 4
2021-11-03 23:24:06.709  INFO 45934 --- [    Test worker] g.s.bootstrap.RecipeReactiveBootstrap    : Recipes: 2
2021-11-03 23:24:06.714  INFO 45934 --- [    Test worker] g.s.bootstrap.RecipeReactiveBootstrap    : Units of Measure: 8
2021-11-03 23:24:06.718  INFO 45934 --- [    Test worker] g.s.r.r.RecipeReactiveRepositoryIT       : Started RecipeReactiveRepositoryIT in 4.654 seconds (JVM running for 6.642)
2021-11-03 23:24:07.232 DEBUG 45934 --- [    Test worker] g.s.bootstrap.RecipeReactiveBootstrap    : Loading Bootstrap Data
2021-11-03 23:24:07.235  INFO 45934 --- [    Test worker] g.s.bootstrap.RecipeReactiveBootstrap    : Categories: 4
2021-11-03 23:24:07.245  INFO 45934 --- [    Test worker] g.s.bootstrap.RecipeReactiveBootstrap    : Recipes: 2
2021-11-03 23:24:07.248  INFO 45934 --- [    Test worker] g.s.bootstrap.RecipeReactiveBootstrap    : Units of Measure: 8
]]></system-out>
  <system-err><![CDATA[]]></system-err>
</testsuite>
