<?xml version="1.0" encoding="UTF-8"?>
<testsuite name="guru.springframework.services.RecipeServiceImplTest" tests="5" skipped="0" failures="0" errors="0" timestamp="2021-11-15T23:22:12" hostname="AMCEINF19" time="0.01">
  <properties/>
  <testcase name="getRecipeByIdTestNotFound()" classname="guru.springframework.services.RecipeServiceImplTest" time="0.002"/>
  <testcase name="testDeleteById()" classname="guru.springframework.services.RecipeServiceImplTest" time="0.001"/>
  <testcase name="getRecipesTest()" classname="guru.springframework.services.RecipeServiceImplTest" time="0.002"/>
  <testcase name="getRecipeByIdTest()" classname="guru.springframework.services.RecipeServiceImplTest" time="0.001"/>
  <testcase name="getRecipeCommandByIdTest()" classname="guru.springframework.services.RecipeServiceImplTest" time="0.001"/>
  <system-out><![CDATA[2021-11-15 20:22:12.305 DEBUG 74250 --- [    Test worker] g.s.services.RecipeServiceImpl           : I'm in the service
2021-11-15 20:22:12.306 DEBUG 74250 --- [    Test worker] g.s.services.RecipeServiceImpl           : I'm in the service
]]></system-out>
  <system-err><![CDATA[]]></system-err>
</testsuite>
