<?xml version="1.0" encoding="UTF-8"?>
<testsuite name="guru.springframework.repositories.UnitOfMeasureRepositoryIT" tests="2" skipped="0" failures="0" errors="0" timestamp="2021-11-04T01:46:24" hostname="AMCEINF19" time="0.312">
  <properties/>
  <testcase name="findByDescription()" classname="guru.springframework.repositories.UnitOfMeasureRepositoryIT" time="0.297"/>
  <testcase name="findByDescriptionCup()" classname="guru.springframework.repositories.UnitOfMeasureRepositoryIT" time="0.013"/>
  <system-out><![CDATA[2021-11-03 22:46:23.496  INFO 43725 --- [    Test worker] t.a.d.m.DataMongoTestContextBootstrapper : Neither @ContextConfiguration nor @ContextHierarchy found for test class [guru.springframework.repositories.UnitOfMeasureRepositoryIT], using SpringBootContextLoader
2021-11-03 22:46:23.498  INFO 43725 --- [    Test worker] o.s.t.c.support.AbstractContextLoader    : Could not detect default resource locations for test class [guru.springframework.repositories.UnitOfMeasureRepositoryIT]: no resource found for suffixes {-context.xml, Context.groovy}.
2021-11-03 22:46:23.503  INFO 43725 --- [    Test worker] t.c.s.AnnotationConfigContextLoaderUtils : Could not detect default configuration classes for test class [guru.springframework.repositories.UnitOfMeasureRepositoryIT]: UnitOfMeasureRepositoryIT does not declare any static, non-private, non-final, nested classes annotated with @Configuration.
2021-11-03 22:46:23.526  INFO 43725 --- [    Test worker] .b.t.c.SpringBootTestContextBootstrapper : Found @SpringBootConfiguration guru.springframework.Spring5MongoRecipeAppApplication for test class guru.springframework.repositories.UnitOfMeasureRepositoryIT
2021-11-03 22:46:23.527  INFO 43725 --- [    Test worker] t.a.d.m.DataMongoTestContextBootstrapper : Loaded default TestExecutionListener class names from location [META-INF/spring.factories]: [org.springframework.boot.test.autoconfigure.restdocs.RestDocsTestExecutionListener, org.springframework.boot.test.autoconfigure.web.client.MockRestServiceServerResetTestExecutionListener, org.springframework.boot.test.autoconfigure.web.servlet.MockMvcPrintOnlyOnFailureTestExecutionListener, org.springframework.boot.test.autoconfigure.web.servlet.WebDriverTestExecutionListener, org.springframework.boot.test.autoconfigure.webservices.client.MockWebServiceServerTestExecutionListener, org.springframework.boot.test.mock.mockito.MockitoTestExecutionListener, org.springframework.boot.test.mock.mockito.ResetMocksTestExecutionListener, org.springframework.test.context.web.ServletTestExecutionListener, org.springframework.test.context.support.DirtiesContextBeforeModesTestExecutionListener, org.springframework.test.context.event.ApplicationEventsTestExecutionListener, org.springframework.test.context.support.DependencyInjectionTestExecutionListener, org.springframework.test.context.support.DirtiesContextTestExecutionListener, org.springframework.test.context.transaction.TransactionalTestExecutionListener, org.springframework.test.context.jdbc.SqlScriptsTestExecutionListener, org.springframework.test.context.event.EventPublishingTestExecutionListener]
2021-11-03 22:46:23.528  INFO 43725 --- [    Test worker] t.a.d.m.DataMongoTestContextBootstrapper : Using TestExecutionListeners: [org.springframework.test.context.support.DirtiesContextBeforeModesTestExecutionListener@789814a2, org.springframework.test.context.event.ApplicationEventsTestExecutionListener@4c722122, org.springframework.boot.test.mock.mockito.MockitoTestExecutionListener@67490c03, org.springframework.boot.test.autoconfigure.SpringBootDependencyInjectionTestExecutionListener@50db460b, org.springframework.test.context.support.DirtiesContextTestExecutionListener@685e75b6, org.springframework.test.context.transaction.TransactionalTestExecutionListener@357822ae, org.springframework.test.context.jdbc.SqlScriptsTestExecutionListener@1a7e0916, org.springframework.test.context.event.EventPublishingTestExecutionListener@101fef4c, org.springframework.boot.test.autoconfigure.restdocs.RestDocsTestExecutionListener@bf7db3c, org.springframework.boot.test.autoconfigure.web.client.MockRestServiceServerResetTestExecutionListener@7feee5be, org.springframework.boot.test.autoconfigure.web.servlet.MockMvcPrintOnlyOnFailureTestExecutionListener@15b265ec, org.springframework.boot.test.autoconfigure.web.servlet.WebDriverTestExecutionListener@7a388d99, org.springframework.boot.test.autoconfigure.webservices.client.MockWebServiceServerTestExecutionListener@4fa387d9, org.springframework.boot.test.mock.mockito.ResetMocksTestExecutionListener@47685886]

  .   ____          _            __ _ _
 /\\ / ___'_ __ _ _(_)_ __  __ _ \ \ \ \
( ( )\___ | '_ | '_| | '_ \/ _` | \ \ \ \
 \\/  ___)| |_)| | | | | || (_| |  ) ) ) )
  '  |____| .__|_| |_|_| |_\__, | / / / /
 =========|_|==============|___/=/_/_/_/
 :: Spring Boot ::                (v2.5.5)

2021-11-03 22:46:23.572  INFO 43725 --- [    Test worker] g.s.r.UnitOfMeasureRepositoryIT          : Starting UnitOfMeasureRepositoryIT using Java 11.0.11 on AMCEINF19 with PID 43725 (started by berkson in /home/berkson/git/spring5-mongo-recipe-app)
2021-11-03 22:46:23.572 DEBUG 43725 --- [    Test worker] g.s.r.UnitOfMeasureRepositoryIT          : Running with Spring Boot v2.5.5, Spring v5.3.10
2021-11-03 22:46:23.572  INFO 43725 --- [    Test worker] g.s.r.UnitOfMeasureRepositoryIT          : The following profiles are active: notReactive
2021-11-03 22:46:23.716  INFO 43725 --- [    Test worker] .s.d.r.c.RepositoryConfigurationDelegate : Bootstrapping Spring Data Reactive MongoDB repositories in DEFAULT mode.
2021-11-03 22:46:23.732  INFO 43725 --- [    Test worker] .s.d.r.c.RepositoryConfigurationDelegate : Finished Spring Data repository scanning in 15 ms. Found 0 Reactive MongoDB repository interfaces.
2021-11-03 22:46:23.734  INFO 43725 --- [    Test worker] .s.d.r.c.RepositoryConfigurationDelegate : Bootstrapping Spring Data MongoDB repositories in DEFAULT mode.
2021-11-03 22:46:23.751  INFO 43725 --- [    Test worker] .s.d.r.c.RepositoryConfigurationDelegate : Finished Spring Data repository scanning in 16 ms. Found 3 MongoDB repository interfaces.
2021-11-03 22:46:23.856  INFO 43725 --- [      Thread-12] o.s.b.a.mongo.embedded.EmbeddedMongo     : note: noprealloc may hurt performance in many applications
2021-11-03 22:46:23.858  INFO 43725 --- [      Thread-12] o.s.b.a.mongo.embedded.EmbeddedMongo     : 2021-11-03T22:46:23.858-0300 I CONTROL  [initandlisten] MongoDB starting : pid=43846 port=35623 dbpath=/tmp/embedmongo-db-6d040b87-347c-4881-9d3f-fca7b0de07ad 64-bit host=AMCEINF19
2021-11-03 22:46:23.858  INFO 43725 --- [      Thread-12] o.s.b.a.mongo.embedded.EmbeddedMongo     : 2021-11-03T22:46:23.858-0300 I CONTROL  [initandlisten] db version v3.5.5
2021-11-03 22:46:23.858  INFO 43725 --- [      Thread-12] o.s.b.a.mongo.embedded.EmbeddedMongo     : 2021-11-03T22:46:23.858-0300 I CONTROL  [initandlisten] git version: 98515c812b6fa893613f063dae568ff8319cbfbd
2021-11-03 22:46:23.858  INFO 43725 --- [      Thread-12] o.s.b.a.mongo.embedded.EmbeddedMongo     : 2021-11-03T22:46:23.858-0300 I CONTROL  [initandlisten] allocator: tcmalloc
2021-11-03 22:46:23.858  INFO 43725 --- [      Thread-12] o.s.b.a.mongo.embedded.EmbeddedMongo     : 2021-11-03T22:46:23.858-0300 I CONTROL  [initandlisten] modules: none
2021-11-03 22:46:23.858  INFO 43725 --- [      Thread-12] o.s.b.a.mongo.embedded.EmbeddedMongo     : 2021-11-03T22:46:23.858-0300 I CONTROL  [initandlisten] build environment:
2021-11-03 22:46:23.858  INFO 43725 --- [      Thread-12] o.s.b.a.mongo.embedded.EmbeddedMongo     : 2021-11-03T22:46:23.858-0300 I CONTROL  [initandlisten]     distarch: x86_64
2021-11-03 22:46:23.859  INFO 43725 --- [      Thread-12] o.s.b.a.mongo.embedded.EmbeddedMongo     : 2021-11-03T22:46:23.858-0300 I CONTROL  [initandlisten]     target_arch: x86_64
2021-11-03 22:46:23.859  INFO 43725 --- [      Thread-12] o.s.b.a.mongo.embedded.EmbeddedMongo     : 2021-11-03T22:46:23.858-0300 I CONTROL  [initandlisten] options: { net: { bindIp: "127.0.0.1", http: { enabled: false }, port: 35623 }, security: { authorization: "disabled" }, storage: { dbPath: "/tmp/embedmongo-db-6d040b87-347c-4881-9d3f-fca7b0de07ad", journal: { enabled: false }, mmapv1: { preallocDataFiles: false, smallFiles: true }, syncPeriodSecs: 0.0 } }
2021-11-03 22:46:23.862  INFO 43725 --- [      Thread-12] o.s.b.a.mongo.embedded.EmbeddedMongo     : 2021-11-03T22:46:23.862-0300 I STORAGE  [initandlisten] 
2021-11-03 22:46:23.862  INFO 43725 --- [      Thread-12] o.s.b.a.mongo.embedded.EmbeddedMongo     : 2021-11-03T22:46:23.862-0300 I STORAGE  [initandlisten] ** WARNING: Using the XFS filesystem is strongly recommended with the WiredTiger storage engine
2021-11-03 22:46:23.862  INFO 43725 --- [      Thread-12] o.s.b.a.mongo.embedded.EmbeddedMongo     : 2021-11-03T22:46:23.862-0300 I STORAGE  [initandlisten] **          See http://dochub.mongodb.org/core/prodnotes-filesystem
2021-11-03 22:46:23.862  INFO 43725 --- [      Thread-12] o.s.b.a.mongo.embedded.EmbeddedMongo     : 2021-11-03T22:46:23.862-0300 I STORAGE  [initandlisten] wiredtiger_open config: create,cache_size=15478M,session_max=20000,eviction=(threads_min=4,threads_max=4),config_base=false,statistics=(fast),log=(enabled=true,archive=true,path=journal,compressor=snappy),file_manager=(close_idle_time=100000),checkpoint=(wait=0,log_size=2GB),statistics_log=(wait=0),verbose=(recovery_progress),,log=(enabled=false),
2021-11-03 22:46:23.997  INFO 43725 --- [      Thread-12] o.s.b.a.mongo.embedded.EmbeddedMongo     : 2021-11-03T22:46:23.997-0300 W STORAGE  [initandlisten] Detected configuration for non-active storage engine mmapv1 when current storage engine is wiredTiger
2021-11-03 22:46:23.997  INFO 43725 --- [      Thread-12] o.s.b.a.mongo.embedded.EmbeddedMongo     : 2021-11-03T22:46:23.997-0300 I CONTROL  [initandlisten] 
2021-11-03 22:46:23.998  INFO 43725 --- [      Thread-12] o.s.b.a.mongo.embedded.EmbeddedMongo     : 2021-11-03T22:46:23.997-0300 I CONTROL  [initandlisten] ** NOTE: This is a development version (3.5.5) of MongoDB.
2021-11-03 22:46:23.998  INFO 43725 --- [      Thread-12] o.s.b.a.mongo.embedded.EmbeddedMongo     : 2021-11-03T22:46:23.997-0300 I CONTROL  [initandlisten] **       Not recommended for production.
2021-11-03 22:46:24.003  INFO 43725 --- [      Thread-12] o.s.b.a.mongo.embedded.EmbeddedMongo     : 2021-11-03T22:46:23.997-0300 I CONTROL  [initandlisten] 
2021-11-03 22:46:24.003  INFO 43725 --- [      Thread-12] o.s.b.a.mongo.embedded.EmbeddedMongo     : 2021-11-03T22:46:23.997-0300 I CONTROL  [initandlisten] 
2021-11-03 22:46:24.003  INFO 43725 --- [      Thread-12] o.s.b.a.mongo.embedded.EmbeddedMongo     : 2021-11-03T22:46:23.997-0300 I CONTROL  [initandlisten] ** WARNING: soft rlimits too low. rlimits set to 127677 processes, 1048576 files. Number of processes should be at least 524288 : 0.5 times number of files.
2021-11-03 22:46:24.065  INFO 43725 --- [      Thread-12] o.s.b.a.mongo.embedded.EmbeddedMongo     : 2021-11-03T22:46:24.065-0300 I FTDC     [initandlisten] Initializing full-time diagnostic data capture with directory '/tmp/embedmongo-db-6d040b87-347c-4881-9d3f-fca7b0de07ad/diagnostic.data'
2021-11-03 22:46:24.143  INFO 43725 --- [      Thread-12] o.s.b.a.mongo.embedded.EmbeddedMongo     : 2021-11-03T22:46:24.143-0300 I INDEX    [initandlisten] build index on: admin.system.version properties: { v: 2, key: { version: 1 }, name: "incompatible_with_version_32", ns: "admin.system.version" }
2021-11-03 22:46:24.143  INFO 43725 --- [      Thread-12] o.s.b.a.mongo.embedded.EmbeddedMongo     : 2021-11-03T22:46:24.143-0300 I INDEX    [initandlisten] 	 building index using bulk method; build may temporarily use up to 500 megabytes of RAM
2021-11-03 22:46:24.143  INFO 43725 --- [      Thread-12] o.s.b.a.mongo.embedded.EmbeddedMongo     : 2021-11-03T22:46:24.143-0300 I INDEX    [initandlisten] build index done.  scanned 0 total records. 0 secs
2021-11-03 22:46:24.144  INFO 43725 --- [      Thread-12] o.s.b.a.mongo.embedded.EmbeddedMongo     : 2021-11-03T22:46:24.144-0300 I COMMAND  [initandlisten] setting featureCompatibilityVersion to 3.4
2021-11-03 22:46:24.145  INFO 43725 --- [      Thread-12] o.s.b.a.mongo.embedded.EmbeddedMongo     : 2021-11-03T22:46:24.145-0300 I NETWORK  [thread1] waiting for connections on port 35623
2021-11-03 22:46:24.145  INFO 43725 --- [    Test worker] d.f.embed.mongo.MongodExecutable         : start MongodConfig{version=Version{3.5.5}, timeout=de.flapdoodle.embed.mongo.config.Timeout@810967f, net=de.flapdoodle.embed.mongo.config.Net@6dcda151, cmdOptions=MongoCmdOptions{syncDelay=0, useDefaultSyncDelay=false, isVerbose=false, useNoPrealloc=true, useSmallFiles=true, useNoJournal=true, enableTextSearch=false, auth=false, master=false}, password=, userName=, replication=de.flapdoodle.embed.mongo.config.Storage@5416198d, isConfigServer=false, isShardServer=false, processListener=de.flapdoodle.embed.mongo.config.processlistener.NoopProcessListener@51e88caa, params={}, args={}, pidFile=mongod.pid, supportConfig=de.flapdoodle.embed.mongo.config.SupportConfig@5dc74b86}
2021-11-03 22:46:24.158  INFO 43725 --- [    Test worker] org.mongodb.driver.cluster               : Cluster created with settings {hosts=[localhost:35623], mode=SINGLE, requiredClusterType=UNKNOWN, serverSelectionTimeout='30000 ms'}
2021-11-03 22:46:24.171  INFO 43725 --- [      Thread-12] o.s.b.a.mongo.embedded.EmbeddedMongo     : 2021-11-03T22:46:24.171-0300 I NETWORK  [thread1] connection accepted from 127.0.0.1:35856 #1 (1 connection now open)
2021-11-03 22:46:24.173  INFO 43725 --- [      Thread-12] o.s.b.a.mongo.embedded.EmbeddedMongo     : 2021-11-03T22:46:24.173-0300 I NETWORK  [thread1] connection accepted from 127.0.0.1:35858 #2 (2 connections now open)
2021-11-03 22:46:24.174  INFO 43725 --- [      Thread-12] o.s.b.a.mongo.embedded.EmbeddedMongo     : 2021-11-03T22:46:24.174-0300 I NETWORK  [conn1] received client metadata from 127.0.0.1:35856 conn1: { driver: { name: "mongo-java-driver|sync|spring-boot", version: "4.2.3" }, os: { type: "Linux", name: "Linux", architecture: "amd64", version: "5.4.0-89-generic" }, platform: "Java/Ubuntu/11.0.11+9-Ubuntu-0ubuntu2.20.04" }
2021-11-03 22:46:24.178  INFO 43725 --- [localhost:35623] org.mongodb.driver.connection            : Opened connection [connectionId{localValue:12, serverValue:1}] to localhost:35623
2021-11-03 22:46:24.189  INFO 43725 --- [      Thread-12] o.s.b.a.mongo.embedded.EmbeddedMongo     : 2021-11-03T22:46:24.189-0300 I NETWORK  [conn2] received client metadata from 127.0.0.1:35858 conn2: { driver: { name: "mongo-java-driver|sync|spring-boot", version: "4.2.3" }, os: { type: "Linux", name: "Linux", architecture: "amd64", version: "5.4.0-89-generic" }, platform: "Java/Ubuntu/11.0.11+9-Ubuntu-0ubuntu2.20.04" }
2021-11-03 22:46:24.192  INFO 43725 --- [localhost:35623] org.mongodb.driver.connection            : Opened connection [connectionId{localValue:11, serverValue:2}] to localhost:35623
2021-11-03 22:46:24.192  INFO 43725 --- [localhost:35623] org.mongodb.driver.cluster               : Monitor thread successfully connected to server with description ServerDescription{address=localhost:35623, type=STANDALONE, state=CONNECTED, ok=true, minWireVersion=0, maxWireVersion=5, maxDocumentSize=16777216, logicalSessionTimeoutMinutes=null, roundTripTimeNanos=16024062}
2021-11-03 22:46:24.225  INFO 43725 --- [    Test worker] org.mongodb.driver.cluster               : Cluster created with settings {hosts=[localhost:35623], mode=SINGLE, requiredClusterType=UNKNOWN, serverSelectionTimeout='30000 ms'}
2021-11-03 22:46:24.271  INFO 43725 --- [      Thread-12] o.s.b.a.mongo.embedded.EmbeddedMongo     : 2021-11-03T22:46:24.266-0300 I NETWORK  [thread1] connection accepted from 127.0.0.1:35860 #3 (3 connections now open)
2021-11-03 22:46:24.276  INFO 43725 --- [      Thread-12] o.s.b.a.mongo.embedded.EmbeddedMongo     : 2021-11-03T22:46:24.275-0300 I NETWORK  [thread1] connection accepted from 127.0.0.1:35862 #4 (4 connections now open)
2021-11-03 22:46:24.276  INFO 43725 --- [      Thread-12] o.s.b.a.mongo.embedded.EmbeddedMongo     : 2021-11-03T22:46:24.276-0300 I NETWORK  [conn3] received client metadata from 127.0.0.1:35860 conn3: { driver: { name: "mongo-java-driver|reactive-streams|spring-boot", version: "4.2.3" }, os: { type: "Linux", name: "Linux", architecture: "amd64", version: "5.4.0-89-generic" }, platform: "Java/Ubuntu/11.0.11+9-Ubuntu-0ubuntu2.20.04" }
2021-11-03 22:46:24.283  INFO 43725 --- [localhost:35623] org.mongodb.driver.connection            : Opened connection [connectionId{localValue:13, serverValue:3}] to localhost:35623
2021-11-03 22:46:24.284  INFO 43725 --- [localhost:35623] org.mongodb.driver.cluster               : Monitor thread successfully connected to server with description ServerDescription{address=localhost:35623, type=STANDALONE, state=CONNECTED, ok=true, minWireVersion=0, maxWireVersion=5, maxDocumentSize=16777216, logicalSessionTimeoutMinutes=null, roundTripTimeNanos=9520692}
2021-11-03 22:46:24.285  INFO 43725 --- [      Thread-12] o.s.b.a.mongo.embedded.EmbeddedMongo     : 2021-11-03T22:46:24.284-0300 I NETWORK  [conn4] received client metadata from 127.0.0.1:35862 conn4: { driver: { name: "mongo-java-driver|reactive-streams|spring-boot", version: "4.2.3" }, os: { type: "Linux", name: "Linux", architecture: "amd64", version: "5.4.0-89-generic" }, platform: "Java/Ubuntu/11.0.11+9-Ubuntu-0ubuntu2.20.04" }
2021-11-03 22:46:24.287  INFO 43725 --- [localhost:35623] org.mongodb.driver.connection            : Opened connection [connectionId{localValue:14, serverValue:4}] to localhost:35623
2021-11-03 22:46:24.358  INFO 43725 --- [    Test worker] g.s.r.UnitOfMeasureRepositoryIT          : Started UnitOfMeasureRepositoryIT in 0.826 seconds (JVM running for 11.046)
2021-11-03 22:46:24.376  INFO 43725 --- [      Thread-12] o.s.b.a.mongo.embedded.EmbeddedMongo     : 2021-11-03T22:46:24.376-0300 I NETWORK  [thread1] connection accepted from 127.0.0.1:35864 #5 (5 connections now open)
2021-11-03 22:46:24.382  INFO 43725 --- [      Thread-12] o.s.b.a.mongo.embedded.EmbeddedMongo     : 2021-11-03T22:46:24.382-0300 I NETWORK  [conn5] received client metadata from 127.0.0.1:35864 conn5: { driver: { name: "mongo-java-driver|sync|spring-boot", version: "4.2.3" }, os: { type: "Linux", name: "Linux", architecture: "amd64", version: "5.4.0-89-generic" }, platform: "Java/Ubuntu/11.0.11+9-Ubuntu-0ubuntu2.20.04" }
2021-11-03 22:46:24.385  INFO 43725 --- [    Test worker] org.mongodb.driver.connection            : Opened connection [connectionId{localValue:15, serverValue:5}] to localhost:35623
2021-11-03 22:46:24.654 DEBUG 43725 --- [    Test worker] g.s.bootstrap.RecipeBootstrap            : Loading Bootstrap Data
2021-11-03 22:46:24.669 DEBUG 43725 --- [    Test worker] g.s.bootstrap.RecipeBootstrap            : Loading Bootstrap Data
]]></system-out>
  <system-err><![CDATA[]]></system-err>
</testsuite>
