<?xml version="1.0" encoding="UTF-8"?>
<testsuite name="guru.springframework.controllers.reactive.IngredientReactiveControllerTest" tests="6" skipped="0" failures="0" errors="0" timestamp="2021-11-15T23:22:11" hostname="AMCEINF19" time="0.202">
  <properties/>
  <testcase name="testNewIngredientForm()" classname="guru.springframework.controllers.reactive.IngredientReactiveControllerTest" time="0.06"/>
  <testcase name="testShowIngredient()" classname="guru.springframework.controllers.reactive.IngredientReactiveControllerTest" time="0.037"/>
  <testcase name="testListIngredients()" classname="guru.springframework.controllers.reactive.IngredientReactiveControllerTest" time="0.014"/>
  <testcase name="testUpdateIngredientForm()" classname="guru.springframework.controllers.reactive.IngredientReactiveControllerTest" time="0.016"/>
  <testcase name="testDeleteIngredient()" classname="guru.springframework.controllers.reactive.IngredientReactiveControllerTest" time="0.03"/>
  <testcase name="testSaveOrUpdate()" classname="guru.springframework.controllers.reactive.IngredientReactiveControllerTest" time="0.041"/>
  <system-out><![CDATA[2021-11-15 20:22:11.609  INFO 74250 --- [    Test worker] o.s.mock.web.MockServletContext          : Initializing Spring TestDispatcherServlet ''
2021-11-15 20:22:11.609  INFO 74250 --- [    Test worker] o.s.t.web.servlet.TestDispatcherServlet  : Initializing Servlet ''
2021-11-15 20:22:11.609  INFO 74250 --- [    Test worker] o.s.t.web.servlet.TestDispatcherServlet  : Completed initialization in 0 ms
2021-11-15 20:22:11.646  INFO 74250 --- [    Test worker] o.s.mock.web.MockServletContext          : Initializing Spring TestDispatcherServlet ''
2021-11-15 20:22:11.646  INFO 74250 --- [    Test worker] o.s.t.web.servlet.TestDispatcherServlet  : Initializing Servlet ''
2021-11-15 20:22:11.646  INFO 74250 --- [    Test worker] o.s.t.web.servlet.TestDispatcherServlet  : Completed initialization in 0 ms
2021-11-15 20:22:11.660  INFO 74250 --- [    Test worker] o.s.mock.web.MockServletContext          : Initializing Spring TestDispatcherServlet ''
2021-11-15 20:22:11.660  INFO 74250 --- [    Test worker] o.s.t.web.servlet.TestDispatcherServlet  : Initializing Servlet ''
2021-11-15 20:22:11.660  INFO 74250 --- [    Test worker] o.s.t.web.servlet.TestDispatcherServlet  : Completed initialization in 0 ms
2021-11-15 20:22:11.663 DEBUG 74250 --- [    Test worker] g.s.c.r.IngredientReactiveController     : Getting ingredient list for recipe id: 1
2021-11-15 20:22:11.676  INFO 74250 --- [    Test worker] o.s.mock.web.MockServletContext          : Initializing Spring TestDispatcherServlet ''
2021-11-15 20:22:11.677  INFO 74250 --- [    Test worker] o.s.t.web.servlet.TestDispatcherServlet  : Initializing Servlet ''
2021-11-15 20:22:11.677  INFO 74250 --- [    Test worker] o.s.t.web.servlet.TestDispatcherServlet  : Completed initialization in 0 ms
2021-11-15 20:22:11.703  INFO 74250 --- [    Test worker] o.s.mock.web.MockServletContext          : Initializing Spring TestDispatcherServlet ''
2021-11-15 20:22:11.705  INFO 74250 --- [    Test worker] o.s.t.web.servlet.TestDispatcherServlet  : Initializing Servlet ''
2021-11-15 20:22:11.707  INFO 74250 --- [    Test worker] o.s.t.web.servlet.TestDispatcherServlet  : Completed initialization in 1 ms
2021-11-15 20:22:11.711 DEBUG 74250 --- [    Test worker] g.s.c.r.IngredientReactiveController     : deleting ingredient id:3
2021-11-15 20:22:11.736  INFO 74250 --- [    Test worker] o.s.mock.web.MockServletContext          : Initializing Spring TestDispatcherServlet ''
2021-11-15 20:22:11.737  INFO 74250 --- [    Test worker] o.s.t.web.servlet.TestDispatcherServlet  : Initializing Servlet ''
2021-11-15 20:22:11.737  INFO 74250 --- [    Test worker] o.s.t.web.servlet.TestDispatcherServlet  : Completed initialization in 0 ms
2021-11-15 20:22:11.743 DEBUG 74250 --- [    Test worker] g.s.c.r.IngredientReactiveController     : saved receipe id:2
2021-11-15 20:22:11.745 DEBUG 74250 --- [    Test worker] g.s.c.r.IngredientReactiveController     : saved ingredient id:3
]]></system-out>
  <system-err><![CDATA[]]></system-err>
</testsuite>
