<?xml version="1.0" encoding="UTF-8"?>
<testsuite name="guru.springframework.controllers.ImageControllerTest" tests="3" skipped="0" failures="0" errors="0" timestamp="2021-11-15T23:22:12" hostname="AMCEINF19" time="0.038">
  <properties/>
  <testcase name="getImageForm()" classname="guru.springframework.controllers.ImageControllerTest" time="0.018"/>
  <testcase name="handleImagePost()" classname="guru.springframework.controllers.ImageControllerTest" time="0.01"/>
  <testcase name="renderImageFromDB()" classname="guru.springframework.controllers.ImageControllerTest" time="0.01"/>
  <system-out><![CDATA[2021-11-15 20:22:12.016  INFO 74250 --- [    Test worker] o.s.mock.web.MockServletContext          : Initializing Spring TestDispatcherServlet ''
2021-11-15 20:22:12.016  INFO 74250 --- [    Test worker] o.s.t.web.servlet.TestDispatcherServlet  : Initializing Servlet ''
2021-11-15 20:22:12.017  INFO 74250 --- [    Test worker] o.s.t.web.servlet.TestDispatcherServlet  : Completed initialization in 0 ms
2021-11-15 20:22:12.027  INFO 74250 --- [    Test worker] o.s.mock.web.MockServletContext          : Initializing Spring TestDispatcherServlet ''
2021-11-15 20:22:12.027  INFO 74250 --- [    Test worker] o.s.t.web.servlet.TestDispatcherServlet  : Initializing Servlet ''
2021-11-15 20:22:12.027  INFO 74250 --- [    Test worker] o.s.t.web.servlet.TestDispatcherServlet  : Completed initialization in 0 ms
2021-11-15 20:22:12.037  INFO 74250 --- [    Test worker] o.s.mock.web.MockServletContext          : Initializing Spring TestDispatcherServlet ''
2021-11-15 20:22:12.037  INFO 74250 --- [    Test worker] o.s.t.web.servlet.TestDispatcherServlet  : Initializing Servlet ''
2021-11-15 20:22:12.038  INFO 74250 --- [    Test worker] o.s.t.web.servlet.TestDispatcherServlet  : Completed initialization in 1 ms
]]></system-out>
  <system-err><![CDATA[]]></system-err>
</testsuite>
