<?xml version="1.0" encoding="UTF-8"?>
<testsuite name="guru.springframework.converters.IngredientCommandToIngredientTest" tests="4" skipped="0" failures="0" errors="0" timestamp="2021-11-04T02:24:11" hostname="AMCEINF19" time="0.006">
  <properties/>
  <testcase name="testEmptyObject()" classname="guru.springframework.converters.IngredientCommandToIngredientTest" time="0.001"/>
  <testcase name="convert()" classname="guru.springframework.converters.IngredientCommandToIngredientTest" time="0.001"/>
  <testcase name="convertWithNullUOM()" classname="guru.springframework.converters.IngredientCommandToIngredientTest" time="0.001"/>
  <testcase name="testNullObject()" classname="guru.springframework.converters.IngredientCommandToIngredientTest" time="0.001"/>
  <system-out><![CDATA[]]></system-out>
  <system-err><![CDATA[]]></system-err>
</testsuite>
