<?xml version="1.0" encoding="UTF-8"?>
<testsuite name="guru.springframework.controllers.IngredientControllerTest" tests="6" skipped="0" failures="0" errors="0" timestamp="2021-11-15T23:22:11" hostname="AMCEINF19" time="0.104">
  <properties/>
  <testcase name="testNewIngredientForm()" classname="guru.springframework.controllers.IngredientControllerTest" time="0.045"/>
  <testcase name="testShowIngredient()" classname="guru.springframework.controllers.IngredientControllerTest" time="0.015"/>
  <testcase name="testListIngredients()" classname="guru.springframework.controllers.IngredientControllerTest" time="0.01"/>
  <testcase name="testUpdateIngredientForm()" classname="guru.springframework.controllers.IngredientControllerTest" time="0.011"/>
  <testcase name="testDeleteIngredient()" classname="guru.springframework.controllers.IngredientControllerTest" time="0.01"/>
  <testcase name="testSaveOrUpdate()" classname="guru.springframework.controllers.IngredientControllerTest" time="0.01"/>
  <system-out><![CDATA[2021-11-15 20:22:11.921  INFO 74250 --- [    Test worker] o.s.mock.web.MockServletContext          : Initializing Spring TestDispatcherServlet ''
2021-11-15 20:22:11.921  INFO 74250 --- [    Test worker] o.s.t.web.servlet.TestDispatcherServlet  : Initializing Servlet ''
2021-11-15 20:22:11.922  INFO 74250 --- [    Test worker] o.s.t.web.servlet.TestDispatcherServlet  : Completed initialization in 1 ms
2021-11-15 20:22:11.937  INFO 74250 --- [    Test worker] o.s.mock.web.MockServletContext          : Initializing Spring TestDispatcherServlet ''
2021-11-15 20:22:11.938  INFO 74250 --- [    Test worker] o.s.t.web.servlet.TestDispatcherServlet  : Initializing Servlet ''
2021-11-15 20:22:11.938  INFO 74250 --- [    Test worker] o.s.t.web.servlet.TestDispatcherServlet  : Completed initialization in 0 ms
2021-11-15 20:22:11.948  INFO 74250 --- [    Test worker] o.s.mock.web.MockServletContext          : Initializing Spring TestDispatcherServlet ''
2021-11-15 20:22:11.948  INFO 74250 --- [    Test worker] o.s.t.web.servlet.TestDispatcherServlet  : Initializing Servlet ''
2021-11-15 20:22:11.948  INFO 74250 --- [    Test worker] o.s.t.web.servlet.TestDispatcherServlet  : Completed initialization in 0 ms
2021-11-15 20:22:11.950 DEBUG 74250 --- [    Test worker] g.s.controllers.IngredientController     : Getting ingredient list for recipe id: 1
2021-11-15 20:22:11.958  INFO 74250 --- [    Test worker] o.s.mock.web.MockServletContext          : Initializing Spring TestDispatcherServlet ''
2021-11-15 20:22:11.959  INFO 74250 --- [    Test worker] o.s.t.web.servlet.TestDispatcherServlet  : Initializing Servlet ''
2021-11-15 20:22:11.959  INFO 74250 --- [    Test worker] o.s.t.web.servlet.TestDispatcherServlet  : Completed initialization in 0 ms
2021-11-15 20:22:11.969  INFO 74250 --- [    Test worker] o.s.mock.web.MockServletContext          : Initializing Spring TestDispatcherServlet ''
2021-11-15 20:22:11.970  INFO 74250 --- [    Test worker] o.s.t.web.servlet.TestDispatcherServlet  : Initializing Servlet ''
2021-11-15 20:22:11.970  INFO 74250 --- [    Test worker] o.s.t.web.servlet.TestDispatcherServlet  : Completed initialization in 0 ms
2021-11-15 20:22:11.971 DEBUG 74250 --- [    Test worker] g.s.controllers.IngredientController     : deleting ingredient id:3
2021-11-15 20:22:11.980  INFO 74250 --- [    Test worker] o.s.mock.web.MockServletContext          : Initializing Spring TestDispatcherServlet ''
2021-11-15 20:22:11.980  INFO 74250 --- [    Test worker] o.s.t.web.servlet.TestDispatcherServlet  : Initializing Servlet ''
2021-11-15 20:22:11.980  INFO 74250 --- [    Test worker] o.s.t.web.servlet.TestDispatcherServlet  : Completed initialization in 0 ms
2021-11-15 20:22:11.983 DEBUG 74250 --- [    Test worker] g.s.controllers.IngredientController     : saved receipe id:2
2021-11-15 20:22:11.983 DEBUG 74250 --- [    Test worker] g.s.controllers.IngredientController     : saved ingredient id:3
]]></system-out>
  <system-err><![CDATA[]]></system-err>
</testsuite>
