<?xml version="1.0" encoding="UTF-8"?>
<testsuite name="guru.springframework.repositories.reactive.UnitOfMeasureReactiveRepositoryIT" tests="1" skipped="0" failures="0" errors="0" timestamp="2021-11-04T01:46:23" hostname="AMCEINF19" time="0.029">
  <properties/>
  <testcase name="findByDescription()" classname="guru.springframework.repositories.reactive.UnitOfMeasureReactiveRepositoryIT" time="0.029"/>
  <system-out><![CDATA[2021-11-03 22:46:20.551  INFO 43725 --- [    Test worker] .b.t.c.SpringBootTestContextBootstrapper : Neither @ContextConfiguration nor @ContextHierarchy found for test class [guru.springframework.repositories.reactive.UnitOfMeasureReactiveRepositoryIT], using SpringBootContextLoader
2021-11-03 22:46:20.551  INFO 43725 --- [    Test worker] o.s.t.c.support.AbstractContextLoader    : Could not detect default resource locations for test class [guru.springframework.repositories.reactive.UnitOfMeasureReactiveRepositoryIT]: no resource found for suffixes {-context.xml, Context.groovy}.
2021-11-03 22:46:20.551  INFO 43725 --- [    Test worker] t.c.s.AnnotationConfigContextLoaderUtils : Could not detect default configuration classes for test class [guru.springframework.repositories.reactive.UnitOfMeasureReactiveRepositoryIT]: UnitOfMeasureReactiveRepositoryIT does not declare any static, non-private, non-final, nested classes annotated with @Configuration.
2021-11-03 22:46:20.554  INFO 43725 --- [    Test worker] .b.t.c.SpringBootTestContextBootstrapper : Found @SpringBootConfiguration guru.springframework.Spring5MongoRecipeAppApplication for test class guru.springframework.repositories.reactive.UnitOfMeasureReactiveRepositoryIT
2021-11-03 22:46:20.555  INFO 43725 --- [    Test worker] .b.t.c.SpringBootTestContextBootstrapper : Loaded default TestExecutionListener class names from location [META-INF/spring.factories]: [org.springframework.boot.test.autoconfigure.restdocs.RestDocsTestExecutionListener, org.springframework.boot.test.autoconfigure.web.client.MockRestServiceServerResetTestExecutionListener, org.springframework.boot.test.autoconfigure.web.servlet.MockMvcPrintOnlyOnFailureTestExecutionListener, org.springframework.boot.test.autoconfigure.web.servlet.WebDriverTestExecutionListener, org.springframework.boot.test.autoconfigure.webservices.client.MockWebServiceServerTestExecutionListener, org.springframework.boot.test.mock.mockito.MockitoTestExecutionListener, org.springframework.boot.test.mock.mockito.ResetMocksTestExecutionListener, org.springframework.test.context.web.ServletTestExecutionListener, org.springframework.test.context.support.DirtiesContextBeforeModesTestExecutionListener, org.springframework.test.context.event.ApplicationEventsTestExecutionListener, org.springframework.test.context.support.DependencyInjectionTestExecutionListener, org.springframework.test.context.support.DirtiesContextTestExecutionListener, org.springframework.test.context.transaction.TransactionalTestExecutionListener, org.springframework.test.context.jdbc.SqlScriptsTestExecutionListener, org.springframework.test.context.event.EventPublishingTestExecutionListener]
2021-11-03 22:46:20.556  INFO 43725 --- [    Test worker] .b.t.c.SpringBootTestContextBootstrapper : Using TestExecutionListeners: [org.springframework.test.context.support.DirtiesContextBeforeModesTestExecutionListener@7c9bdeb0, org.springframework.test.context.event.ApplicationEventsTestExecutionListener@24f3b82b, org.springframework.boot.test.mock.mockito.MockitoTestExecutionListener@13829fbf, org.springframework.boot.test.autoconfigure.SpringBootDependencyInjectionTestExecutionListener@6e91af87, org.springframework.test.context.support.DirtiesContextTestExecutionListener@4cdd82bb, org.springframework.test.context.transaction.TransactionalTestExecutionListener@755649eb, org.springframework.test.context.jdbc.SqlScriptsTestExecutionListener@72ae5f99, org.springframework.test.context.event.EventPublishingTestExecutionListener@11203bdc, org.springframework.boot.test.autoconfigure.restdocs.RestDocsTestExecutionListener@31c8bb19, org.springframework.boot.test.autoconfigure.web.client.MockRestServiceServerResetTestExecutionListener@7616a5da, org.springframework.boot.test.autoconfigure.web.servlet.MockMvcPrintOnlyOnFailureTestExecutionListener@76c46e16, org.springframework.boot.test.autoconfigure.web.servlet.WebDriverTestExecutionListener@66aa55c9, org.springframework.boot.test.autoconfigure.webservices.client.MockWebServiceServerTestExecutionListener@124e3a76, org.springframework.boot.test.mock.mockito.ResetMocksTestExecutionListener@51b56590]

  .   ____          _            __ _ _
 /\\ / ___'_ __ _ _(_)_ __  __ _ \ \ \ \
( ( )\___ | '_ | '_| | '_ \/ _` | \ \ \ \
 \\/  ___)| |_)| | | | | || (_| |  ) ) ) )
  '  |____| .__|_| |_|_| |_\__, | / / / /
 =========|_|==============|___/=/_/_/_/
 :: Spring Boot ::                (v2.5.5)

2021-11-03 22:46:20.688  INFO 43725 --- [    Test worker] .s.r.r.UnitOfMeasureReactiveRepositoryIT : Starting UnitOfMeasureReactiveRepositoryIT using Java 11.0.11 on AMCEINF19 with PID 43725 (started by berkson in /home/berkson/git/spring5-mongo-recipe-app)
2021-11-03 22:46:20.688 DEBUG 43725 --- [    Test worker] .s.r.r.UnitOfMeasureReactiveRepositoryIT : Running with Spring Boot v2.5.5, Spring v5.3.10
2021-11-03 22:46:20.688  INFO 43725 --- [    Test worker] .s.r.r.UnitOfMeasureReactiveRepositoryIT : The following profiles are active: reactive
2021-11-03 22:46:21.048  INFO 43725 --- [    Test worker] .s.d.r.c.RepositoryConfigurationDelegate : Bootstrapping Spring Data Reactive MongoDB repositories in DEFAULT mode.
2021-11-03 22:46:21.112  INFO 43725 --- [    Test worker] .s.d.r.c.RepositoryConfigurationDelegate : Finished Spring Data repository scanning in 63 ms. Found 3 Reactive MongoDB repository interfaces.
2021-11-03 22:46:21.116  INFO 43725 --- [    Test worker] .s.d.r.c.RepositoryConfigurationDelegate : Bootstrapping Spring Data MongoDB repositories in DEFAULT mode.
2021-11-03 22:46:21.175  INFO 43725 --- [    Test worker] .s.d.r.c.RepositoryConfigurationDelegate : Finished Spring Data repository scanning in 57 ms. Found 3 MongoDB repository interfaces.
2021-11-03 22:46:21.494  INFO 43725 --- [       Thread-9] o.s.b.a.mongo.embedded.EmbeddedMongo     : note: noprealloc may hurt performance in many applications
2021-11-03 22:46:21.508  INFO 43725 --- [       Thread-9] o.s.b.a.mongo.embedded.EmbeddedMongo     : 2021-11-03T22:46:21.507-0300 I CONTROL  [initandlisten] MongoDB starting : pid=43808 port=34071 dbpath=/tmp/embedmongo-db-7462b8fb-90fb-4d52-af3f-7eec90db2cb7 64-bit host=AMCEINF19
2021-11-03 22:46:21.508  INFO 43725 --- [       Thread-9] o.s.b.a.mongo.embedded.EmbeddedMongo     : 2021-11-03T22:46:21.507-0300 I CONTROL  [initandlisten] db version v3.5.5
2021-11-03 22:46:21.508  INFO 43725 --- [       Thread-9] o.s.b.a.mongo.embedded.EmbeddedMongo     : 2021-11-03T22:46:21.507-0300 I CONTROL  [initandlisten] git version: 98515c812b6fa893613f063dae568ff8319cbfbd
2021-11-03 22:46:21.508  INFO 43725 --- [       Thread-9] o.s.b.a.mongo.embedded.EmbeddedMongo     : 2021-11-03T22:46:21.507-0300 I CONTROL  [initandlisten] allocator: tcmalloc
2021-11-03 22:46:21.508  INFO 43725 --- [       Thread-9] o.s.b.a.mongo.embedded.EmbeddedMongo     : 2021-11-03T22:46:21.507-0300 I CONTROL  [initandlisten] modules: none
2021-11-03 22:46:21.508  INFO 43725 --- [       Thread-9] o.s.b.a.mongo.embedded.EmbeddedMongo     : 2021-11-03T22:46:21.507-0300 I CONTROL  [initandlisten] build environment:
2021-11-03 22:46:21.508  INFO 43725 --- [       Thread-9] o.s.b.a.mongo.embedded.EmbeddedMongo     : 2021-11-03T22:46:21.507-0300 I CONTROL  [initandlisten]     distarch: x86_64
2021-11-03 22:46:21.508  INFO 43725 --- [       Thread-9] o.s.b.a.mongo.embedded.EmbeddedMongo     : 2021-11-03T22:46:21.507-0300 I CONTROL  [initandlisten]     target_arch: x86_64
2021-11-03 22:46:21.508  INFO 43725 --- [       Thread-9] o.s.b.a.mongo.embedded.EmbeddedMongo     : 2021-11-03T22:46:21.507-0300 I CONTROL  [initandlisten] options: { net: { bindIp: "127.0.0.1", http: { enabled: false }, port: 34071 }, security: { authorization: "disabled" }, storage: { dbPath: "/tmp/embedmongo-db-7462b8fb-90fb-4d52-af3f-7eec90db2cb7", journal: { enabled: false }, mmapv1: { preallocDataFiles: false, smallFiles: true }, syncPeriodSecs: 0.0 } }
2021-11-03 22:46:21.525  INFO 43725 --- [       Thread-9] o.s.b.a.mongo.embedded.EmbeddedMongo     : 2021-11-03T22:46:21.525-0300 I STORAGE  [initandlisten] 
2021-11-03 22:46:21.526  INFO 43725 --- [       Thread-9] o.s.b.a.mongo.embedded.EmbeddedMongo     : 2021-11-03T22:46:21.526-0300 I STORAGE  [initandlisten] ** WARNING: Using the XFS filesystem is strongly recommended with the WiredTiger storage engine
2021-11-03 22:46:21.526  INFO 43725 --- [       Thread-9] o.s.b.a.mongo.embedded.EmbeddedMongo     : 2021-11-03T22:46:21.526-0300 I STORAGE  [initandlisten] **          See http://dochub.mongodb.org/core/prodnotes-filesystem
2021-11-03 22:46:21.527  INFO 43725 --- [       Thread-9] o.s.b.a.mongo.embedded.EmbeddedMongo     : 2021-11-03T22:46:21.527-0300 I STORAGE  [initandlisten] wiredtiger_open config: create,cache_size=15478M,session_max=20000,eviction=(threads_min=4,threads_max=4),config_base=false,statistics=(fast),log=(enabled=true,archive=true,path=journal,compressor=snappy),file_manager=(close_idle_time=100000),checkpoint=(wait=0,log_size=2GB),statistics_log=(wait=0),verbose=(recovery_progress),,log=(enabled=false),
2021-11-03 22:46:21.669  INFO 43725 --- [       Thread-9] o.s.b.a.mongo.embedded.EmbeddedMongo     : 2021-11-03T22:46:21.668-0300 W STORAGE  [initandlisten] Detected configuration for non-active storage engine mmapv1 when current storage engine is wiredTiger
2021-11-03 22:46:21.669  INFO 43725 --- [       Thread-9] o.s.b.a.mongo.embedded.EmbeddedMongo     : 2021-11-03T22:46:21.668-0300 I CONTROL  [initandlisten] 
2021-11-03 22:46:21.669  INFO 43725 --- [       Thread-9] o.s.b.a.mongo.embedded.EmbeddedMongo     : 2021-11-03T22:46:21.668-0300 I CONTROL  [initandlisten] ** NOTE: This is a development version (3.5.5) of MongoDB.
2021-11-03 22:46:21.669  INFO 43725 --- [       Thread-9] o.s.b.a.mongo.embedded.EmbeddedMongo     : 2021-11-03T22:46:21.668-0300 I CONTROL  [initandlisten] **       Not recommended for production.
2021-11-03 22:46:21.670  INFO 43725 --- [       Thread-9] o.s.b.a.mongo.embedded.EmbeddedMongo     : 2021-11-03T22:46:21.668-0300 I CONTROL  [initandlisten] 
2021-11-03 22:46:21.670  INFO 43725 --- [       Thread-9] o.s.b.a.mongo.embedded.EmbeddedMongo     : 2021-11-03T22:46:21.669-0300 I CONTROL  [initandlisten] 
2021-11-03 22:46:21.670  INFO 43725 --- [       Thread-9] o.s.b.a.mongo.embedded.EmbeddedMongo     : 2021-11-03T22:46:21.669-0300 I CONTROL  [initandlisten] ** WARNING: soft rlimits too low. rlimits set to 127677 processes, 1048576 files. Number of processes should be at least 524288 : 0.5 times number of files.
2021-11-03 22:46:21.722  INFO 43725 --- [       Thread-9] o.s.b.a.mongo.embedded.EmbeddedMongo     : 2021-11-03T22:46:21.722-0300 I FTDC     [initandlisten] Initializing full-time diagnostic data capture with directory '/tmp/embedmongo-db-7462b8fb-90fb-4d52-af3f-7eec90db2cb7/diagnostic.data'
2021-11-03 22:46:21.799  INFO 43725 --- [       Thread-9] o.s.b.a.mongo.embedded.EmbeddedMongo     : 2021-11-03T22:46:21.798-0300 I INDEX    [initandlisten] build index on: admin.system.version properties: { v: 2, key: { version: 1 }, name: "incompatible_with_version_32", ns: "admin.system.version" }
2021-11-03 22:46:21.799  INFO 43725 --- [       Thread-9] o.s.b.a.mongo.embedded.EmbeddedMongo     : 2021-11-03T22:46:21.798-0300 I INDEX    [initandlisten] 	 building index using bulk method; build may temporarily use up to 500 megabytes of RAM
2021-11-03 22:46:21.800  INFO 43725 --- [       Thread-9] o.s.b.a.mongo.embedded.EmbeddedMongo     : 2021-11-03T22:46:21.800-0300 I INDEX    [initandlisten] build index done.  scanned 0 total records. 0 secs
2021-11-03 22:46:21.800  INFO 43725 --- [       Thread-9] o.s.b.a.mongo.embedded.EmbeddedMongo     : 2021-11-03T22:46:21.800-0300 I COMMAND  [initandlisten] setting featureCompatibilityVersion to 3.4
2021-11-03 22:46:21.807  INFO 43725 --- [       Thread-9] o.s.b.a.mongo.embedded.EmbeddedMongo     : 2021-11-03T22:46:21.807-0300 I NETWORK  [thread1] waiting for connections on port 34071
2021-11-03 22:46:21.807  INFO 43725 --- [    Test worker] d.f.embed.mongo.MongodExecutable         : start MongodConfig{version=Version{3.5.5}, timeout=de.flapdoodle.embed.mongo.config.Timeout@2a3fa6ef, net=de.flapdoodle.embed.mongo.config.Net@45de3048, cmdOptions=MongoCmdOptions{syncDelay=0, useDefaultSyncDelay=false, isVerbose=false, useNoPrealloc=true, useSmallFiles=true, useNoJournal=true, enableTextSearch=false, auth=false, master=false}, password=, userName=, replication=de.flapdoodle.embed.mongo.config.Storage@2be828a9, isConfigServer=false, isShardServer=false, processListener=de.flapdoodle.embed.mongo.config.processlistener.NoopProcessListener@5963acf4, params={}, args={}, pidFile=mongod.pid, supportConfig=de.flapdoodle.embed.mongo.config.SupportConfig@e3c71e9}
2021-11-03 22:46:21.834  INFO 43725 --- [    Test worker] org.mongodb.driver.cluster               : Cluster created with settings {hosts=[localhost:34071], mode=SINGLE, requiredClusterType=UNKNOWN, serverSelectionTimeout='30000 ms'}
2021-11-03 22:46:21.874  INFO 43725 --- [    Test worker] org.mongodb.driver.cluster               : Cluster created with settings {hosts=[localhost:34071], mode=SINGLE, requiredClusterType=UNKNOWN, serverSelectionTimeout='30000 ms'}
2021-11-03 22:46:21.909  INFO 43725 --- [       Thread-9] o.s.b.a.mongo.embedded.EmbeddedMongo     : 2021-11-03T22:46:21.909-0300 I NETWORK  [thread1] connection accepted from 127.0.0.1:55648 #1 (1 connection now open)
2021-11-03 22:46:21.925  INFO 43725 --- [       Thread-9] o.s.b.a.mongo.embedded.EmbeddedMongo     : 2021-11-03T22:46:21.925-0300 I NETWORK  [thread1] connection accepted from 127.0.0.1:55650 #2 (2 connections now open)
2021-11-03 22:46:21.925  INFO 43725 --- [       Thread-9] o.s.b.a.mongo.embedded.EmbeddedMongo     : 2021-11-03T22:46:21.925-0300 I NETWORK  [conn1] received client metadata from 127.0.0.1:55648 conn1: { driver: { name: "mongo-java-driver|reactive-streams|spring-boot", version: "4.2.3" }, os: { type: "Linux", name: "Linux", architecture: "amd64", version: "5.4.0-89-generic" }, platform: "Java/Ubuntu/11.0.11+9-Ubuntu-0ubuntu2.20.04" }
2021-11-03 22:46:21.935  INFO 43725 --- [       Thread-9] o.s.b.a.mongo.embedded.EmbeddedMongo     : 2021-11-03T22:46:21.934-0300 I NETWORK  [thread1] connection accepted from 127.0.0.1:55652 #3 (3 connections now open)
2021-11-03 22:46:21.940  INFO 43725 --- [       Thread-9] o.s.b.a.mongo.embedded.EmbeddedMongo     : 2021-11-03T22:46:21.936-0300 I NETWORK  [conn3] received client metadata from 127.0.0.1:55652 conn3: { driver: { name: "mongo-java-driver|sync|spring-boot", version: "4.2.3" }, os: { type: "Linux", name: "Linux", architecture: "amd64", version: "5.4.0-89-generic" }, platform: "Java/Ubuntu/11.0.11+9-Ubuntu-0ubuntu2.20.04" }
2021-11-03 22:46:21.941  INFO 43725 --- [       Thread-9] o.s.b.a.mongo.embedded.EmbeddedMongo     : 2021-11-03T22:46:21.938-0300 I NETWORK  [thread1] connection accepted from 127.0.0.1:55654 #4 (4 connections now open)
2021-11-03 22:46:21.941  INFO 43725 --- [       Thread-9] o.s.b.a.mongo.embedded.EmbeddedMongo     : 2021-11-03T22:46:21.939-0300 I NETWORK  [conn2] received client metadata from 127.0.0.1:55650 conn2: { driver: { name: "mongo-java-driver|reactive-streams|spring-boot", version: "4.2.3" }, os: { type: "Linux", name: "Linux", architecture: "amd64", version: "5.4.0-89-generic" }, platform: "Java/Ubuntu/11.0.11+9-Ubuntu-0ubuntu2.20.04" }
2021-11-03 22:46:21.943  INFO 43725 --- [localhost:34071] org.mongodb.driver.connection            : Opened connection [connectionId{localValue:6, serverValue:2}] to localhost:34071
2021-11-03 22:46:21.944  INFO 43725 --- [localhost:34071] org.mongodb.driver.cluster               : Monitor thread successfully connected to server with description ServerDescription{address=localhost:34071, type=STANDALONE, state=CONNECTED, ok=true, minWireVersion=0, maxWireVersion=5, maxDocumentSize=16777216, logicalSessionTimeoutMinutes=null, roundTripTimeNanos=7742225}
2021-11-03 22:46:21.950  INFO 43725 --- [       Thread-9] o.s.b.a.mongo.embedded.EmbeddedMongo     : 2021-11-03T22:46:21.950-0300 I NETWORK  [conn4] received client metadata from 127.0.0.1:55654 conn4: { driver: { name: "mongo-java-driver|sync|spring-boot", version: "4.2.3" }, os: { type: "Linux", name: "Linux", architecture: "amd64", version: "5.4.0-89-generic" }, platform: "Java/Ubuntu/11.0.11+9-Ubuntu-0ubuntu2.20.04" }
2021-11-03 22:46:21.951  INFO 43725 --- [localhost:34071] org.mongodb.driver.connection            : Opened connection [connectionId{localValue:8, serverValue:3}] to localhost:34071
2021-11-03 22:46:21.952  INFO 43725 --- [localhost:34071] org.mongodb.driver.connection            : Opened connection [connectionId{localValue:7, serverValue:1}] to localhost:34071
2021-11-03 22:46:21.957  INFO 43725 --- [localhost:34071] org.mongodb.driver.connection            : Opened connection [connectionId{localValue:9, serverValue:4}] to localhost:34071
2021-11-03 22:46:21.957  INFO 43725 --- [localhost:34071] org.mongodb.driver.cluster               : Monitor thread successfully connected to server with description ServerDescription{address=localhost:34071, type=STANDALONE, state=CONNECTED, ok=true, minWireVersion=0, maxWireVersion=5, maxDocumentSize=16777216, logicalSessionTimeoutMinutes=null, roundTripTimeNanos=13695253}
2021-11-03 22:46:22.892  INFO 43725 --- [       Thread-9] o.s.b.a.mongo.embedded.EmbeddedMongo     : 2021-11-03T22:46:22.892-0300 I NETWORK  [thread1] connection accepted from 127.0.0.1:55656 #5 (5 connections now open)
2021-11-03 22:46:22.901  INFO 43725 --- [       Thread-9] o.s.b.a.mongo.embedded.EmbeddedMongo     : 2021-11-03T22:46:22.900-0300 I NETWORK  [conn5] received client metadata from 127.0.0.1:55656 conn5: { driver: { name: "mongo-java-driver|reactive-streams|spring-boot", version: "4.2.3" }, os: { type: "Linux", name: "Linux", architecture: "amd64", version: "5.4.0-89-generic" }, platform: "Java/Ubuntu/11.0.11+9-Ubuntu-0ubuntu2.20.04" }
2021-11-03 22:46:22.937  INFO 43725 --- [ntLoopGroup-4-3] org.mongodb.driver.connection            : Opened connection [connectionId{localValue:10, serverValue:5}] to localhost:34071
2021-11-03 22:46:22.961 DEBUG 43725 --- [    Test worker] g.s.bootstrap.RecipeReactiveBootstrap    : loading cause is empty
2021-11-03 22:46:23.383 DEBUG 43725 --- [    Test worker] g.s.bootstrap.RecipeReactiveBootstrap    : Loading Bootstrap Data
2021-11-03 22:46:23.388  INFO 43725 --- [    Test worker] g.s.bootstrap.RecipeReactiveBootstrap    : Categories: 4
2021-11-03 22:46:23.391  INFO 43725 --- [    Test worker] g.s.bootstrap.RecipeReactiveBootstrap    : Recipes: 2
2021-11-03 22:46:23.393  INFO 43725 --- [    Test worker] g.s.bootstrap.RecipeReactiveBootstrap    : Units of Measure: 8
2021-11-03 22:46:23.395  INFO 43725 --- [    Test worker] .s.r.r.UnitOfMeasureReactiveRepositoryIT : Started UnitOfMeasureReactiveRepositoryIT in 2.836 seconds (JVM running for 10.082)
2021-11-03 22:46:23.417 DEBUG 43725 --- [    Test worker] g.s.bootstrap.RecipeReactiveBootstrap    : Loading Bootstrap Data
2021-11-03 22:46:23.420  INFO 43725 --- [    Test worker] g.s.bootstrap.RecipeReactiveBootstrap    : Categories: 4
2021-11-03 22:46:23.422  INFO 43725 --- [    Test worker] g.s.bootstrap.RecipeReactiveBootstrap    : Recipes: 2
2021-11-03 22:46:23.424  INFO 43725 --- [    Test worker] g.s.bootstrap.RecipeReactiveBootstrap    : Units of Measure: 8
]]></system-out>
  <system-err><![CDATA[]]></system-err>
</testsuite>
