<?xml version="1.0" encoding="UTF-8"?>
<testsuite name="guru.springframework.controllers.reactive.IndexReactiveControllerTest" tests="2" skipped="0" failures="0" errors="0" timestamp="2021-07-29T18:50:20" hostname="aspire5" time="0.068">
  <properties/>
  <testcase name="getIndexPage()" classname="guru.springframework.controllers.reactive.IndexReactiveControllerTest" time="0.032"/>
  <testcase name="testMockMVC()" classname="guru.springframework.controllers.reactive.IndexReactiveControllerTest" time="0.035"/>
  <system-out><![CDATA[15:50:20.988 [Test worker] DEBUG guru.springframework.controllers.reactive.IndexReactiveController - Getting Index page
15:50:21.022 [Test worker] DEBUG org.hibernate.validator.messageinterpolation.ResourceBundleMessageInterpolator - Loaded expression factory via original TCCL
15:50:21.022 [Test worker] DEBUG org.hibernate.validator.internal.engine.AbstractConfigurationImpl - Setting custom MessageInterpolator of type org.springframework.validation.beanvalidation.LocaleContextMessageInterpolator
15:50:21.022 [Test worker] DEBUG org.hibernate.validator.internal.engine.AbstractConfigurationImpl - Setting custom ParameterNameProvider of type org.springframework.validation.beanvalidation.LocalValidatorFactoryBean$1
15:50:21.022 [Test worker] DEBUG org.hibernate.validator.internal.xml.config.ValidationXmlParser - Trying to load META-INF/validation.xml for XML based Validator configuration.
15:50:21.023 [Test worker] DEBUG org.hibernate.validator.internal.xml.config.ResourceLoaderHelper - Trying to load META-INF/validation.xml via TCCL
15:50:21.023 [Test worker] DEBUG org.hibernate.validator.internal.xml.config.ResourceLoaderHelper - Trying to load META-INF/validation.xml via Hibernate Validator's class loader
15:50:21.023 [Test worker] DEBUG org.hibernate.validator.internal.xml.config.ValidationXmlParser - No META-INF/validation.xml found. Using annotation based configuration only.
15:50:21.025 [Test worker] DEBUG org.hibernate.validator.internal.engine.resolver.TraversableResolvers - Cannot find javax.persistence.Persistence on classpath. Assuming non JPA 2 environment. All properties will per default be traversable.
15:50:21.027 [Test worker] DEBUG org.hibernate.validator.internal.engine.ValidatorFactoryConfigurationHelper - HV000252: Using org.hibernate.validator.internal.engine.DefaultPropertyNodeNameProvider as property node name provider.
15:50:21.029 [Test worker] DEBUG org.hibernate.validator.internal.engine.ValidatorFactoryConfigurationHelper - HV000234: Using org.springframework.validation.beanvalidation.LocaleContextMessageInterpolator as ValidatorFactory-scoped message interpolator.
15:50:21.029 [Test worker] DEBUG org.hibernate.validator.internal.engine.ValidatorFactoryConfigurationHelper - HV000234: Using org.hibernate.validator.internal.engine.resolver.TraverseAllTraversableResolver as ValidatorFactory-scoped traversable resolver.
15:50:21.029 [Test worker] DEBUG org.hibernate.validator.internal.engine.ValidatorFactoryConfigurationHelper - HV000234: Using org.hibernate.validator.internal.util.ExecutableParameterNameProvider as ValidatorFactory-scoped parameter name provider.
15:50:21.029 [Test worker] DEBUG org.hibernate.validator.internal.engine.ValidatorFactoryConfigurationHelper - HV000234: Using org.hibernate.validator.internal.engine.DefaultClockProvider as ValidatorFactory-scoped clock provider.
15:50:21.030 [Test worker] DEBUG org.hibernate.validator.internal.engine.ValidatorFactoryConfigurationHelper - HV000234: Using org.hibernate.validator.internal.engine.scripting.DefaultScriptEvaluatorFactory as ValidatorFactory-scoped script evaluator factory.
15:50:21.034 [Test worker] DEBUG _org.springframework.web.servlet.HandlerMapping.Mappings - 
	g.s.c.r.IndexReactiveController:
	{ [ || / || /index]}: getIndexPage(Model)
15:50:21.035 [Test worker] DEBUG org.springframework.web.servlet.mvc.method.annotation.RequestMappingHandlerMapping - 1 mappings in org.springframework.web.servlet.mvc.method.annotation.RequestMappingHandlerMapping
15:50:21.043 [Test worker] DEBUG org.springframework.web.servlet.mvc.method.annotation.RequestMappingHandlerAdapter - ControllerAdvice beans: 0 @ModelAttribute, 0 @InitBinder, 1 RequestBodyAdvice, 1 ResponseBodyAdvice
15:50:21.048 [Test worker] DEBUG org.springframework.web.servlet.mvc.method.annotation.ExceptionHandlerExceptionResolver - ControllerAdvice beans: 0 @ExceptionHandler, 1 ResponseBodyAdvice
15:50:21.049 [Test worker] INFO org.springframework.mock.web.MockServletContext - Initializing Spring TestDispatcherServlet ''
15:50:21.049 [Test worker] INFO org.springframework.test.web.servlet.TestDispatcherServlet - Initializing Servlet ''
15:50:21.049 [Test worker] DEBUG org.springframework.test.web.servlet.TestDispatcherServlet - Detected AcceptHeaderLocaleResolver
15:50:21.049 [Test worker] DEBUG org.springframework.test.web.servlet.TestDispatcherServlet - Detected FixedThemeResolver
15:50:21.050 [Test worker] DEBUG org.springframework.test.web.servlet.TestDispatcherServlet - Detected org.springframework.web.servlet.view.DefaultRequestToViewNameTranslator@b7895f1
15:50:21.050 [Test worker] DEBUG org.springframework.test.web.servlet.TestDispatcherServlet - Detected org.springframework.web.servlet.support.SessionFlashMapManager@4942dff6
15:50:21.050 [Test worker] DEBUG org.springframework.test.web.servlet.TestDispatcherServlet - enableLoggingRequestDetails='false': request parameters and headers will be masked to prevent unsafe logging of potentially sensitive data
15:50:21.050 [Test worker] INFO org.springframework.test.web.servlet.TestDispatcherServlet - Completed initialization in 1 ms
15:50:21.051 [Test worker] DEBUG org.springframework.test.web.servlet.TestDispatcherServlet - GET "/", parameters={}
15:50:21.051 [Test worker] DEBUG org.springframework.web.servlet.mvc.method.annotation.RequestMappingHandlerMapping - Mapped to guru.springframework.controllers.reactive.IndexReactiveController#getIndexPage(Model)
15:50:21.052 [Test worker] DEBUG guru.springframework.controllers.reactive.IndexReactiveController - Getting Index page
15:50:21.053 [Test worker] DEBUG org.springframework.web.servlet.view.InternalResourceView - View [InternalResourceView], model {recipes=[guru.springframework.domain.Recipe@ba88f3f, guru.springframework.domain.Recipe@7e432a86]}
15:50:21.053 [Test worker] DEBUG org.springframework.web.servlet.view.InternalResourceView - Forwarding to [index]
15:50:21.053 [Test worker] DEBUG org.springframework.mock.web.MockRequestDispatcher - MockRequestDispatcher: forwarding to [index]
15:50:21.054 [Test worker] DEBUG org.springframework.test.web.servlet.TestDispatcherServlet - Completed 200 OK
]]></system-out>
  <system-err><![CDATA[]]></system-err>
</testsuite>
