<?xml version="1.0" encoding="UTF-8"?>
<testsuite name="guru.springframework.services.reactive.IngredientReactiveServiceImplTest" tests="4" skipped="0" failures="0" errors="0" timestamp="2021-11-15T23:22:12" hostname="AMCEINF19" time="0.049">
  <properties/>
  <testcase name="findByRecipeIdAndReceipeIdHappyPath()" classname="guru.springframework.services.reactive.IngredientReactiveServiceImplTest" time="0.035"/>
  <testcase name="findByRecipeIdAndId()" classname="guru.springframework.services.reactive.IngredientReactiveServiceImplTest" time="0.001"/>
  <testcase name="testDeleteById()" classname="guru.springframework.services.reactive.IngredientReactiveServiceImplTest" time="0.008"/>
  <testcase name="testSaveRecipeCommand()" classname="guru.springframework.services.reactive.IngredientReactiveServiceImplTest" time="0.004"/>
  <system-out><![CDATA[2021-11-15 20:22:12.211 DEBUG 74250 --- [    Test worker] g.s.s.r.IngredientReactiveServiceImpl    : Deleting ingredient: 1:3
2021-11-15 20:22:12.212 DEBUG 74250 --- [    Test worker] g.s.s.r.IngredientReactiveServiceImpl    : found recipe
2021-11-15 20:22:12.212 DEBUG 74250 --- [    Test worker] g.s.s.r.IngredientReactiveServiceImpl    : found Ingredient
]]></system-out>
  <system-err><![CDATA[]]></system-err>
</testsuite>
