<?xml version="1.0" encoding="UTF-8"?>
<testsuite name="guru.springframework.Spring5RecipeAppApplicationTests" tests="1" skipped="0" failures="0" errors="0" timestamp="2021-11-04T02:24:08" hostname="AMCEINF19" time="0.033">
  <properties/>
  <testcase name="contextLoads()" classname="guru.springframework.Spring5RecipeAppApplicationTests" time="0.033"/>
  <system-out><![CDATA[2021-11-03 23:24:08.242  INFO 45934 --- [    Test worker] .b.t.c.SpringBootTestContextBootstrapper : Neither @ContextConfiguration nor @ContextHierarchy found for test class [guru.springframework.Spring5RecipeAppApplicationTests], using SpringBootContextLoader
2021-11-03 23:24:08.257  INFO 45934 --- [    Test worker] o.s.t.c.support.AbstractContextLoader    : Could not detect default resource locations for test class [guru.springframework.Spring5RecipeAppApplicationTests]: no resource found for suffixes {-context.xml, Context.groovy}.
2021-11-03 23:24:08.261  INFO 45934 --- [    Test worker] t.c.s.AnnotationConfigContextLoaderUtils : Could not detect default configuration classes for test class [guru.springframework.Spring5RecipeAppApplicationTests]: Spring5RecipeAppApplicationTests does not declare any static, non-private, non-final, nested classes annotated with @Configuration.
2021-11-03 23:24:08.267  INFO 45934 --- [    Test worker] .b.t.c.SpringBootTestContextBootstrapper : Found @SpringBootConfiguration guru.springframework.Spring5MongoRecipeAppApplication for test class guru.springframework.Spring5RecipeAppApplicationTests
2021-11-03 23:24:08.290  INFO 45934 --- [    Test worker] .b.t.c.SpringBootTestContextBootstrapper : Loaded default TestExecutionListener class names from location [META-INF/spring.factories]: [org.springframework.boot.test.autoconfigure.restdocs.RestDocsTestExecutionListener, org.springframework.boot.test.autoconfigure.web.client.MockRestServiceServerResetTestExecutionListener, org.springframework.boot.test.autoconfigure.web.servlet.MockMvcPrintOnlyOnFailureTestExecutionListener, org.springframework.boot.test.autoconfigure.web.servlet.WebDriverTestExecutionListener, org.springframework.boot.test.autoconfigure.webservices.client.MockWebServiceServerTestExecutionListener, org.springframework.boot.test.mock.mockito.MockitoTestExecutionListener, org.springframework.boot.test.mock.mockito.ResetMocksTestExecutionListener, org.springframework.test.context.web.ServletTestExecutionListener, org.springframework.test.context.support.DirtiesContextBeforeModesTestExecutionListener, org.springframework.test.context.event.ApplicationEventsTestExecutionListener, org.springframework.test.context.support.DependencyInjectionTestExecutionListener, org.springframework.test.context.support.DirtiesContextTestExecutionListener, org.springframework.test.context.transaction.TransactionalTestExecutionListener, org.springframework.test.context.jdbc.SqlScriptsTestExecutionListener, org.springframework.test.context.event.EventPublishingTestExecutionListener]
2021-11-03 23:24:08.294  INFO 45934 --- [    Test worker] .b.t.c.SpringBootTestContextBootstrapper : Using TestExecutionListeners: [org.springframework.test.context.support.DirtiesContextBeforeModesTestExecutionListener@50c34701, org.springframework.test.context.event.ApplicationEventsTestExecutionListener@2002dbe5, org.springframework.boot.test.mock.mockito.MockitoTestExecutionListener@21432ce6, org.springframework.boot.test.autoconfigure.SpringBootDependencyInjectionTestExecutionListener@10332753, org.springframework.test.context.support.DirtiesContextTestExecutionListener@5a02911b, org.springframework.test.context.transaction.TransactionalTestExecutionListener@6ce9a44d, org.springframework.test.context.jdbc.SqlScriptsTestExecutionListener@5475812a, org.springframework.test.context.event.EventPublishingTestExecutionListener@5df53d48, org.springframework.boot.test.autoconfigure.restdocs.RestDocsTestExecutionListener@13b1e5a4, org.springframework.boot.test.autoconfigure.web.client.MockRestServiceServerResetTestExecutionListener@32dbe053, org.springframework.boot.test.autoconfigure.web.servlet.MockMvcPrintOnlyOnFailureTestExecutionListener@4a5f5bf3, org.springframework.boot.test.autoconfigure.web.servlet.WebDriverTestExecutionListener@3e34308d, org.springframework.boot.test.autoconfigure.webservices.client.MockWebServiceServerTestExecutionListener@22346e2a, org.springframework.boot.test.mock.mockito.ResetMocksTestExecutionListener@4f80db47]
]]></system-out>
  <system-err><![CDATA[]]></system-err>
</testsuite>
