<?xml version="1.0" encoding="UTF-8"?>
<testsuite name="guru.springframework.repositories.reactive.CategoryReactiveRepositoryIT" tests="1" skipped="0" failures="0" errors="0" timestamp="2021-11-04T01:46:23" hostname="AMCEINF19" time="0.037">
  <properties/>
  <testcase name="findByDescription()" classname="guru.springframework.repositories.reactive.CategoryReactiveRepositoryIT" time="0.037"/>
  <system-out><![CDATA[2021-11-03 22:46:23.437  INFO 43725 --- [    Test worker] .b.t.c.SpringBootTestContextBootstrapper : Neither @ContextConfiguration nor @ContextHierarchy found for test class [guru.springframework.repositories.reactive.CategoryReactiveRepositoryIT], using SpringBootContextLoader
2021-11-03 22:46:23.437  INFO 43725 --- [    Test worker] o.s.t.c.support.AbstractContextLoader    : Could not detect default resource locations for test class [guru.springframework.repositories.reactive.CategoryReactiveRepositoryIT]: no resource found for suffixes {-context.xml, Context.groovy}.
2021-11-03 22:46:23.437  INFO 43725 --- [    Test worker] t.c.s.AnnotationConfigContextLoaderUtils : Could not detect default configuration classes for test class [guru.springframework.repositories.reactive.CategoryReactiveRepositoryIT]: CategoryReactiveRepositoryIT does not declare any static, non-private, non-final, nested classes annotated with @Configuration.
2021-11-03 22:46:23.439  INFO 43725 --- [    Test worker] .b.t.c.SpringBootTestContextBootstrapper : Found @SpringBootConfiguration guru.springframework.Spring5MongoRecipeAppApplication for test class guru.springframework.repositories.reactive.CategoryReactiveRepositoryIT
2021-11-03 22:46:23.441  INFO 43725 --- [    Test worker] .b.t.c.SpringBootTestContextBootstrapper : Loaded default TestExecutionListener class names from location [META-INF/spring.factories]: [org.springframework.boot.test.autoconfigure.restdocs.RestDocsTestExecutionListener, org.springframework.boot.test.autoconfigure.web.client.MockRestServiceServerResetTestExecutionListener, org.springframework.boot.test.autoconfigure.web.servlet.MockMvcPrintOnlyOnFailureTestExecutionListener, org.springframework.boot.test.autoconfigure.web.servlet.WebDriverTestExecutionListener, org.springframework.boot.test.autoconfigure.webservices.client.MockWebServiceServerTestExecutionListener, org.springframework.boot.test.mock.mockito.MockitoTestExecutionListener, org.springframework.boot.test.mock.mockito.ResetMocksTestExecutionListener, org.springframework.test.context.web.ServletTestExecutionListener, org.springframework.test.context.support.DirtiesContextBeforeModesTestExecutionListener, org.springframework.test.context.event.ApplicationEventsTestExecutionListener, org.springframework.test.context.support.DependencyInjectionTestExecutionListener, org.springframework.test.context.support.DirtiesContextTestExecutionListener, org.springframework.test.context.transaction.TransactionalTestExecutionListener, org.springframework.test.context.jdbc.SqlScriptsTestExecutionListener, org.springframework.test.context.event.EventPublishingTestExecutionListener]
2021-11-03 22:46:23.442  INFO 43725 --- [    Test worker] .b.t.c.SpringBootTestContextBootstrapper : Using TestExecutionListeners: [org.springframework.test.context.support.DirtiesContextBeforeModesTestExecutionListener@7435d431, org.springframework.test.context.event.ApplicationEventsTestExecutionListener@3f6bde39, org.springframework.boot.test.mock.mockito.MockitoTestExecutionListener@3eabd836, org.springframework.boot.test.autoconfigure.SpringBootDependencyInjectionTestExecutionListener@70c771a, org.springframework.test.context.support.DirtiesContextTestExecutionListener@5dc2af96, org.springframework.test.context.transaction.TransactionalTestExecutionListener@3c393801, org.springframework.test.context.jdbc.SqlScriptsTestExecutionListener@5c332dd8, org.springframework.test.context.event.EventPublishingTestExecutionListener@386325e3, org.springframework.boot.test.autoconfigure.restdocs.RestDocsTestExecutionListener@70158366, org.springframework.boot.test.autoconfigure.web.client.MockRestServiceServerResetTestExecutionListener@5995455, org.springframework.boot.test.autoconfigure.web.servlet.MockMvcPrintOnlyOnFailureTestExecutionListener@4081f4d3, org.springframework.boot.test.autoconfigure.web.servlet.WebDriverTestExecutionListener@61ec9d1d, org.springframework.boot.test.autoconfigure.webservices.client.MockWebServiceServerTestExecutionListener@3dbe3cf5, org.springframework.boot.test.mock.mockito.ResetMocksTestExecutionListener@72caeceb]
2021-11-03 22:46:23.455 DEBUG 43725 --- [    Test worker] g.s.bootstrap.RecipeReactiveBootstrap    : Loading Bootstrap Data
2021-11-03 22:46:23.463  INFO 43725 --- [    Test worker] g.s.bootstrap.RecipeReactiveBootstrap    : Categories: 4
2021-11-03 22:46:23.466  INFO 43725 --- [    Test worker] g.s.bootstrap.RecipeReactiveBootstrap    : Recipes: 2
2021-11-03 22:46:23.474  INFO 43725 --- [    Test worker] g.s.bootstrap.RecipeReactiveBootstrap    : Units of Measure: 8
]]></system-out>
  <system-err><![CDATA[]]></system-err>
</testsuite>
