<?xml version="1.0" encoding="UTF-8"?>
<testsuite name="guru.springframework.Spring5RecipeAppApplicationTests" tests="1" skipped="0" failures="0" errors="0" timestamp="2021-07-29T18:50:49" hostname="aspire5" time="0.006">
  <properties/>
  <testcase name="contextLoads()" classname="guru.springframework.Spring5RecipeAppApplicationTests" time="0.006"/>
  <system-out><![CDATA[2021-07-29 15:50:49.422  INFO 19425 --- [    Test worker] .b.t.c.SpringBootTestContextBootstrapper : Neither @ContextConfiguration nor @ContextHierarchy found for test class [guru.springframework.Spring5RecipeAppApplicationTests], using SpringBootContextLoader
2021-07-29 15:50:49.425  INFO 19425 --- [    Test worker] o.s.t.c.support.AbstractContextLoader    : Could not detect default resource locations for test class [guru.springframework.Spring5RecipeAppApplicationTests]: no resource found for suffixes {-context.xml, Context.groovy}.
2021-07-29 15:50:49.425  INFO 19425 --- [    Test worker] t.c.s.AnnotationConfigContextLoaderUtils : Could not detect default configuration classes for test class [guru.springframework.Spring5RecipeAppApplicationTests]: Spring5RecipeAppApplicationTests does not declare any static, non-private, non-final, nested classes annotated with @Configuration.
2021-07-29 15:50:49.430  INFO 19425 --- [    Test worker] .b.t.c.SpringBootTestContextBootstrapper : Found @SpringBootConfiguration guru.springframework.Spring5MongoRecipeAppApplication for test class guru.springframework.Spring5RecipeAppApplicationTests
2021-07-29 15:50:49.432  INFO 19425 --- [    Test worker] .b.t.c.SpringBootTestContextBootstrapper : Loaded default TestExecutionListener class names from location [META-INF/spring.factories]: [org.springframework.boot.test.autoconfigure.restdocs.RestDocsTestExecutionListener, org.springframework.boot.test.autoconfigure.web.client.MockRestServiceServerResetTestExecutionListener, org.springframework.boot.test.autoconfigure.web.servlet.MockMvcPrintOnlyOnFailureTestExecutionListener, org.springframework.boot.test.autoconfigure.web.servlet.WebDriverTestExecutionListener, org.springframework.boot.test.autoconfigure.webservices.client.MockWebServiceServerTestExecutionListener, org.springframework.boot.test.mock.mockito.MockitoTestExecutionListener, org.springframework.boot.test.mock.mockito.ResetMocksTestExecutionListener, org.springframework.test.context.web.ServletTestExecutionListener, org.springframework.test.context.support.DirtiesContextBeforeModesTestExecutionListener, org.springframework.test.context.event.ApplicationEventsTestExecutionListener, org.springframework.test.context.support.DependencyInjectionTestExecutionListener, org.springframework.test.context.support.DirtiesContextTestExecutionListener, org.springframework.test.context.transaction.TransactionalTestExecutionListener, org.springframework.test.context.jdbc.SqlScriptsTestExecutionListener, org.springframework.test.context.event.EventPublishingTestExecutionListener]
2021-07-29 15:50:49.432  INFO 19425 --- [    Test worker] .b.t.c.SpringBootTestContextBootstrapper : Using TestExecutionListeners: [org.springframework.test.context.web.ServletTestExecutionListener@707c77ec, org.springframework.test.context.support.DirtiesContextBeforeModesTestExecutionListener@3c1d6b5a, org.springframework.test.context.event.ApplicationEventsTestExecutionListener@729cf8d, org.springframework.boot.test.mock.mockito.MockitoTestExecutionListener@7952aca6, org.springframework.boot.test.autoconfigure.SpringBootDependencyInjectionTestExecutionListener@6a826777, org.springframework.test.context.support.DirtiesContextTestExecutionListener@3d9286c6, org.springframework.test.context.transaction.TransactionalTestExecutionListener@740e635e, org.springframework.test.context.jdbc.SqlScriptsTestExecutionListener@1855c6e5, org.springframework.test.context.event.EventPublishingTestExecutionListener@6115a347, org.springframework.boot.test.autoconfigure.restdocs.RestDocsTestExecutionListener@4898ad15, org.springframework.boot.test.autoconfigure.web.client.MockRestServiceServerResetTestExecutionListener@4f8b33cb, org.springframework.boot.test.autoconfigure.web.servlet.MockMvcPrintOnlyOnFailureTestExecutionListener@795fa631, org.springframework.boot.test.autoconfigure.web.servlet.WebDriverTestExecutionListener@351c3dc6, org.springframework.boot.test.autoconfigure.webservices.client.MockWebServiceServerTestExecutionListener@38e1ce75, org.springframework.boot.test.mock.mockito.ResetMocksTestExecutionListener@2e62b7c9]
]]></system-out>
  <system-err><![CDATA[]]></system-err>
</testsuite>
