<?xml version="1.0" encoding="UTF-8"?>
<testsuite name="guru.springframework.repositories.reactive.CategoryReactiveRepositoryIT" tests="1" skipped="0" failures="0" errors="0" timestamp="2021-11-15T23:22:10" hostname="AMCEINF19" time="0.032">
  <properties/>
  <testcase name="findByDescription()" classname="guru.springframework.repositories.reactive.CategoryReactiveRepositoryIT" time="0.032"/>
  <system-out><![CDATA[2021-11-15 20:22:10.201  INFO 74250 --- [    Test worker] .b.t.c.SpringBootTestContextBootstrapper : Neither @ContextConfiguration nor @ContextHierarchy found for test class [guru.springframework.repositories.reactive.CategoryReactiveRepositoryIT], using SpringBootContextLoader
2021-11-15 20:22:10.202  INFO 74250 --- [    Test worker] o.s.t.c.support.AbstractContextLoader    : Could not detect default resource locations for test class [guru.springframework.repositories.reactive.CategoryReactiveRepositoryIT]: no resource found for suffixes {-context.xml, Context.groovy}.
2021-11-15 20:22:10.203  INFO 74250 --- [    Test worker] t.c.s.AnnotationConfigContextLoaderUtils : Could not detect default configuration classes for test class [guru.springframework.repositories.reactive.CategoryReactiveRepositoryIT]: CategoryReactiveRepositoryIT does not declare any static, non-private, non-final, nested classes annotated with @Configuration.
2021-11-15 20:22:10.210  INFO 74250 --- [    Test worker] .b.t.c.SpringBootTestContextBootstrapper : Found @SpringBootConfiguration guru.springframework.Spring5MongoRecipeAppApplication for test class guru.springframework.repositories.reactive.CategoryReactiveRepositoryIT
2021-11-15 20:22:10.212  INFO 74250 --- [    Test worker] .b.t.c.SpringBootTestContextBootstrapper : Loaded default TestExecutionListener class names from location [META-INF/spring.factories]: [org.springframework.boot.test.autoconfigure.restdocs.RestDocsTestExecutionListener, org.springframework.boot.test.autoconfigure.web.client.MockRestServiceServerResetTestExecutionListener, org.springframework.boot.test.autoconfigure.web.servlet.MockMvcPrintOnlyOnFailureTestExecutionListener, org.springframework.boot.test.autoconfigure.web.servlet.WebDriverTestExecutionListener, org.springframework.boot.test.autoconfigure.webservices.client.MockWebServiceServerTestExecutionListener, org.springframework.boot.test.mock.mockito.MockitoTestExecutionListener, org.springframework.boot.test.mock.mockito.ResetMocksTestExecutionListener, org.springframework.test.context.web.ServletTestExecutionListener, org.springframework.test.context.support.DirtiesContextBeforeModesTestExecutionListener, org.springframework.test.context.event.ApplicationEventsTestExecutionListener, org.springframework.test.context.support.DependencyInjectionTestExecutionListener, org.springframework.test.context.support.DirtiesContextTestExecutionListener, org.springframework.test.context.transaction.TransactionalTestExecutionListener, org.springframework.test.context.jdbc.SqlScriptsTestExecutionListener, org.springframework.test.context.event.EventPublishingTestExecutionListener]
2021-11-15 20:22:10.214  INFO 74250 --- [    Test worker] .b.t.c.SpringBootTestContextBootstrapper : Using TestExecutionListeners: [org.springframework.test.context.web.ServletTestExecutionListener@5f07c91f, org.springframework.test.context.support.DirtiesContextBeforeModesTestExecutionListener@4dc8b7d7, org.springframework.test.context.event.ApplicationEventsTestExecutionListener@4859e3a1, org.springframework.boot.test.mock.mockito.MockitoTestExecutionListener@10466d56, org.springframework.boot.test.autoconfigure.SpringBootDependencyInjectionTestExecutionListener@71e81170, org.springframework.test.context.support.DirtiesContextTestExecutionListener@79167695, org.springframework.test.context.transaction.TransactionalTestExecutionListener@7e55d6fd, org.springframework.test.context.jdbc.SqlScriptsTestExecutionListener@5d5a28bc, org.springframework.test.context.event.EventPublishingTestExecutionListener@6c88d1f6, org.springframework.boot.test.autoconfigure.restdocs.RestDocsTestExecutionListener@26e0b02c, org.springframework.boot.test.autoconfigure.web.client.MockRestServiceServerResetTestExecutionListener@76d26833, org.springframework.boot.test.autoconfigure.web.servlet.MockMvcPrintOnlyOnFailureTestExecutionListener@7a41a19d, org.springframework.boot.test.autoconfigure.web.servlet.WebDriverTestExecutionListener@50ecc842, org.springframework.boot.test.autoconfigure.webservices.client.MockWebServiceServerTestExecutionListener@73ae63a3, org.springframework.boot.test.mock.mockito.ResetMocksTestExecutionListener@16581e15]
2021-11-15 20:22:10.230 DEBUG 74250 --- [    Test worker] g.s.bootstrap.RecipeReactiveBootstrap    : Loading Bootstrap Data
2021-11-15 20:22:10.233  INFO 74250 --- [    Test worker] g.s.bootstrap.RecipeReactiveBootstrap    : Categories: 4
2021-11-15 20:22:10.235  INFO 74250 --- [    Test worker] g.s.bootstrap.RecipeReactiveBootstrap    : Recipes: 2
2021-11-15 20:22:10.237  INFO 74250 --- [    Test worker] g.s.bootstrap.RecipeReactiveBootstrap    : Units of Measure: 8
]]></system-out>
  <system-err><![CDATA[]]></system-err>
</testsuite>
