<?xml version="1.0" encoding="UTF-8"?>
<testsuite name="guru.springframework.services.UnitOfMeasureServiceImplTest" tests="1" skipped="0" failures="0" errors="0" timestamp="2021-07-29T18:50:49" hostname="aspire5" time="0.002">
  <properties/>
  <testcase name="listAllUoms()" classname="guru.springframework.services.UnitOfMeasureServiceImplTest" time="0.002"/>
  <system-out><![CDATA[]]></system-out>
  <system-err><![CDATA[]]></system-err>
</testsuite>
